#
# There is insufficient memory for the Java Runtime Environment to continue.
# Native memory allocation (mmap) failed to map 53477376 bytes for G1 virtual space
# Possible reasons:
#   The system is out of physical RAM or swap space
#   The process is running with CompressedOops enabled, and the Java Heap may be blocking the growth of the native heap
# Possible solutions:
#   Reduce memory load on the system
#   Increase physical memory or swap space
#   Check if swap backing store is full
#   Decrease Java heap size (-Xmx/-Xms)
#   Decrease number of Java threads
#   Decrease Java thread stack sizes (-Xss)
#   Set larger code cache with -XX:ReservedCodeCacheSize=
#   JVM is running with Unscaled Compressed Oops mode in which the Java heap is
#     placed in the first 4GB address space. The Java Heap base address is the
#     maximum limit for the native heap growth. Please use -XX:HeapBaseMinAddress
#     to set the Java Heap base and to place the Java Heap above 4GB virtual address.
# This output file may be truncated or incomplete.
#
#  Out of Memory Error (os_windows.cpp:3769), pid=8384, tid=11368
#
# JRE version: OpenJDK Runtime Environment (17.0.6) (build 17.0.6+0-b2043.56-10027231)
# Java VM: OpenJDK 64-Bit Server VM (17.0.6+0-b2043.56-10027231, mixed mode, tiered, compressed oops, compressed class ptrs, g1 gc, windows-amd64)
# No core dump will be written. Minidumps are not enabled by default on client versions of Windows
#

---------------  S U M M A R Y ------------

Command Line: --add-opens=java.base/java.util=ALL-UNNAMED --add-opens=java.base/java.lang=ALL-UNNAMED --add-opens=java.base/java.lang.invoke=ALL-UNNAMED --add-opens=java.prefs/java.util.prefs=ALL-UNNAMED --add-opens=java.base/java.nio.charset=ALL-UNNAMED --add-opens=java.base/java.net=ALL-UNNAMED --add-opens=java.base/java.util.concurrent.atomic=ALL-UNNAMED -Xmx2048m -Dfile.encoding=UTF-8 -Duser.country=AR -Duser.language=es -Duser.variant org.gradle.launcher.daemon.bootstrap.GradleDaemon 8.0

Host: AMD Ryzen 5 3400G with Radeon Vega Graphics    , 8 cores, 13G,  Windows 10 , 64 bit Build 19041 (10.0.19041.3570)
Time: Tue Oct 31 18:36:16 2023 Hora estándar de Argentina elapsed time: 13.978096 seconds (0d 0h 0m 13s)

---------------  T H R E A D  ---------------

Current thread (0x000001ef58eb3720):  VMThread "VM Thread" [stack: 0x000000ccc4d00000,0x000000ccc4e00000] [id=11368]

Stack: [0x000000ccc4d00000,0x000000ccc4e00000]
Native frames: (J=compiled Java code, j=interpreted, Vv=VM code, C=native code)
V  [jvm.dll+0x683c9a]
V  [jvm.dll+0x8427a4]
V  [jvm.dll+0x843f9e]
V  [jvm.dll+0x844603]
V  [jvm.dll+0x249b75]
V  [jvm.dll+0x680b69]
V  [jvm.dll+0x67505a]
V  [jvm.dll+0x309acb]
V  [jvm.dll+0x310f86]
V  [jvm.dll+0x3608ee]
V  [jvm.dll+0x360b1f]
V  [jvm.dll+0x2dfbf8]
V  [jvm.dll+0x2e2ce6]
V  [jvm.dll+0x2ed478]
V  [jvm.dll+0x322150]
V  [jvm.dll+0x848ccb]
V  [jvm.dll+0x849a04]
V  [jvm.dll+0x849f1d]
V  [jvm.dll+0x84a2f4]
V  [jvm.dll+0x84a3c0]
V  [jvm.dll+0x7f274a]
V  [jvm.dll+0x682ad5]
C  [ucrtbase.dll+0x21bb2]
C  [KERNEL32.DLL+0x17344]
C  [ntdll.dll+0x526b1]

VM_Operation (0x000000ccc49ff7c0): G1Concurrent, mode: safepoint, requested by thread 0x000001ef3f097fe0


---------------  P R O C E S S  ---------------

Threads class SMR info:
_java_thread_list=0x000001ef5a740070, length=137, elements={
0x000001ef3f02a960, 0x000001ef5983d150, 0x000001ef58eb4770, 0x000001ef5985c290,
0x000001ef5985eb60, 0x000001ef5985f420, 0x000001ef59860480, 0x000001ef598623c0,
0x000001ef5986a640, 0x000001ef5986b2f0, 0x000001ef599e2770, 0x000001ef599e5060,
0x000001ef5b2c0880, 0x000001ef5b2bf540, 0x000001ef5b2c16f0, 0x000001ef5b2be6d0,
0x000001ef5b2bfa10, 0x000001ef5b2c1bc0, 0x000001ef5b2beba0, 0x000001ef5b2be200,
0x000001ef5b2c0d50, 0x000001ef5b2bf070, 0x000001ef5b2bfee0, 0x000001ef5b2c03b0,
0x000001ef5b2c1220, 0x000001ef5d07df10, 0x000001ef5d07a080, 0x000001ef5d0783a0,
0x000001ef5d07aa20, 0x000001ef5d0796e0, 0x000001ef5d07a550, 0x000001ef5d077a00,
0x000001ef5d078870, 0x000001ef5d07aef0, 0x000001ef5d07d570, 0x000001ef5d077060,
0x000001ef5d079210, 0x000001ef5d07b890, 0x000001ef5d078d40, 0x000001ef5d077530,
0x000001ef5d07da40, 0x000001ef5d07b3c0, 0x000001ef5d07e8b0, 0x000001ef5d077ed0,
0x000001ef5d07bd60, 0x000001ef5d07c230, 0x000001ef5d07cbd0, 0x000001ef5d07d0a0,
0x000001ef5f32d790, 0x000001ef5f32cdf0, 0x000001ef5f32f470, 0x000001ef5f330c80,
0x000001ef5f32ead0, 0x000001ef5f32bf80, 0x000001ef5f32bab0, 0x000001ef5f32a2a0,
0x000001ef5f32c450, 0x000001ef5f329dd0, 0x000001ef5f331150, 0x000001ef5f32c920,
0x000001ef5f32b110, 0x000001ef5f32d2c0, 0x000001ef5f32efa0, 0x000001ef5f32dc60,
0x000001ef5f32f940, 0x000001ef5f32fe10, 0x000001ef5f32e130, 0x000001ef5f32e600,
0x000001ef5f3302e0, 0x000001ef5f3307b0, 0x000001ef5f329900, 0x000001ef5f32b5e0,
0x000001ef5f32a770, 0x000001ef5f32ac40, 0x000001ef5aa97a60, 0x000001ef5aa9c290,
0x000001ef5aa96250, 0x000001ef5aa9af50, 0x000001ef5aa953e0, 0x000001ef5aa94f10,
0x000001ef5aa958b0, 0x000001ef5aa9b8f0, 0x000001ef5aa99270, 0x000001ef5aa95d80,
0x000001ef5aa9b420, 0x000001ef5aa9bdc0, 0x000001ef5aa94a40, 0x000001ef5aa9a5b0,
0x000001ef5aa96720, 0x000001ef5aa988d0, 0x000001ef5aa98da0, 0x000001ef5aa99c10,
0x000001ef5aa96bf0, 0x000001ef5aa970c0, 0x000001ef5aa97590, 0x000001ef5aa97f30,
0x000001ef5aa98400, 0x000001ef5aa99740, 0x000001ef5aa9a0e0, 0x000001ef5aa9aa80,
0x000001ef5db2d080, 0x000001ef5db300a0, 0x000001ef5db2e3c0, 0x000001ef5db32720,
0x000001ef5db2d550, 0x000001ef5db318b0, 0x000001ef5db2e890, 0x000001ef5db31d80,
0x000001ef5db2da20, 0x000001ef5db30a40, 0x000001ef5db33a60, 0x000001ef5db2fbd0,
0x000001ef5db32250, 0x000001ef5db2def0, 0x000001ef5db30570, 0x000001ef5db30f10,
0x000001ef5db32bf0, 0x000001ef5db34400, 0x000001ef5db2ed60, 0x000001ef5db2f700,
0x000001ef5db2f230, 0x000001ef5db313e0, 0x000001ef5db330c0, 0x000001ef5db33f30,
0x000001ef5c958390, 0x000001ef602bdcf0, 0x000001ef602be200, 0x000001ef5c95a540,
0x000001ef5c957ec0, 0x000001ef5c95a070, 0x000001ef5c958d30, 0x000001ef5c95b3b0,
0x000001ef5c959200, 0x000001ef5c959ba0, 0x000001ef5c95aa10, 0x000001ef5c9566b0,
0x000001ef5c95aee0
}

Java Threads: ( => current thread )
  0x000001ef3f02a960 JavaThread "main" [_thread_blocked, id=2840, stack(0x000000ccc4700000,0x000000ccc4800000)]
  0x000001ef5983d150 JavaThread "Reference Handler" daemon [_thread_blocked, id=11988, stack(0x000000ccc4e00000,0x000000ccc4f00000)]
  0x000001ef58eb4770 JavaThread "Finalizer" daemon [_thread_blocked, id=10132, stack(0x000000ccc4f00000,0x000000ccc5000000)]
  0x000001ef5985c290 JavaThread "Signal Dispatcher" daemon [_thread_blocked, id=12664, stack(0x000000ccc5000000,0x000000ccc5100000)]
  0x000001ef5985eb60 JavaThread "Attach Listener" daemon [_thread_blocked, id=2092, stack(0x000000ccc5100000,0x000000ccc5200000)]
  0x000001ef5985f420 JavaThread "Service Thread" daemon [_thread_blocked, id=9232, stack(0x000000ccc5200000,0x000000ccc5300000)]
  0x000001ef59860480 JavaThread "Monitor Deflation Thread" daemon [_thread_blocked, id=6488, stack(0x000000ccc5300000,0x000000ccc5400000)]
  0x000001ef598623c0 JavaThread "C2 CompilerThread0" daemon [_thread_blocked, id=2768, stack(0x000000ccc5400000,0x000000ccc5500000)]
  0x000001ef5986a640 JavaThread "C1 CompilerThread0" daemon [_thread_blocked, id=8964, stack(0x000000ccc5500000,0x000000ccc5600000)]
  0x000001ef5986b2f0 JavaThread "Sweeper thread" daemon [_thread_blocked, id=7484, stack(0x000000ccc5600000,0x000000ccc5700000)]
  0x000001ef599e2770 JavaThread "Common-Cleaner" daemon [_thread_blocked, id=8548, stack(0x000000ccc5700000,0x000000ccc5800000)]
  0x000001ef599e5060 JavaThread "Notification Thread" daemon [_thread_blocked, id=7416, stack(0x000000ccc5800000,0x000000ccc5900000)]
  0x000001ef5b2c0880 JavaThread "Daemon health stats" [_thread_blocked, id=1288, stack(0x000000ccc6000000,0x000000ccc6100000)]
  0x000001ef5b2bf540 JavaThread "Incoming local TCP Connector on port 54125" [_thread_in_native, id=2004, stack(0x000000ccc6100000,0x000000ccc6200000)]
  0x000001ef5b2c16f0 JavaThread "Daemon periodic checks" [_thread_blocked, id=9396, stack(0x000000ccc6200000,0x000000ccc6300000)]
  0x000001ef5b2be6d0 JavaThread "Daemon" [_thread_blocked, id=11796, stack(0x000000ccc6300000,0x000000ccc6400000)]
  0x000001ef5b2bfa10 JavaThread "Handler for socket connection from /127.0.0.1:54125 to /127.0.0.1:54126" [_thread_in_native, id=5076, stack(0x000000ccc6400000,0x000000ccc6500000)]
  0x000001ef5b2c1bc0 JavaThread "Cancel handler" [_thread_blocked, id=2896, stack(0x000000ccc6500000,0x000000ccc6600000)]
  0x000001ef5b2beba0 JavaThread "Daemon worker" [_thread_blocked, id=3680, stack(0x000000ccc6600000,0x000000ccc6700000)]
  0x000001ef5b2be200 JavaThread "Asynchronous log dispatcher for DefaultDaemonConnection: socket connection from /127.0.0.1:54125 to /127.0.0.1:54126" [_thread_blocked, id=2964, stack(0x000000ccc6700000,0x000000ccc6800000)]
  0x000001ef5b2c0d50 JavaThread "Stdin handler" [_thread_blocked, id=7192, stack(0x000000ccc6800000,0x000000ccc6900000)]
  0x000001ef5b2bf070 JavaThread "Daemon client event forwarder" [_thread_blocked, id=9560, stack(0x000000ccc6900000,0x000000ccc6a00000)]
  0x000001ef5b2bfee0 JavaThread "Cache worker for journal cache (C:\Users\lukak\.gradle\caches\journal-1)" [_thread_blocked, id=12072, stack(0x000000ccc6e00000,0x000000ccc6f00000)]
  0x000001ef5b2c03b0 JavaThread "File lock request listener" [_thread_in_native, id=12544, stack(0x000000ccc6f00000,0x000000ccc7000000)]
  0x000001ef5b2c1220 JavaThread "Cache worker for file hash cache (C:\Users\lukak\.gradle\caches\8.0\fileHashes)" [_thread_blocked, id=5940, stack(0x000000ccc7000000,0x000000ccc7100000)]
  0x000001ef5d07df10 JavaThread "File watcher server" daemon [_thread_blocked, id=9160, stack(0x000000ccc7100000,0x000000ccc7200000)]
  0x000001ef5d07a080 JavaThread "File watcher consumer" daemon [_thread_blocked, id=6912, stack(0x000000ccc7200000,0x000000ccc7300000)]
  0x000001ef5d0783a0 JavaThread "Cache worker for checksums cache (C:\Users\lukak\OneDrive\Documentos\GitHub\DAP-TP-L.-Kim-A.-Bueno\TrabajoPrcticoDAPLogInRecyclerView\.gradle\8.0\checksums)" [_thread_blocked, id=8124, stack(0x000000ccc7300000,0x000000ccc7400000)]
  0x000001ef5d07aa20 JavaThread "Cache worker for cache directory md-rule (C:\Users\lukak\.gradle\caches\8.0\md-rule)" [_thread_blocked, id=10392, stack(0x000000ccc7400000,0x000000ccc7500000)]
  0x000001ef5d0796e0 JavaThread "Cache worker for file content cache (C:\Users\lukak\.gradle\caches\8.0\fileContent)" [_thread_blocked, id=7140, stack(0x000000ccc7500000,0x000000ccc7600000)]
  0x000001ef5d07a550 JavaThread "Cache worker for file hash cache (C:\Users\lukak\OneDrive\Documentos\GitHub\DAP-TP-L.-Kim-A.-Bueno\TrabajoPrcticoDAPLogInRecyclerView\.gradle\8.0\fileHashes)" [_thread_blocked, id=11312, stack(0x000000ccc7600000,0x000000ccc7700000)]
  0x000001ef5d077a00 JavaThread "Cache worker for cache directory md-supplier (C:\Users\lukak\.gradle\caches\8.0\md-supplier)" [_thread_blocked, id=7708, stack(0x000000ccc7700000,0x000000ccc7800000)]
  0x000001ef5d078870 JavaThread "Cache worker for execution history cache (C:\Users\lukak\.gradle\caches\8.0\executionHistory)" [_thread_blocked, id=4684, stack(0x000000ccc7800000,0x000000ccc7900000)]
  0x000001ef5d07aef0 JavaThread "jar transforms" [_thread_blocked, id=11656, stack(0x000000ccc7900000,0x000000ccc7a00000)]
  0x000001ef5d07d570 JavaThread "jar transforms Thread 2" [_thread_blocked, id=13212, stack(0x000000ccc7a00000,0x000000ccc7b00000)]
  0x000001ef5d077060 JavaThread "jar transforms Thread 3" [_thread_blocked, id=3632, stack(0x000000ccc7c00000,0x000000ccc7d00000)]
  0x000001ef5d079210 JavaThread "jar transforms Thread 4" [_thread_blocked, id=10920, stack(0x000000ccc7d00000,0x000000ccc7e00000)]
  0x000001ef5d07b890 JavaThread "Cache worker for dependencies-accessors (C:\Users\lukak\OneDrive\Documentos\GitHub\DAP-TP-L.-Kim-A.-Bueno\TrabajoPrcticoDAPLogInRecyclerView\.gradle\8.0\dependencies-accessors)" [_thread_blocked, id=11052, stack(0x000000ccc7e00000,0x000000ccc7f00000)]
  0x000001ef5d078d40 JavaThread "jar transforms Thread 5" [_thread_blocked, id=1740, stack(0x000000ccc7f00000,0x000000ccc8000000)]
  0x000001ef5d077530 JavaThread "Cache worker for Build Output Cleanup Cache (C:\Users\lukak\OneDrive\Documentos\GitHub\DAP-TP-L.-Kim-A.-Bueno\TrabajoPrcticoDAPLogInRecyclerView\.gradle\buildOutputCleanup)" [_thread_blocked, id=2668, stack(0x000000ccc8000000,0x000000ccc8100000)]
  0x000001ef5d07da40 JavaThread "Unconstrained build operations" [_thread_blocked, id=13168, stack(0x000000ccc8100000,0x000000ccc8200000)]
  0x000001ef5d07b3c0 JavaThread "Unconstrained build operations Thread 2" [_thread_blocked, id=4780, stack(0x000000ccc8200000,0x000000ccc8300000)]
  0x000001ef5d07e8b0 JavaThread "Unconstrained build operations Thread 3" [_thread_blocked, id=8512, stack(0x000000ccc8300000,0x000000ccc8400000)]
  0x000001ef5d077ed0 JavaThread "Unconstrained build operations Thread 4" [_thread_blocked, id=12512, stack(0x000000ccc8400000,0x000000ccc8500000)]
  0x000001ef5d07bd60 JavaThread "Unconstrained build operations Thread 5" [_thread_blocked, id=7572, stack(0x000000ccc8500000,0x000000ccc8600000)]
  0x000001ef5d07c230 JavaThread "Unconstrained build operations Thread 6" [_thread_blocked, id=10004, stack(0x000000ccc8600000,0x000000ccc8700000)]
  0x000001ef5d07cbd0 JavaThread "Unconstrained build operations Thread 7" [_thread_blocked, id=10928, stack(0x000000ccc8700000,0x000000ccc8800000)]
  0x000001ef5d07d0a0 JavaThread "Unconstrained build operations Thread 8" [_thread_blocked, id=7252, stack(0x000000ccc8800000,0x000000ccc8900000)]
  0x000001ef5f32d790 JavaThread "Unconstrained build operations Thread 9" [_thread_blocked, id=7620, stack(0x000000ccc8900000,0x000000ccc8a00000)]
  0x000001ef5f32cdf0 JavaThread "Unconstrained build operations Thread 10" [_thread_blocked, id=11876, stack(0x000000ccc8a00000,0x000000ccc8b00000)]
  0x000001ef5f32f470 JavaThread "Unconstrained build operations Thread 11" [_thread_blocked, id=11288, stack(0x000000ccc8b00000,0x000000ccc8c00000)]
  0x000001ef5f330c80 JavaThread "Unconstrained build operations Thread 12" [_thread_blocked, id=13164, stack(0x000000ccc8c00000,0x000000ccc8d00000)]
  0x000001ef5f32ead0 JavaThread "Unconstrained build operations Thread 13" [_thread_blocked, id=10064, stack(0x000000ccc8d00000,0x000000ccc8e00000)]
  0x000001ef5f32bf80 JavaThread "Unconstrained build operations Thread 14" [_thread_blocked, id=7232, stack(0x000000ccc8e00000,0x000000ccc8f00000)]
  0x000001ef5f32bab0 JavaThread "Unconstrained build operations Thread 15" [_thread_blocked, id=4756, stack(0x000000ccc8f00000,0x000000ccc9000000)]
  0x000001ef5f32a2a0 JavaThread "Unconstrained build operations Thread 16" [_thread_blocked, id=5604, stack(0x000000ccc9000000,0x000000ccc9100000)]
  0x000001ef5f32c450 JavaThread "Unconstrained build operations Thread 17" [_thread_blocked, id=6500, stack(0x000000ccc9100000,0x000000ccc9200000)]
  0x000001ef5f329dd0 JavaThread "Unconstrained build operations Thread 18" [_thread_blocked, id=13052, stack(0x000000ccc9200000,0x000000ccc9300000)]
  0x000001ef5f331150 JavaThread "Unconstrained build operations Thread 19" [_thread_blocked, id=12924, stack(0x000000ccc9300000,0x000000ccc9400000)]
  0x000001ef5f32c920 JavaThread "Unconstrained build operations Thread 20" [_thread_blocked, id=9992, stack(0x000000ccc9400000,0x000000ccc9500000)]
  0x000001ef5f32b110 JavaThread "Unconstrained build operations Thread 21" [_thread_blocked, id=2552, stack(0x000000ccc9500000,0x000000ccc9600000)]
  0x000001ef5f32d2c0 JavaThread "Unconstrained build operations Thread 22" [_thread_blocked, id=8960, stack(0x000000ccc9600000,0x000000ccc9700000)]
  0x000001ef5f32efa0 JavaThread "Unconstrained build operations Thread 23" [_thread_blocked, id=5648, stack(0x000000ccc9700000,0x000000ccc9800000)]
  0x000001ef5f32dc60 JavaThread "Unconstrained build operations Thread 24" [_thread_blocked, id=12276, stack(0x000000ccc9800000,0x000000ccc9900000)]
  0x000001ef5f32f940 JavaThread "Unconstrained build operations Thread 25" [_thread_blocked, id=8056, stack(0x000000ccc9900000,0x000000ccc9a00000)]
  0x000001ef5f32fe10 JavaThread "Unconstrained build operations Thread 26" [_thread_blocked, id=2036, stack(0x000000ccc9a00000,0x000000ccc9b00000)]
  0x000001ef5f32e130 JavaThread "Unconstrained build operations Thread 27" [_thread_blocked, id=5408, stack(0x000000ccc9b00000,0x000000ccc9c00000)]
  0x000001ef5f32e600 JavaThread "Unconstrained build operations Thread 28" [_thread_blocked, id=9604, stack(0x000000ccc9c00000,0x000000ccc9d00000)]
  0x000001ef5f3302e0 JavaThread "Unconstrained build operations Thread 29" [_thread_blocked, id=8360, stack(0x000000ccc9d00000,0x000000ccc9e00000)]
  0x000001ef5f3307b0 JavaThread "Unconstrained build operations Thread 30" [_thread_blocked, id=10520, stack(0x000000ccc9e00000,0x000000ccc9f00000)]
  0x000001ef5f329900 JavaThread "Unconstrained build operations Thread 31" [_thread_blocked, id=9204, stack(0x000000ccc9f00000,0x000000ccca000000)]
  0x000001ef5f32b5e0 JavaThread "Unconstrained build operations Thread 32" [_thread_blocked, id=3476, stack(0x000000ccca000000,0x000000ccca100000)]
  0x000001ef5f32a770 JavaThread "Unconstrained build operations Thread 33" [_thread_blocked, id=11728, stack(0x000000ccca100000,0x000000ccca200000)]
  0x000001ef5f32ac40 JavaThread "Unconstrained build operations Thread 34" [_thread_blocked, id=3656, stack(0x000000ccca200000,0x000000ccca300000)]
  0x000001ef5aa97a60 JavaThread "Unconstrained build operations Thread 35" [_thread_blocked, id=11040, stack(0x000000ccca300000,0x000000ccca400000)]
  0x000001ef5aa9c290 JavaThread "Unconstrained build operations Thread 36" [_thread_blocked, id=3616, stack(0x000000ccca400000,0x000000ccca500000)]
  0x000001ef5aa96250 JavaThread "Unconstrained build operations Thread 37" [_thread_blocked, id=5012, stack(0x000000ccca500000,0x000000ccca600000)]
  0x000001ef5aa9af50 JavaThread "Unconstrained build operations Thread 38" [_thread_blocked, id=13220, stack(0x000000ccca600000,0x000000ccca700000)]
  0x000001ef5aa953e0 JavaThread "Unconstrained build operations Thread 39" [_thread_blocked, id=12760, stack(0x000000ccca700000,0x000000ccca800000)]
  0x000001ef5aa94f10 JavaThread "Unconstrained build operations Thread 40" [_thread_blocked, id=9428, stack(0x000000ccca800000,0x000000ccca900000)]
  0x000001ef5aa958b0 JavaThread "Unconstrained build operations Thread 41" [_thread_blocked, id=10588, stack(0x000000ccca900000,0x000000cccaa00000)]
  0x000001ef5aa9b8f0 JavaThread "Unconstrained build operations Thread 42" [_thread_blocked, id=7408, stack(0x000000cccaa00000,0x000000cccab00000)]
  0x000001ef5aa99270 JavaThread "Unconstrained build operations Thread 43" [_thread_blocked, id=6424, stack(0x000000cccab00000,0x000000cccac00000)]
  0x000001ef5aa95d80 JavaThread "Unconstrained build operations Thread 44" [_thread_blocked, id=6504, stack(0x000000cccac00000,0x000000cccad00000)]
  0x000001ef5aa9b420 JavaThread "Unconstrained build operations Thread 45" [_thread_blocked, id=8528, stack(0x000000cccad00000,0x000000cccae00000)]
  0x000001ef5aa9bdc0 JavaThread "Unconstrained build operations Thread 46" [_thread_blocked, id=11216, stack(0x000000cccae00000,0x000000cccaf00000)]
  0x000001ef5aa94a40 JavaThread "Unconstrained build operations Thread 47" [_thread_blocked, id=13240, stack(0x000000cccaf00000,0x000000cccb000000)]
  0x000001ef5aa9a5b0 JavaThread "Unconstrained build operations Thread 48" [_thread_blocked, id=7940, stack(0x000000cccb000000,0x000000cccb100000)]
  0x000001ef5aa96720 JavaThread "Unconstrained build operations Thread 49" [_thread_blocked, id=1432, stack(0x000000cccb100000,0x000000cccb200000)]
  0x000001ef5aa988d0 JavaThread "Unconstrained build operations Thread 50" [_thread_blocked, id=6372, stack(0x000000cccb200000,0x000000cccb300000)]
  0x000001ef5aa98da0 JavaThread "Unconstrained build operations Thread 51" [_thread_blocked, id=2124, stack(0x000000cccb300000,0x000000cccb400000)]
  0x000001ef5aa99c10 JavaThread "Unconstrained build operations Thread 52" [_thread_blocked, id=12784, stack(0x000000cccb400000,0x000000cccb500000)]
  0x000001ef5aa96bf0 JavaThread "Unconstrained build operations Thread 53" [_thread_blocked, id=10160, stack(0x000000cccb500000,0x000000cccb600000)]
  0x000001ef5aa970c0 JavaThread "Unconstrained build operations Thread 54" [_thread_blocked, id=1164, stack(0x000000cccb600000,0x000000cccb700000)]
  0x000001ef5aa97590 JavaThread "Unconstrained build operations Thread 55" [_thread_blocked, id=7412, stack(0x000000cccb700000,0x000000cccb800000)]
  0x000001ef5aa97f30 JavaThread "Unconstrained build operations Thread 56" [_thread_blocked, id=4224, stack(0x000000cccb800000,0x000000cccb900000)]
  0x000001ef5aa98400 JavaThread "Unconstrained build operations Thread 57" [_thread_blocked, id=2340, stack(0x000000cccb900000,0x000000cccba00000)]
  0x000001ef5aa99740 JavaThread "Unconstrained build operations Thread 58" [_thread_blocked, id=7028, stack(0x000000cccba00000,0x000000cccbb00000)]
  0x000001ef5aa9a0e0 JavaThread "Unconstrained build operations Thread 59" [_thread_blocked, id=13244, stack(0x000000cccbb00000,0x000000cccbc00000)]
  0x000001ef5aa9aa80 JavaThread "Unconstrained build operations Thread 60" [_thread_blocked, id=3736, stack(0x000000cccbc00000,0x000000cccbd00000)]
  0x000001ef5db2d080 JavaThread "Unconstrained build operations Thread 61" [_thread_blocked, id=12576, stack(0x000000cccbd00000,0x000000cccbe00000)]
  0x000001ef5db300a0 JavaThread "Unconstrained build operations Thread 62" [_thread_blocked, id=4028, stack(0x000000cccbe00000,0x000000cccbf00000)]
  0x000001ef5db2e3c0 JavaThread "Unconstrained build operations Thread 63" [_thread_blocked, id=8076, stack(0x000000cccbf00000,0x000000cccc000000)]
  0x000001ef5db32720 JavaThread "Unconstrained build operations Thread 64" [_thread_blocked, id=10916, stack(0x000000cccc000000,0x000000cccc100000)]
  0x000001ef5db2d550 JavaThread "Unconstrained build operations Thread 65" [_thread_blocked, id=8812, stack(0x000000cccc100000,0x000000cccc200000)]
  0x000001ef5db318b0 JavaThread "Unconstrained build operations Thread 66" [_thread_blocked, id=5824, stack(0x000000cccc200000,0x000000cccc300000)]
  0x000001ef5db2e890 JavaThread "Unconstrained build operations Thread 67" [_thread_blocked, id=11232, stack(0x000000cccc300000,0x000000cccc400000)]
  0x000001ef5db31d80 JavaThread "Unconstrained build operations Thread 68" [_thread_blocked, id=7068, stack(0x000000cccc400000,0x000000cccc500000)]
  0x000001ef5db2da20 JavaThread "Unconstrained build operations Thread 69" [_thread_blocked, id=12840, stack(0x000000cccc500000,0x000000cccc600000)]
  0x000001ef5db30a40 JavaThread "Unconstrained build operations Thread 70" [_thread_blocked, id=6436, stack(0x000000cccc600000,0x000000cccc700000)]
  0x000001ef5db33a60 JavaThread "Unconstrained build operations Thread 71" [_thread_blocked, id=4436, stack(0x000000cccc700000,0x000000cccc800000)]
  0x000001ef5db2fbd0 JavaThread "Unconstrained build operations Thread 72" [_thread_blocked, id=7260, stack(0x000000cccc800000,0x000000cccc900000)]
  0x000001ef5db32250 JavaThread "Unconstrained build operations Thread 73" [_thread_blocked, id=6984, stack(0x000000cccc900000,0x000000cccca00000)]
  0x000001ef5db2def0 JavaThread "Unconstrained build operations Thread 74" [_thread_blocked, id=10404, stack(0x000000cccca00000,0x000000ccccb00000)]
  0x000001ef5db30570 JavaThread "Unconstrained build operations Thread 75" [_thread_blocked, id=420, stack(0x000000ccccb00000,0x000000ccccc00000)]
  0x000001ef5db30f10 JavaThread "Unconstrained build operations Thread 76" [_thread_blocked, id=996, stack(0x000000ccccc00000,0x000000ccccd00000)]
  0x000001ef5db32bf0 JavaThread "Unconstrained build operations Thread 77" [_thread_blocked, id=11956, stack(0x000000ccccd00000,0x000000cccce00000)]
  0x000001ef5db34400 JavaThread "Unconstrained build operations Thread 78" [_thread_blocked, id=9952, stack(0x000000cccce00000,0x000000ccccf00000)]
  0x000001ef5db2ed60 JavaThread "Unconstrained build operations Thread 79" [_thread_blocked, id=6516, stack(0x000000ccccf00000,0x000000cccd000000)]
  0x000001ef5db2f700 JavaThread "Unconstrained build operations Thread 80" [_thread_blocked, id=3152, stack(0x000000cccd000000,0x000000cccd100000)]
  0x000001ef5db2f230 JavaThread "jar transforms Thread 6" [_thread_blocked, id=7924, stack(0x000000cccd100000,0x000000cccd200000)]
  0x000001ef5db313e0 JavaThread "jar transforms Thread 7" [_thread_blocked, id=11628, stack(0x000000cccd200000,0x000000cccd300000)]
  0x000001ef5db330c0 JavaThread "jar transforms Thread 8" [_thread_blocked, id=12656, stack(0x000000cccd300000,0x000000cccd400000)]
  0x000001ef5db33f30 JavaThread "build event listener" [_thread_blocked, id=2724, stack(0x000000ccc5b00000,0x000000ccc5c00000)]
  0x000001ef5c958390 JavaThread "Memory manager" [_thread_blocked, id=8228, stack(0x000000cccd500000,0x000000cccd600000)]
  0x000001ef602bdcf0 JavaThread "C2 CompilerThread1" daemon [_thread_blocked, id=13284, stack(0x000000ccc5a00000,0x000000ccc5b00000)]
  0x000001ef602be200 JavaThread "C2 CompilerThread2" daemon [_thread_blocked, id=6392, stack(0x000000cccd400000,0x000000cccd500000)]
  0x000001ef5c95a540 JavaThread "included builds" [_thread_blocked, id=7032, stack(0x000000cccd600000,0x000000cccd700000)]
  0x000001ef5c957ec0 JavaThread "Execution worker" [_thread_blocked, id=12956, stack(0x000000cccd700000,0x000000cccd800000)]
  0x000001ef5c95a070 JavaThread "Execution worker Thread 2" [_thread_blocked, id=2988, stack(0x000000cccd800000,0x000000cccd900000)]
  0x000001ef5c958d30 JavaThread "Execution worker Thread 3" [_thread_blocked, id=1256, stack(0x000000cccd900000,0x000000cccda00000)]
  0x000001ef5c95b3b0 JavaThread "Execution worker Thread 4" [_thread_blocked, id=7340, stack(0x000000cccda00000,0x000000cccdb00000)]
  0x000001ef5c959200 JavaThread "Execution worker Thread 5" [_thread_blocked, id=8396, stack(0x000000cccdb00000,0x000000cccdc00000)]
  0x000001ef5c959ba0 JavaThread "Execution worker Thread 6" [_thread_blocked, id=4008, stack(0x000000cccdc00000,0x000000cccdd00000)]
  0x000001ef5c95aa10 JavaThread "Execution worker Thread 7" [_thread_blocked, id=4660, stack(0x000000cccdd00000,0x000000cccde00000)]
  0x000001ef5c9566b0 JavaThread "Cache worker for execution history cache (C:\Users\lukak\OneDrive\Documentos\GitHub\DAP-TP-L.-Kim-A.-Bueno\TrabajoPrcticoDAPLogInRecyclerView\.gradle\8.0\executionHistory)" [_thread_blocked, id=6680, stack(0x000000cccde00000,0x000000cccdf00000)]
  0x000001ef5c95aee0 JavaThread "WorkerExecutor Queue" [_thread_blocked, id=11952, stack(0x000000cccdf00000,0x000000ccce000000)]

Other Threads:
=>0x000001ef58eb3720 VMThread "VM Thread" [stack: 0x000000ccc4d00000,0x000000ccc4e00000] [id=11368]
  0x000001ef599e1440 WatcherThread [stack: 0x000000ccc5900000,0x000000ccc5a00000] [id=7072]
  0x000001ef3f087190 GCTaskThread "GC Thread#0" [stack: 0x000000ccc4800000,0x000000ccc4900000] [id=7504]
  0x000001ef5a75e9d0 GCTaskThread "GC Thread#1" [stack: 0x000000ccc5c00000,0x000000ccc5d00000] [id=2512]
  0x000001ef5acab4f0 GCTaskThread "GC Thread#2" [stack: 0x000000ccc5d00000,0x000000ccc5e00000] [id=7568]
  0x000001ef5acab7a0 GCTaskThread "GC Thread#3" [stack: 0x000000ccc5e00000,0x000000ccc5f00000] [id=11780]
  0x000001ef5acaba50 GCTaskThread "GC Thread#4" [stack: 0x000000ccc5f00000,0x000000ccc6000000] [id=11252]
  0x000001ef5b380aa0 GCTaskThread "GC Thread#5" [stack: 0x000000ccc6a00000,0x000000ccc6b00000] [id=7992]
  0x000001ef5ae55020 GCTaskThread "GC Thread#6" [stack: 0x000000ccc6b00000,0x000000ccc6c00000] [id=8292]
  0x000001ef5c117430 GCTaskThread "GC Thread#7" [stack: 0x000000ccc6c00000,0x000000ccc6d00000] [id=1688]
  0x000001ef3f097fe0 ConcurrentGCThread "G1 Main Marker" [stack: 0x000000ccc4900000,0x000000ccc4a00000] [id=4456]
  0x000001ef3f0990a0 ConcurrentGCThread "G1 Conc#0" [stack: 0x000000ccc4a00000,0x000000ccc4b00000] [id=12960]
  0x000001ef5b14a760 ConcurrentGCThread "G1 Conc#1" [stack: 0x000000ccc6d00000,0x000000ccc6e00000] [id=6268]
  0x000001ef58d24560 ConcurrentGCThread "G1 Refine#0" [stack: 0x000000ccc4b00000,0x000000ccc4c00000] [id=10284]
  0x000001ef5c10ea50 ConcurrentGCThread "G1 Refine#1" [stack: 0x000000ccc7b00000,0x000000ccc7c00000] [id=2488]
  0x000001ef58d25ea0 ConcurrentGCThread "G1 Service" [stack: 0x000000ccc4c00000,0x000000ccc4d00000] [id=5676]

Threads with active compile tasks:
C2 CompilerThread0    14019 12518       4       com.android.tools.r8.graph.T3::a (72 bytes)
C1 CompilerThread0    14020 12504 %     3       com.android.tools.r8.internal.Ia::a @ 3263 (4479 bytes)
C2 CompilerThread1    14020 12399       4       com.android.tools.r8.utils.u0::e (297 bytes)
C2 CompilerThread2    14020 12401       4       com.android.tools.r8.internal.Ia::c (26 bytes)

VM state: at safepoint (normal execution)

VM Mutex/Monitor currently owned by a thread:  ([mutex/lock_event])
[0x000001ef3f025430] Threads_lock - owner thread: 0x000001ef58eb3720
[0x000001ef3f025a60] Heap_lock - owner thread: 0x000001ef3f097fe0

Heap address: 0x0000000080000000, size: 2048 MB, Compressed Oops mode: 32-bit

CDS archive(s) not mapped
Compressed class space mapped at: 0x0000000100000000-0x0000000140000000, reserved size: 1073741824
Narrow klass base: 0x0000000000000000, Narrow klass shift: 3, Narrow klass range: 0x140000000

GC Precious Log:
 CPUs: 8 total, 8 available
 Memory: 14284M
 Large Page Support: Disabled
 NUMA Support: Disabled
 Compressed Oops: Enabled (32-bit)
 Heap Region Size: 1M
 Heap Min Capacity: 8M
 Heap Initial Capacity: 224M
 Heap Max Capacity: 2G
 Pre-touch: Disabled
 Parallel Workers: 8
 Concurrent Workers: 2
 Concurrent Refinement Workers: 8
 Periodic GC: Disabled

Heap:
 garbage-first heap   total 229376K, used 167219K [0x0000000080000000, 0x0000000100000000)
  region size 1024K, 41 young (41984K), 8 survivors (8192K)
 Metaspace       used 101915K, committed 102720K, reserved 1138688K
  class space    used 13949K, committed 14336K, reserved 1048576K

Heap Regions: E=young(eden), S=young(survivor), O=old, HS=humongous(starts), HC=humongous(continues), CS=collection set, F=free, OA=open archive, CA=closed archive, TAMS=top-at-mark-start (previous, next)
|   0|0x0000000080000000, 0x0000000080100000, 0x0000000080100000|100%|HS|  |TAMS 0x0000000080100000, 0x0000000080000000| Complete 
|   1|0x0000000080100000, 0x0000000080200000, 0x0000000080200000|100%|HC|  |TAMS 0x0000000080200000, 0x0000000080100000| Complete 
|   2|0x0000000080200000, 0x0000000080300000, 0x0000000080300000|100%|HC|  |TAMS 0x0000000080300000, 0x0000000080200000| Complete 
|   3|0x0000000080300000, 0x0000000080400000, 0x0000000080400000|100%|HC|  |TAMS 0x0000000080400000, 0x0000000080300000| Complete 
|   4|0x0000000080400000, 0x0000000080500000, 0x0000000080500000|100%| O|  |TAMS 0x0000000080500000, 0x0000000080400000| Updating 
|   5|0x0000000080500000, 0x0000000080600000, 0x0000000080600000|100%| O|  |TAMS 0x0000000080600000, 0x0000000080500000| Untracked 
|   6|0x0000000080600000, 0x0000000080700000, 0x0000000080700000|100%| O|  |TAMS 0x0000000080700000, 0x0000000080600000| Untracked 
|   7|0x0000000080700000, 0x0000000080800000, 0x0000000080800000|100%| O|  |TAMS 0x0000000080800000, 0x0000000080700000| Updating 
|   8|0x0000000080800000, 0x0000000080900000, 0x0000000080900000|100%| O|  |TAMS 0x0000000080900000, 0x0000000080800000| Untracked 
|   9|0x0000000080900000, 0x0000000080a00000, 0x0000000080a00000|100%| O|  |TAMS 0x0000000080a00000, 0x0000000080900000| Untracked 
|  10|0x0000000080a00000, 0x0000000080b00000, 0x0000000080b00000|100%| O|  |TAMS 0x0000000080b00000, 0x0000000080a00000| Untracked 
|  11|0x0000000080b00000, 0x0000000080c00000, 0x0000000080c00000|100%| O|  |TAMS 0x0000000080c00000, 0x0000000080b00000| Untracked 
|  12|0x0000000080c00000, 0x0000000080d00000, 0x0000000080d00000|100%| O|  |TAMS 0x0000000080d00000, 0x0000000080c00000| Untracked 
|  13|0x0000000080d00000, 0x0000000080e00000, 0x0000000080e00000|100%| O|  |TAMS 0x0000000080e00000, 0x0000000080d00000| Untracked 
|  14|0x0000000080e00000, 0x0000000080f00000, 0x0000000080f00000|100%| O|  |TAMS 0x0000000080f00000, 0x0000000080e00000| Untracked 
|  15|0x0000000080f00000, 0x0000000081000000, 0x0000000081000000|100%| O|  |TAMS 0x0000000081000000, 0x0000000080f00000| Untracked 
|  16|0x0000000081000000, 0x0000000081100000, 0x0000000081100000|100%| O|  |TAMS 0x0000000081100000, 0x0000000081000000| Untracked 
|  17|0x0000000081100000, 0x0000000081200000, 0x0000000081200000|100%| O|  |TAMS 0x0000000081200000, 0x0000000081100000| Untracked 
|  18|0x0000000081200000, 0x0000000081300000, 0x0000000081300000|100%| O|  |TAMS 0x0000000081300000, 0x0000000081200000| Untracked 
|  19|0x0000000081300000, 0x0000000081400000, 0x0000000081400000|100%| O|  |TAMS 0x0000000081400000, 0x0000000081300000| Untracked 
|  20|0x0000000081400000, 0x0000000081500000, 0x0000000081500000|100%| O|  |TAMS 0x0000000081500000, 0x0000000081400000| Untracked 
|  21|0x0000000081500000, 0x0000000081600000, 0x0000000081600000|100%| O|  |TAMS 0x0000000081600000, 0x0000000081500000| Updating 
|  22|0x0000000081600000, 0x0000000081700000, 0x0000000081700000|100%| O|  |TAMS 0x0000000081700000, 0x0000000081600000| Untracked 
|  23|0x0000000081700000, 0x0000000081800000, 0x0000000081800000|100%| O|  |TAMS 0x0000000081800000, 0x0000000081700000| Untracked 
|  24|0x0000000081800000, 0x0000000081900000, 0x0000000081900000|100%| O|  |TAMS 0x0000000081900000, 0x0000000081800000| Untracked 
|  25|0x0000000081900000, 0x0000000081a00000, 0x0000000081a00000|100%| O|  |TAMS 0x0000000081a00000, 0x0000000081900000| Updating 
|  26|0x0000000081a00000, 0x0000000081b00000, 0x0000000081b00000|100%| O|  |TAMS 0x0000000081b00000, 0x0000000081a00000| Untracked 
|  27|0x0000000081b00000, 0x0000000081c00000, 0x0000000081c00000|100%| O|  |TAMS 0x0000000081c00000, 0x0000000081b00000| Untracked 
|  28|0x0000000081c00000, 0x0000000081d00000, 0x0000000081d00000|100%| O|  |TAMS 0x0000000081d00000, 0x0000000081c00000| Untracked 
|  29|0x0000000081d00000, 0x0000000081e00000, 0x0000000081e00000|100%| O|  |TAMS 0x0000000081e00000, 0x0000000081d00000| Untracked 
|  30|0x0000000081e00000, 0x0000000081f00000, 0x0000000081f00000|100%| O|  |TAMS 0x0000000081f00000, 0x0000000081e00000| Updating 
|  31|0x0000000081f00000, 0x0000000082000000, 0x0000000082000000|100%| O|  |TAMS 0x0000000082000000, 0x0000000081f00000| Untracked 
|  32|0x0000000082000000, 0x0000000082100000, 0x0000000082100000|100%|HS|  |TAMS 0x0000000082100000, 0x0000000082000000| Complete 
|  33|0x0000000082100000, 0x0000000082200000, 0x0000000082200000|100%|HS|  |TAMS 0x0000000082200000, 0x0000000082100000| Complete 
|  34|0x0000000082200000, 0x0000000082300000, 0x0000000082300000|100%|HS|  |TAMS 0x0000000082300000, 0x0000000082200000| Complete 
|  35|0x0000000082300000, 0x0000000082400000, 0x0000000082400000|100%|HS|  |TAMS 0x0000000082400000, 0x0000000082300000| Complete 
|  36|0x0000000082400000, 0x0000000082500000, 0x0000000082500000|100%|HC|  |TAMS 0x0000000082500000, 0x0000000082400000| Complete 
|  37|0x0000000082500000, 0x0000000082600000, 0x0000000082600000|100%| O|  |TAMS 0x0000000082600000, 0x0000000082500000| Untracked 
|  38|0x0000000082600000, 0x0000000082700000, 0x0000000082700000|100%| O|  |TAMS 0x0000000082700000, 0x0000000082600000| Untracked 
|  39|0x0000000082700000, 0x0000000082800000, 0x0000000082800000|100%| O|  |TAMS 0x0000000082800000, 0x0000000082700000| Untracked 
|  40|0x0000000082800000, 0x0000000082900000, 0x0000000082900000|100%| O|  |TAMS 0x0000000082900000, 0x0000000082800000| Untracked 
|  41|0x0000000082900000, 0x0000000082a00000, 0x0000000082a00000|100%| O|  |TAMS 0x0000000082a00000, 0x0000000082900000| Updating 
|  42|0x0000000082a00000, 0x0000000082b00000, 0x0000000082b00000|100%|HS|  |TAMS 0x0000000082b00000, 0x0000000082a00000| Complete 
|  43|0x0000000082b00000, 0x0000000082c00000, 0x0000000082c00000|100%|HC|  |TAMS 0x0000000082c00000, 0x0000000082b00000| Complete 
|  44|0x0000000082c00000, 0x0000000082d00000, 0x0000000082d00000|100%|HC|  |TAMS 0x0000000082d00000, 0x0000000082c00000| Complete 
|  45|0x0000000082d00000, 0x0000000082e00000, 0x0000000082e00000|100%|HC|  |TAMS 0x0000000082e00000, 0x0000000082d00000| Complete 
|  46|0x0000000082e00000, 0x0000000082f00000, 0x0000000082f00000|100%| O|  |TAMS 0x0000000082f00000, 0x0000000082e00000| Untracked 
|  47|0x0000000082f00000, 0x0000000083000000, 0x0000000083000000|100%| O|  |TAMS 0x0000000083000000, 0x0000000082f00000| Updating 
|  48|0x0000000083000000, 0x0000000083100000, 0x0000000083100000|100%| O|  |TAMS 0x0000000083100000, 0x0000000083000000| Untracked 
|  49|0x0000000083100000, 0x0000000083200000, 0x0000000083200000|100%| O|  |TAMS 0x0000000083200000, 0x0000000083100000| Untracked 
|  50|0x0000000083200000, 0x0000000083300000, 0x0000000083300000|100%| O|  |TAMS 0x0000000083300000, 0x0000000083200000| Updating 
|  51|0x0000000083300000, 0x0000000083400000, 0x0000000083400000|100%| O|  |TAMS 0x0000000083400000, 0x0000000083300000| Updating 
|  52|0x0000000083400000, 0x0000000083500000, 0x0000000083500000|100%| O|  |TAMS 0x0000000083500000, 0x0000000083400000| Untracked 
|  53|0x0000000083500000, 0x0000000083600000, 0x0000000083600000|100%| O|  |TAMS 0x0000000083600000, 0x0000000083500000| Updating 
|  54|0x0000000083600000, 0x0000000083700000, 0x0000000083700000|100%| O|  |TAMS 0x0000000083700000, 0x0000000083600000| Untracked 
|  55|0x0000000083700000, 0x0000000083800000, 0x0000000083800000|100%| O|  |TAMS 0x0000000083800000, 0x0000000083700000| Untracked 
|  56|0x0000000083800000, 0x0000000083900000, 0x0000000083900000|100%| O|  |TAMS 0x0000000083900000, 0x0000000083800000| Untracked 
|  57|0x0000000083900000, 0x0000000083a00000, 0x0000000083a00000|100%| O|  |TAMS 0x0000000083a00000, 0x0000000083900000| Untracked 
|  58|0x0000000083a00000, 0x0000000083b00000, 0x0000000083b00000|100%| O|  |TAMS 0x0000000083b00000, 0x0000000083a00000| Untracked 
|  59|0x0000000083b00000, 0x0000000083c00000, 0x0000000083c00000|100%| O|  |TAMS 0x0000000083c00000, 0x0000000083b00000| Untracked 
|  60|0x0000000083c00000, 0x0000000083d00000, 0x0000000083d00000|100%| O|  |TAMS 0x0000000083d00000, 0x0000000083c00000| Untracked 
|  61|0x0000000083d00000, 0x0000000083e00000, 0x0000000083e00000|100%| O|  |TAMS 0x0000000083e00000, 0x0000000083d00000| Untracked 
|  62|0x0000000083e00000, 0x0000000083f00000, 0x0000000083f00000|100%| O|  |TAMS 0x0000000083f00000, 0x0000000083e00000| Untracked 
|  63|0x0000000083f00000, 0x0000000084000000, 0x0000000084000000|100%| O|  |TAMS 0x0000000084000000, 0x0000000083f00000| Untracked 
|  64|0x0000000084000000, 0x0000000084100000, 0x0000000084100000|100%| O|  |TAMS 0x0000000084100000, 0x0000000084000000| Updating 
|  65|0x0000000084100000, 0x0000000084200000, 0x0000000084200000|100%| O|  |TAMS 0x0000000084200000, 0x0000000084100000| Updating 
|  66|0x0000000084200000, 0x0000000084300000, 0x0000000084300000|100%| O|  |TAMS 0x0000000084300000, 0x0000000084200000| Untracked 
|  67|0x0000000084300000, 0x0000000084400000, 0x0000000084400000|100%| O|  |TAMS 0x0000000084400000, 0x0000000084300000| Untracked 
|  68|0x0000000084400000, 0x0000000084500000, 0x0000000084500000|100%| O|  |TAMS 0x0000000084500000, 0x0000000084400000| Untracked 
|  69|0x0000000084500000, 0x0000000084600000, 0x0000000084600000|100%| O|  |TAMS 0x0000000084600000, 0x0000000084500000| Untracked 
|  70|0x0000000084600000, 0x0000000084700000, 0x0000000084700000|100%| O|  |TAMS 0x0000000084700000, 0x0000000084600000| Untracked 
|  71|0x0000000084700000, 0x0000000084800000, 0x0000000084800000|100%| O|  |TAMS 0x0000000084800000, 0x0000000084700000| Untracked 
|  72|0x0000000084800000, 0x0000000084900000, 0x0000000084900000|100%| O|  |TAMS 0x0000000084900000, 0x0000000084800000| Untracked 
|  73|0x0000000084900000, 0x0000000084a00000, 0x0000000084a00000|100%| O|  |TAMS 0x0000000084a00000, 0x0000000084900000| Untracked 
|  74|0x0000000084a00000, 0x0000000084b00000, 0x0000000084b00000|100%| O|  |TAMS 0x0000000084b00000, 0x0000000084a00000| Untracked 
|  75|0x0000000084b00000, 0x0000000084c00000, 0x0000000084c00000|100%| O|  |TAMS 0x0000000084c00000, 0x0000000084b00000| Untracked 
|  76|0x0000000084c00000, 0x0000000084d00000, 0x0000000084d00000|100%| O|  |TAMS 0x0000000084d00000, 0x0000000084c00000| Untracked 
|  77|0x0000000084d00000, 0x0000000084e00000, 0x0000000084e00000|100%| O|  |TAMS 0x0000000084e00000, 0x0000000084d00000| Untracked 
|  78|0x0000000084e00000, 0x0000000084f00000, 0x0000000084f00000|100%| O|  |TAMS 0x0000000084f00000, 0x0000000084e00000| Untracked 
|  79|0x0000000084f00000, 0x0000000085000000, 0x0000000085000000|100%| O|  |TAMS 0x0000000085000000, 0x0000000084f00000| Untracked 
|  80|0x0000000085000000, 0x0000000085100000, 0x0000000085100000|100%| O|  |TAMS 0x0000000085100000, 0x0000000085000000| Untracked 
|  81|0x0000000085100000, 0x0000000085200000, 0x0000000085200000|100%| O|  |TAMS 0x0000000085200000, 0x0000000085100000| Untracked 
|  82|0x0000000085200000, 0x0000000085300000, 0x0000000085300000|100%| O|  |TAMS 0x0000000085300000, 0x0000000085200000| Untracked 
|  83|0x0000000085300000, 0x0000000085400000, 0x0000000085400000|100%| O|  |TAMS 0x0000000085400000, 0x0000000085300000| Untracked 
|  84|0x0000000085400000, 0x0000000085500000, 0x0000000085500000|100%| O|  |TAMS 0x0000000085500000, 0x0000000085400000| Untracked 
|  85|0x0000000085500000, 0x0000000085600000, 0x0000000085600000|100%| O|  |TAMS 0x0000000085600000, 0x0000000085500000| Untracked 
|  86|0x0000000085600000, 0x0000000085700000, 0x0000000085700000|100%| O|  |TAMS 0x0000000085700000, 0x0000000085600000| Untracked 
|  87|0x0000000085700000, 0x0000000085800000, 0x0000000085800000|100%| O|  |TAMS 0x0000000085800000, 0x0000000085700000| Untracked 
|  88|0x0000000085800000, 0x0000000085900000, 0x0000000085900000|100%| O|  |TAMS 0x0000000085900000, 0x0000000085800000| Updating 
|  89|0x0000000085900000, 0x0000000085a00000, 0x0000000085a00000|100%| O|  |TAMS 0x0000000085a00000, 0x0000000085900000| Updating 
|  90|0x0000000085a00000, 0x0000000085b00000, 0x0000000085b00000|100%|HS|  |TAMS 0x0000000085b00000, 0x0000000085a00000| Complete 
|  91|0x0000000085b00000, 0x0000000085c00000, 0x0000000085c00000|100%| O|  |TAMS 0x0000000085c00000, 0x0000000085b00000| Untracked 
|  92|0x0000000085c00000, 0x0000000085d00000, 0x0000000085d00000|100%| O|  |TAMS 0x0000000085d00000, 0x0000000085c00000| Untracked 
|  93|0x0000000085d00000, 0x0000000085e00000, 0x0000000085e00000|100%| O|  |TAMS 0x0000000085e00000, 0x0000000085d00000| Untracked 
|  94|0x0000000085e00000, 0x0000000085f00000, 0x0000000085f00000|100%| O|  |TAMS 0x0000000085f00000, 0x0000000085e00000| Untracked 
|  95|0x0000000085f00000, 0x0000000086000000, 0x0000000086000000|100%| O|  |TAMS 0x0000000086000000, 0x0000000085f00000| Untracked 
|  96|0x0000000086000000, 0x0000000086100000, 0x0000000086100000|100%| O|  |TAMS 0x0000000086100000, 0x0000000086000000| Updating 
|  97|0x0000000086100000, 0x0000000086200000, 0x0000000086200000|100%| O|  |TAMS 0x0000000086200000, 0x0000000086100000| Untracked 
|  98|0x0000000086200000, 0x0000000086300000, 0x0000000086300000|100%| O|  |TAMS 0x0000000086300000, 0x0000000086200000| Untracked 
|  99|0x0000000086300000, 0x0000000086400000, 0x0000000086400000|100%| O|  |TAMS 0x0000000086400000, 0x0000000086300000| Updating 
| 100|0x0000000086400000, 0x0000000086500000, 0x0000000086500000|100%| O|  |TAMS 0x0000000086500000, 0x0000000086400000| Updating 
| 101|0x0000000086500000, 0x0000000086600000, 0x0000000086600000|100%| O|  |TAMS 0x0000000086600000, 0x0000000086500000| Untracked 
| 102|0x0000000086600000, 0x0000000086700000, 0x0000000086700000|100%| O|  |TAMS 0x0000000086700000, 0x0000000086600000| Untracked 
| 103|0x0000000086700000, 0x0000000086800000, 0x0000000086800000|100%| O|  |TAMS 0x0000000086800000, 0x0000000086700000| Untracked 
| 104|0x0000000086800000, 0x0000000086900000, 0x0000000086900000|100%| O|  |TAMS 0x0000000086900000, 0x0000000086800000| Untracked 
| 105|0x0000000086900000, 0x0000000086a00000, 0x0000000086a00000|100%| O|  |TAMS 0x0000000086a00000, 0x0000000086900000| Untracked 
| 106|0x0000000086a00000, 0x0000000086b00000, 0x0000000086b00000|100%| O|  |TAMS 0x0000000086b00000, 0x0000000086a00000| Updating 
| 107|0x0000000086b00000, 0x0000000086c00000, 0x0000000086c00000|100%| O|  |TAMS 0x0000000086c00000, 0x0000000086b00000| Untracked 
| 108|0x0000000086c00000, 0x0000000086d00000, 0x0000000086d00000|100%| O|  |TAMS 0x0000000086d00000, 0x0000000086c00000| Untracked 
| 109|0x0000000086d00000, 0x0000000086e00000, 0x0000000086e00000|100%| O|  |TAMS 0x0000000086e00000, 0x0000000086d00000| Untracked 
| 110|0x0000000086e00000, 0x0000000086f00000, 0x0000000086f00000|100%| O|  |TAMS 0x0000000086f00000, 0x0000000086e00000| Untracked 
| 111|0x0000000086f00000, 0x0000000087000000, 0x0000000087000000|100%| O|  |TAMS 0x0000000086fd4200, 0x0000000086f00000| Updating 
| 112|0x0000000087000000, 0x0000000087100000, 0x0000000087100000|100%| O|  |TAMS 0x0000000087000000, 0x0000000087000000| Untracked 
| 113|0x0000000087100000, 0x0000000087200000, 0x0000000087200000|100%| O|  |TAMS 0x0000000087100000, 0x0000000087100000| Untracked 
| 114|0x0000000087200000, 0x0000000087300000, 0x0000000087300000|100%| O|  |TAMS 0x0000000087200000, 0x0000000087200000| Untracked 
| 115|0x0000000087300000, 0x0000000087400000, 0x0000000087400000|100%| O|  |TAMS 0x0000000087300000, 0x0000000087300000| Untracked 
| 116|0x0000000087400000, 0x0000000087500000, 0x0000000087500000|100%| O|  |TAMS 0x0000000087400000, 0x0000000087400000| Untracked 
| 117|0x0000000087500000, 0x0000000087600000, 0x0000000087600000|100%| O|  |TAMS 0x0000000087500000, 0x0000000087500000| Untracked 
| 118|0x0000000087600000, 0x0000000087700000, 0x0000000087700000|100%| O|  |TAMS 0x0000000087600000, 0x0000000087600000| Untracked 
| 119|0x0000000087700000, 0x0000000087800000, 0x0000000087800000|100%| O|  |TAMS 0x0000000087700000, 0x0000000087700000| Untracked 
| 120|0x0000000087800000, 0x0000000087900000, 0x0000000087900000|100%| O|  |TAMS 0x0000000087800000, 0x0000000087800000| Untracked 
| 121|0x0000000087900000, 0x0000000087a00000, 0x0000000087a00000|100%| O|  |TAMS 0x0000000087900000, 0x0000000087900000| Untracked 
| 122|0x0000000087a00000, 0x0000000087b00000, 0x0000000087b00000|100%| O|  |TAMS 0x0000000087a00000, 0x0000000087a00000| Untracked 
| 123|0x0000000087b00000, 0x0000000087b4ce00, 0x0000000087c00000| 30%| O|  |TAMS 0x0000000087b00000, 0x0000000087b00000| Updating 
| 124|0x0000000087c00000, 0x0000000087c00000, 0x0000000087d00000|  0%| F|  |TAMS 0x0000000087c00000, 0x0000000087c00000| Untracked 
| 125|0x0000000087d00000, 0x0000000087d00000, 0x0000000087e00000|  0%| F|  |TAMS 0x0000000087d00000, 0x0000000087d00000| Untracked 
| 126|0x0000000087e00000, 0x0000000087e00000, 0x0000000087f00000|  0%| F|  |TAMS 0x0000000087e00000, 0x0000000087e00000| Untracked 
| 127|0x0000000087f00000, 0x0000000087f00000, 0x0000000088000000|  0%| F|  |TAMS 0x0000000087f00000, 0x0000000087f00000| Untracked 
| 128|0x0000000088000000, 0x0000000088000000, 0x0000000088100000|  0%| F|  |TAMS 0x0000000088000000, 0x0000000088000000| Untracked 
| 129|0x0000000088100000, 0x0000000088100000, 0x0000000088200000|  0%| F|  |TAMS 0x0000000088100000, 0x0000000088100000| Untracked 
| 130|0x0000000088200000, 0x0000000088200000, 0x0000000088300000|  0%| F|  |TAMS 0x0000000088200000, 0x0000000088200000| Untracked 
| 131|0x0000000088300000, 0x0000000088300000, 0x0000000088400000|  0%| F|  |TAMS 0x0000000088300000, 0x0000000088300000| Untracked 
| 132|0x0000000088400000, 0x0000000088400000, 0x0000000088500000|  0%| F|  |TAMS 0x0000000088400000, 0x0000000088400000| Untracked 
| 133|0x0000000088500000, 0x0000000088500000, 0x0000000088600000|  0%| F|  |TAMS 0x0000000088500000, 0x0000000088500000| Untracked 
| 134|0x0000000088600000, 0x0000000088600000, 0x0000000088700000|  0%| F|  |TAMS 0x0000000088600000, 0x0000000088600000| Untracked 
| 135|0x0000000088700000, 0x0000000088700000, 0x0000000088800000|  0%| F|  |TAMS 0x0000000088700000, 0x0000000088700000| Untracked 
| 136|0x0000000088800000, 0x0000000088800000, 0x0000000088900000|  0%| F|  |TAMS 0x0000000088800000, 0x0000000088800000| Untracked 
| 137|0x0000000088900000, 0x0000000088900000, 0x0000000088a00000|  0%| F|  |TAMS 0x0000000088900000, 0x0000000088900000| Untracked 
| 138|0x0000000088a00000, 0x0000000088a00000, 0x0000000088b00000|  0%| F|  |TAMS 0x0000000088a00000, 0x0000000088a00000| Untracked 
| 139|0x0000000088b00000, 0x0000000088b00000, 0x0000000088c00000|  0%| F|  |TAMS 0x0000000088b00000, 0x0000000088b00000| Untracked 
| 140|0x0000000088c00000, 0x0000000088c00000, 0x0000000088d00000|  0%| F|  |TAMS 0x0000000088c00000, 0x0000000088c00000| Untracked 
| 141|0x0000000088d00000, 0x0000000088d00000, 0x0000000088e00000|  0%| F|  |TAMS 0x0000000088d00000, 0x0000000088d00000| Untracked 
| 142|0x0000000088e00000, 0x0000000088e00000, 0x0000000088f00000|  0%| F|  |TAMS 0x0000000088e00000, 0x0000000088e00000| Untracked 
| 143|0x0000000088f00000, 0x0000000088f00000, 0x0000000089000000|  0%| F|  |TAMS 0x0000000088f00000, 0x0000000088f00000| Untracked 
| 144|0x0000000089000000, 0x0000000089000000, 0x0000000089100000|  0%| F|  |TAMS 0x0000000089000000, 0x0000000089000000| Untracked 
| 145|0x0000000089100000, 0x0000000089100000, 0x0000000089200000|  0%| F|  |TAMS 0x0000000089100000, 0x0000000089100000| Untracked 
| 146|0x0000000089200000, 0x0000000089200000, 0x0000000089300000|  0%| F|  |TAMS 0x0000000089200000, 0x0000000089200000| Untracked 
| 147|0x0000000089300000, 0x0000000089300000, 0x0000000089400000|  0%| F|  |TAMS 0x0000000089300000, 0x0000000089300000| Untracked 
| 148|0x0000000089400000, 0x0000000089400000, 0x0000000089500000|  0%| F|  |TAMS 0x0000000089400000, 0x0000000089400000| Untracked 
| 149|0x0000000089500000, 0x0000000089500000, 0x0000000089600000|  0%| F|  |TAMS 0x0000000089500000, 0x0000000089500000| Untracked 
| 150|0x0000000089600000, 0x0000000089600000, 0x0000000089700000|  0%| F|  |TAMS 0x0000000089600000, 0x0000000089600000| Untracked 
| 151|0x0000000089700000, 0x0000000089700000, 0x0000000089800000|  0%| F|  |TAMS 0x0000000089700000, 0x0000000089700000| Untracked 
| 152|0x0000000089800000, 0x0000000089800000, 0x0000000089900000|  0%| F|  |TAMS 0x0000000089800000, 0x0000000089800000| Untracked 
| 153|0x0000000089900000, 0x0000000089900000, 0x0000000089a00000|  0%| F|  |TAMS 0x0000000089900000, 0x0000000089900000| Untracked 
| 154|0x0000000089a00000, 0x0000000089a00000, 0x0000000089b00000|  0%| F|  |TAMS 0x0000000089a00000, 0x0000000089a00000| Untracked 
| 155|0x0000000089b00000, 0x0000000089b00000, 0x0000000089c00000|  0%| F|  |TAMS 0x0000000089b00000, 0x0000000089b00000| Untracked 
| 156|0x0000000089c00000, 0x0000000089c00000, 0x0000000089d00000|  0%| F|  |TAMS 0x0000000089c00000, 0x0000000089c00000| Untracked 
| 157|0x0000000089d00000, 0x0000000089d00000, 0x0000000089e00000|  0%| F|  |TAMS 0x0000000089d00000, 0x0000000089d00000| Untracked 
| 158|0x0000000089e00000, 0x0000000089f00000, 0x0000000089f00000|100%| S|CS|TAMS 0x0000000089e00000, 0x0000000089e00000| Complete 
| 159|0x0000000089f00000, 0x000000008a000000, 0x000000008a000000|100%| S|CS|TAMS 0x0000000089f00000, 0x0000000089f00000| Complete 
| 160|0x000000008a000000, 0x000000008a100000, 0x000000008a100000|100%| S|CS|TAMS 0x000000008a000000, 0x000000008a000000| Complete 
| 161|0x000000008a100000, 0x000000008a200000, 0x000000008a200000|100%| S|CS|TAMS 0x000000008a100000, 0x000000008a100000| Complete 
| 162|0x000000008a200000, 0x000000008a300000, 0x000000008a300000|100%| S|CS|TAMS 0x000000008a200000, 0x000000008a200000| Complete 
| 163|0x000000008a300000, 0x000000008a400000, 0x000000008a400000|100%| S|CS|TAMS 0x000000008a300000, 0x000000008a300000| Complete 
| 164|0x000000008a400000, 0x000000008a500000, 0x000000008a500000|100%| S|CS|TAMS 0x000000008a400000, 0x000000008a400000| Complete 
| 165|0x000000008a500000, 0x000000008a600000, 0x000000008a600000|100%| S|CS|TAMS 0x000000008a500000, 0x000000008a500000| Complete 
| 166|0x000000008a600000, 0x000000008a600000, 0x000000008a700000|  0%| F|  |TAMS 0x000000008a600000, 0x000000008a600000| Untracked 
| 167|0x000000008a700000, 0x000000008a700000, 0x000000008a800000|  0%| F|  |TAMS 0x000000008a700000, 0x000000008a700000| Untracked 
| 168|0x000000008a800000, 0x000000008a800000, 0x000000008a900000|  0%| F|  |TAMS 0x000000008a800000, 0x000000008a800000| Untracked 
| 169|0x000000008a900000, 0x000000008a900000, 0x000000008aa00000|  0%| F|  |TAMS 0x000000008a900000, 0x000000008a900000| Untracked 
| 170|0x000000008aa00000, 0x000000008aa00000, 0x000000008ab00000|  0%| F|  |TAMS 0x000000008aa00000, 0x000000008aa00000| Untracked 
| 171|0x000000008ab00000, 0x000000008ab00000, 0x000000008ac00000|  0%| F|  |TAMS 0x000000008ab00000, 0x000000008ab00000| Untracked 
| 172|0x000000008ac00000, 0x000000008ac00000, 0x000000008ad00000|  0%| F|  |TAMS 0x000000008ac00000, 0x000000008ac00000| Untracked 
| 173|0x000000008ad00000, 0x000000008ad00000, 0x000000008ae00000|  0%| F|  |TAMS 0x000000008ad00000, 0x000000008ad00000| Untracked 
| 174|0x000000008ae00000, 0x000000008ae00000, 0x000000008af00000|  0%| F|  |TAMS 0x000000008ae00000, 0x000000008ae00000| Untracked 
| 175|0x000000008af00000, 0x000000008af00000, 0x000000008b000000|  0%| F|  |TAMS 0x000000008af00000, 0x000000008af00000| Untracked 
| 176|0x000000008b000000, 0x000000008b000000, 0x000000008b100000|  0%| F|  |TAMS 0x000000008b000000, 0x000000008b000000| Untracked 
| 177|0x000000008b100000, 0x000000008b100000, 0x000000008b200000|  0%| F|  |TAMS 0x000000008b100000, 0x000000008b100000| Untracked 
| 178|0x000000008b200000, 0x000000008b200000, 0x000000008b300000|  0%| F|  |TAMS 0x000000008b200000, 0x000000008b200000| Untracked 
| 179|0x000000008b300000, 0x000000008b300000, 0x000000008b400000|  0%| F|  |TAMS 0x000000008b300000, 0x000000008b300000| Untracked 
| 180|0x000000008b400000, 0x000000008b400000, 0x000000008b500000|  0%| F|  |TAMS 0x000000008b400000, 0x000000008b400000| Untracked 
| 181|0x000000008b500000, 0x000000008b500000, 0x000000008b600000|  0%| F|  |TAMS 0x000000008b500000, 0x000000008b500000| Untracked 
| 182|0x000000008b600000, 0x000000008b600000, 0x000000008b700000|  0%| F|  |TAMS 0x000000008b600000, 0x000000008b600000| Untracked 
| 183|0x000000008b700000, 0x000000008b700000, 0x000000008b800000|  0%| F|  |TAMS 0x000000008b700000, 0x000000008b700000| Untracked 
| 184|0x000000008b800000, 0x000000008b800000, 0x000000008b900000|  0%| F|  |TAMS 0x000000008b800000, 0x000000008b800000| Untracked 
| 185|0x000000008b900000, 0x000000008ba00000, 0x000000008ba00000|100%| E|  |TAMS 0x000000008b900000, 0x000000008b900000| Complete 
| 186|0x000000008ba00000, 0x000000008bb00000, 0x000000008bb00000|100%| E|CS|TAMS 0x000000008ba00000, 0x000000008ba00000| Complete 
| 187|0x000000008bb00000, 0x000000008bc00000, 0x000000008bc00000|100%| E|CS|TAMS 0x000000008bb00000, 0x000000008bb00000| Complete 
| 188|0x000000008bc00000, 0x000000008bd00000, 0x000000008bd00000|100%| E|CS|TAMS 0x000000008bc00000, 0x000000008bc00000| Complete 
| 189|0x000000008bd00000, 0x000000008be00000, 0x000000008be00000|100%| E|CS|TAMS 0x000000008bd00000, 0x000000008bd00000| Complete 
| 190|0x000000008be00000, 0x000000008bf00000, 0x000000008bf00000|100%| E|CS|TAMS 0x000000008be00000, 0x000000008be00000| Complete 
| 191|0x000000008bf00000, 0x000000008c000000, 0x000000008c000000|100%| E|CS|TAMS 0x000000008bf00000, 0x000000008bf00000| Complete 
| 192|0x000000008c000000, 0x000000008c100000, 0x000000008c100000|100%| E|CS|TAMS 0x000000008c000000, 0x000000008c000000| Complete 
| 193|0x000000008c100000, 0x000000008c200000, 0x000000008c200000|100%| E|CS|TAMS 0x000000008c100000, 0x000000008c100000| Complete 
| 194|0x000000008c200000, 0x000000008c300000, 0x000000008c300000|100%| E|CS|TAMS 0x000000008c200000, 0x000000008c200000| Complete 
| 195|0x000000008c300000, 0x000000008c400000, 0x000000008c400000|100%| E|CS|TAMS 0x000000008c300000, 0x000000008c300000| Complete 
| 196|0x000000008c400000, 0x000000008c500000, 0x000000008c500000|100%| E|CS|TAMS 0x000000008c400000, 0x000000008c400000| Complete 
| 197|0x000000008c500000, 0x000000008c600000, 0x000000008c600000|100%| E|CS|TAMS 0x000000008c500000, 0x000000008c500000| Complete 
| 198|0x000000008c600000, 0x000000008c700000, 0x000000008c700000|100%| E|CS|TAMS 0x000000008c600000, 0x000000008c600000| Complete 
| 199|0x000000008c700000, 0x000000008c800000, 0x000000008c800000|100%| E|CS|TAMS 0x000000008c700000, 0x000000008c700000| Complete 
| 200|0x000000008c800000, 0x000000008c900000, 0x000000008c900000|100%| E|CS|TAMS 0x000000008c800000, 0x000000008c800000| Complete 
| 201|0x000000008c900000, 0x000000008ca00000, 0x000000008ca00000|100%| E|CS|TAMS 0x000000008c900000, 0x000000008c900000| Complete 
| 202|0x000000008ca00000, 0x000000008cb00000, 0x000000008cb00000|100%| E|CS|TAMS 0x000000008ca00000, 0x000000008ca00000| Complete 
| 203|0x000000008cb00000, 0x000000008cc00000, 0x000000008cc00000|100%| E|CS|TAMS 0x000000008cb00000, 0x000000008cb00000| Complete 
| 204|0x000000008cc00000, 0x000000008cd00000, 0x000000008cd00000|100%| E|CS|TAMS 0x000000008cc00000, 0x000000008cc00000| Complete 
| 205|0x000000008cd00000, 0x000000008ce00000, 0x000000008ce00000|100%| E|CS|TAMS 0x000000008cd00000, 0x000000008cd00000| Complete 
| 206|0x000000008ce00000, 0x000000008cf00000, 0x000000008cf00000|100%| E|CS|TAMS 0x000000008ce00000, 0x000000008ce00000| Complete 
| 207|0x000000008cf00000, 0x000000008d000000, 0x000000008d000000|100%| E|CS|TAMS 0x000000008cf00000, 0x000000008cf00000| Complete 
| 208|0x000000008d000000, 0x000000008d100000, 0x000000008d100000|100%| E|CS|TAMS 0x000000008d000000, 0x000000008d000000| Complete 
| 209|0x000000008d100000, 0x000000008d200000, 0x000000008d200000|100%| E|CS|TAMS 0x000000008d100000, 0x000000008d100000| Complete 
| 210|0x000000008d200000, 0x000000008d300000, 0x000000008d300000|100%| E|CS|TAMS 0x000000008d200000, 0x000000008d200000| Complete 
| 211|0x000000008d300000, 0x000000008d400000, 0x000000008d400000|100%| E|CS|TAMS 0x000000008d300000, 0x000000008d300000| Complete 
| 212|0x000000008d400000, 0x000000008d500000, 0x000000008d500000|100%| E|CS|TAMS 0x000000008d400000, 0x000000008d400000| Complete 
| 213|0x000000008d500000, 0x000000008d600000, 0x000000008d600000|100%| E|CS|TAMS 0x000000008d500000, 0x000000008d500000| Complete 
| 214|0x000000008d600000, 0x000000008d700000, 0x000000008d700000|100%| E|CS|TAMS 0x000000008d600000, 0x000000008d600000| Complete 
| 215|0x000000008d700000, 0x000000008d800000, 0x000000008d800000|100%| E|CS|TAMS 0x000000008d700000, 0x000000008d700000| Complete 
| 216|0x000000008d800000, 0x000000008d900000, 0x000000008d900000|100%| E|CS|TAMS 0x000000008d800000, 0x000000008d800000| Complete 
| 217|0x000000008d900000, 0x000000008d900000, 0x000000008da00000|  0%| F|  |TAMS 0x000000008d900000, 0x000000008d900000| Untracked 
| 218|0x000000008da00000, 0x000000008da00000, 0x000000008db00000|  0%| F|  |TAMS 0x000000008da00000, 0x000000008da00000| Untracked 
| 219|0x000000008db00000, 0x000000008db00000, 0x000000008dc00000|  0%| F|  |TAMS 0x000000008db00000, 0x000000008db00000| Untracked 
| 220|0x000000008dc00000, 0x000000008dc00000, 0x000000008dd00000|  0%| F|  |TAMS 0x000000008dc00000, 0x000000008dc00000| Untracked 
| 221|0x000000008dd00000, 0x000000008dd00000, 0x000000008de00000|  0%| F|  |TAMS 0x000000008dd00000, 0x000000008dd00000| Untracked 
| 222|0x000000008de00000, 0x000000008de00000, 0x000000008df00000|  0%| F|  |TAMS 0x000000008de00000, 0x000000008de00000| Untracked 
| 223|0x000000008df00000, 0x000000008e000000, 0x000000008e000000|100%| E|CS|TAMS 0x000000008df00000, 0x000000008df00000| Complete 

Card table byte_map: [0x000001ef51c30000,0x000001ef52030000] _byte_map_base: 0x000001ef51830000

Marking Bits (Prev, Next): (CMBitMap*) 0x000001ef3f0876f0, (CMBitMap*) 0x000001ef3f0876b0
 Prev Bits: [0x000001ef54430000, 0x000001ef56430000)
 Next Bits: [0x000001ef52430000, 0x000001ef54430000)

Polling page: 0x000001ef3e800000

Metaspace:

Usage:
  Non-class:     85.90 MB used.
      Class:     13.62 MB used.
       Both:     99.53 MB used.

Virtual space:
  Non-class space:       88.00 MB reserved,      86.31 MB ( 98%) committed,  11 nodes.
      Class space:        1.00 GB reserved,      14.00 MB (  1%) committed,  1 nodes.
             Both:        1.09 GB reserved,     100.31 MB (  9%) committed. 

Chunk freelists:
   Non-Class:  1.67 MB
       Class:  1.92 MB
        Both:  3.59 MB

MaxMetaspaceSize: unlimited
CompressedClassSpaceSize: 1.00 GB
Initial GC threshold: 21.00 MB
Current GC threshold: 131.56 MB
CDS: off
MetaspaceReclaimPolicy: balanced
 - commit_granule_bytes: 65536.
 - commit_granule_words: 8192.
 - virtual_space_node_default_size: 1048576.
 - enlarge_chunks_in_place: 1.
 - new_chunks_are_fully_committed: 0.
 - uncommit_free_chunks: 1.
 - use_allocation_guard: 0.
 - handle_deallocations: 1.


Internal statistics:

num_allocs_failed_limit: 6.
num_arena_births: 1020.
num_arena_deaths: 18.
num_vsnodes_births: 12.
num_vsnodes_deaths: 0.
num_space_committed: 1604.
num_space_uncommitted: 0.
num_chunks_returned_to_freelist: 28.
num_chunks_taken_from_freelist: 4831.
num_chunk_merges: 13.
num_chunk_splits: 3197.
num_chunks_enlarged: 2162.
num_purges: 2.
num_inconsistent_stats: 0.

CodeHeap 'non-profiled nmethods': size=120000Kb used=6668Kb max_used=6668Kb free=113331Kb
 bounds [0x000001ef49fd0000, 0x000001ef4a660000, 0x000001ef51500000]
CodeHeap 'profiled nmethods': size=120000Kb used=21177Kb max_used=21177Kb free=98822Kb
 bounds [0x000001ef42500000, 0x000001ef439b0000, 0x000001ef49a30000]
CodeHeap 'non-nmethods': size=5760Kb used=2401Kb max_used=2462Kb free=3358Kb
 bounds [0x000001ef49a30000, 0x000001ef49ca0000, 0x000001ef49fd0000]
 total_blobs=11843 nmethods=10909 adapters=846
 compilation: enabled
              stopped_count=0, restarted_count=0
 full_count=0

Compilation events (20 events):
Event: 13.956 Thread 0x000001ef598623c0 nmethod 12449 0x000001ef4a64d710 code [0x000001ef4a64d900, 0x000001ef4a64e778]
Event: 13.956 Thread 0x000001ef598623c0 12511       4       com.android.tools.r8.graph.p3::a (52 bytes)
Event: 13.957 Thread 0x000001ef598623c0 nmethod 12511 0x000001ef4a64f110 code [0x000001ef4a64f280, 0x000001ef4a64f398]
Event: 13.957 Thread 0x000001ef598623c0 12505       4       com.android.tools.r8.graph.u2::s0 (18 bytes)
Event: 13.958 Thread 0x000001ef602be200 nmethod 12484 0x000001ef4a64f490 code [0x000001ef4a64f6c0, 0x000001ef4a650ba0]
Event: 13.959 Thread 0x000001ef602be200 12506       4       com.android.tools.r8.graph.u2::<init> (21 bytes)
Event: 13.960 Thread 0x000001ef602be200 nmethod 12506 0x000001ef4a651690 code [0x000001ef4a651820, 0x000001ef4a6519a8]
Event: 13.961 Thread 0x000001ef602be200 12304       4       com.android.tools.r8.graph.g0::t0 (4 bytes)
Event: 13.961 Thread 0x000001ef602be200 nmethod 12304 0x000001ef4a651b10 code [0x000001ef4a651c80, 0x000001ef4a651cd8]
Event: 13.961 Thread 0x000001ef602be200 12279       4       java.lang.String::toCharArray (25 bytes)
Event: 13.961 Thread 0x000001ef598623c0 nmethod 12505 0x000001ef4a651e10 code [0x000001ef4a651f80, 0x000001ef4a652158]
Event: 13.961 Thread 0x000001ef598623c0 12517       4       com.android.tools.r8.graph.e2::<init> (57 bytes)
Event: 13.964 Thread 0x000001ef602be200 nmethod 12279 0x000001ef4a652210 code [0x000001ef4a6523a0, 0x000001ef4a6525a8]
Event: 13.964 Thread 0x000001ef602be200 12213       4       com.android.tools.r8.internal.Ia::g (26 bytes)
Event: 13.965 Thread 0x000001ef602be200 nmethod 12213 0x000001ef4a652710 code [0x000001ef4a652880, 0x000001ef4a652958]
Event: 13.965 Thread 0x000001ef598623c0 nmethod 12517 0x000001ef4a652a10 code [0x000001ef4a652b80, 0x000001ef4a652db8]
Event: 13.965 Thread 0x000001ef602be200 12401       4       com.android.tools.r8.internal.Ia::c (26 bytes)
Event: 13.965 Thread 0x000001ef598623c0 12362       4       com.android.tools.r8.utils.j1::e (140 bytes)
Event: 13.965 Thread 0x000001ef598623c0 nmethod 12362 0x000001ef4a652e10 code [0x000001ef4a652f80, 0x000001ef4a653038]
Event: 13.965 Thread 0x000001ef598623c0 12518       4       com.android.tools.r8.graph.T3::a (72 bytes)

GC Heap History (20 events):
Event: 8.402 GC heap before
{Heap before GC invocations=28 (full 0):
 garbage-first heap   total 122880K, used 97550K [0x0000000080000000, 0x0000000100000000)
  region size 1024K, 37 young (37888K), 5 survivors (5120K)
 Metaspace       used 72263K, committed 72832K, reserved 1114112K
  class space    used 9570K, committed 9856K, reserved 1048576K
}
Event: 8.408 GC heap after
{Heap after GC invocations=29 (full 0):
 garbage-first heap   total 122880K, used 67415K [0x0000000080000000, 0x0000000100000000)
  region size 1024K, 5 young (5120K), 5 survivors (5120K)
 Metaspace       used 72263K, committed 72832K, reserved 1114112K
  class space    used 9570K, committed 9856K, reserved 1048576K
}
Event: 8.881 GC heap before
{Heap before GC invocations=30 (full 0):
 garbage-first heap   total 122880K, used 100183K [0x0000000080000000, 0x0000000100000000)
  region size 1024K, 36 young (36864K), 5 survivors (5120K)
 Metaspace       used 76152K, committed 76736K, reserved 1122304K
  class space    used 10282K, committed 10560K, reserved 1048576K
}
Event: 8.886 GC heap after
{Heap after GC invocations=31 (full 0):
 garbage-first heap   total 122880K, used 69489K [0x0000000080000000, 0x0000000100000000)
  region size 1024K, 5 young (5120K), 5 survivors (5120K)
 Metaspace       used 76152K, committed 76736K, reserved 1122304K
  class space    used 10282K, committed 10560K, reserved 1048576K
}
Event: 9.265 GC heap before
{Heap before GC invocations=31 (full 0):
 garbage-first heap   total 122880K, used 100209K [0x0000000080000000, 0x0000000100000000)
  region size 1024K, 35 young (35840K), 5 survivors (5120K)
 Metaspace       used 79766K, committed 80384K, reserved 1122304K
  class space    used 10775K, committed 11072K, reserved 1048576K
}
Event: 9.270 GC heap after
{Heap after GC invocations=32 (full 0):
 garbage-first heap   total 223232K, used 71528K [0x0000000080000000, 0x0000000100000000)
  region size 1024K, 4 young (4096K), 4 survivors (4096K)
 Metaspace       used 79766K, committed 80384K, reserved 1122304K
  class space    used 10775K, committed 11072K, reserved 1048576K
}
Event: 10.611 GC heap before
{Heap before GC invocations=33 (full 0):
 garbage-first heap   total 223232K, used 164712K [0x0000000080000000, 0x0000000100000000)
  region size 1024K, 95 young (97280K), 4 survivors (4096K)
 Metaspace       used 90303K, committed 90944K, reserved 1130496K
  class space    used 12290K, committed 12608K, reserved 1048576K
}
Event: 10.620 GC heap after
{Heap after GC invocations=34 (full 0):
 garbage-first heap   total 223232K, used 78333K [0x0000000080000000, 0x0000000100000000)
  region size 1024K, 11 young (11264K), 11 survivors (11264K)
 Metaspace       used 90303K, committed 90944K, reserved 1130496K
  class space    used 12290K, committed 12608K, reserved 1048576K
}
Event: 11.600 GC heap before
{Heap before GC invocations=34 (full 0):
 garbage-first heap   total 223232K, used 171517K [0x0000000080000000, 0x0000000100000000)
  region size 1024K, 102 young (104448K), 11 survivors (11264K)
 Metaspace       used 93569K, committed 94208K, reserved 1130496K
  class space    used 12818K, committed 13120K, reserved 1048576K
}
Event: 11.614 GC heap after
{Heap after GC invocations=35 (full 0):
 garbage-first heap   total 223232K, used 90357K [0x0000000080000000, 0x0000000100000000)
  region size 1024K, 13 young (13312K), 13 survivors (13312K)
 Metaspace       used 93569K, committed 94208K, reserved 1130496K
  class space    used 12818K, committed 13120K, reserved 1048576K
}
Event: 12.330 GC heap before
{Heap before GC invocations=35 (full 0):
 garbage-first heap   total 223232K, used 170229K [0x0000000080000000, 0x0000000100000000)
  region size 1024K, 91 young (93184K), 13 survivors (13312K)
 Metaspace       used 95615K, committed 96256K, reserved 1138688K
  class space    used 13046K, committed 13312K, reserved 1048576K
}
Event: 12.340 GC heap after
{Heap after GC invocations=36 (full 0):
 garbage-first heap   total 223232K, used 95976K [0x0000000080000000, 0x0000000100000000)
  region size 1024K, 6 young (6144K), 6 survivors (6144K)
 Metaspace       used 95615K, committed 96256K, reserved 1138688K
  class space    used 13046K, committed 13312K, reserved 1048576K
}
Event: 12.937 GC heap before
{Heap before GC invocations=36 (full 0):
 garbage-first heap   total 223232K, used 174824K [0x0000000080000000, 0x0000000100000000)
  region size 1024K, 84 young (86016K), 6 survivors (6144K)
 Metaspace       used 96395K, committed 97088K, reserved 1138688K
  class space    used 13144K, committed 13440K, reserved 1048576K
}
Event: 12.945 GC heap after
{Heap after GC invocations=37 (full 0):
 garbage-first heap   total 223232K, used 100700K [0x0000000080000000, 0x0000000100000000)
  region size 1024K, 11 young (11264K), 11 survivors (11264K)
 Metaspace       used 96395K, committed 97088K, reserved 1138688K
  class space    used 13144K, committed 13440K, reserved 1048576K
}
Event: 13.396 GC heap before
{Heap before GC invocations=37 (full 0):
 garbage-first heap   total 223232K, used 180572K [0x0000000080000000, 0x0000000100000000)
  region size 1024K, 88 young (90112K), 11 survivors (11264K)
 Metaspace       used 97867K, committed 98624K, reserved 1138688K
  class space    used 13359K, committed 13760K, reserved 1048576K
}
Event: 13.405 GC heap after
{Heap after GC invocations=38 (full 0):
 garbage-first heap   total 223232K, used 109421K [0x0000000080000000, 0x0000000100000000)
  region size 1024K, 11 young (11264K), 11 survivors (11264K)
 Metaspace       used 97867K, committed 98624K, reserved 1138688K
  class space    used 13359K, committed 13760K, reserved 1048576K
}
Event: 13.555 GC heap before
{Heap before GC invocations=38 (full 0):
 garbage-first heap   total 223232K, used 180077K [0x0000000080000000, 0x0000000100000000)
  region size 1024K, 81 young (82944K), 11 survivors (11264K)
 Metaspace       used 98760K, committed 99520K, reserved 1138688K
  class space    used 13489K, committed 13888K, reserved 1048576K
}
Event: 13.563 GC heap after
{Heap after GC invocations=39 (full 0):
 garbage-first heap   total 223232K, used 125776K [0x0000000080000000, 0x0000000100000000)
  region size 1024K, 11 young (11264K), 11 survivors (11264K)
 Metaspace       used 98760K, committed 99520K, reserved 1138688K
  class space    used 13489K, committed 13888K, reserved 1048576K
}
Event: 13.823 GC heap before
{Heap before GC invocations=39 (full 0):
 garbage-first heap   total 223232K, used 178000K [0x0000000080000000, 0x0000000100000000)
  region size 1024K, 63 young (64512K), 11 survivors (11264K)
 Metaspace       used 101615K, committed 102400K, reserved 1138688K
  class space    used 13909K, committed 14272K, reserved 1048576K
}
Event: 13.832 GC heap after
{Heap after GC invocations=40 (full 0):
 garbage-first heap   total 223232K, used 134451K [0x0000000080000000, 0x0000000100000000)
  region size 1024K, 8 young (8192K), 8 survivors (8192K)
 Metaspace       used 101615K, committed 102400K, reserved 1138688K
  class space    used 13909K, committed 14272K, reserved 1048576K
}

Dll operation events (2 events):
Event: 0.005 Loaded shared library D:\Android_Studio\jbr\bin\java.dll
Event: 0.365 Loaded shared library D:\Android_Studio\jbr\bin\verify.dll

Deoptimization events (20 events):
Event: 13.841 Thread 0x000001ef5aa9a0e0 DEOPT PACKING pc=0x000001ef439503fe sp=0x000000cccbbfa080
Event: 13.841 Thread 0x000001ef5aa9a0e0 DEOPT UNPACKING pc=0x000001ef49a87143 sp=0x000000cccbbf94f0 mode 0
Event: 13.842 Thread 0x000001ef5db33a60 DEOPT PACKING pc=0x000001ef439503fe sp=0x000000cccc7fa340
Event: 13.842 Thread 0x000001ef5db33a60 DEOPT UNPACKING pc=0x000001ef49a87143 sp=0x000000cccc7f97b0 mode 0
Event: 13.843 Thread 0x000001ef5aa9a0e0 DEOPT PACKING pc=0x000001ef439503fe sp=0x000000cccbbfa190
Event: 13.843 Thread 0x000001ef5aa9a0e0 DEOPT UNPACKING pc=0x000001ef49a87143 sp=0x000000cccbbf9600 mode 0
Event: 13.844 Thread 0x000001ef5aa9a0e0 DEOPT PACKING pc=0x000001ef439503fe sp=0x000000cccbbfa2b0
Event: 13.844 Thread 0x000001ef5aa9a0e0 DEOPT UNPACKING pc=0x000001ef49a87143 sp=0x000000cccbbf9720 mode 0
Event: 13.846 Thread 0x000001ef5aa9a0e0 DEOPT PACKING pc=0x000001ef439503fe sp=0x000000cccbbfa2b0
Event: 13.846 Thread 0x000001ef5aa9a0e0 DEOPT UNPACKING pc=0x000001ef49a87143 sp=0x000000cccbbf9720 mode 0
Event: 13.847 Thread 0x000001ef5db33a60 DEOPT PACKING pc=0x000001ef439503fe sp=0x000000cccc7fa2a0
Event: 13.847 Thread 0x000001ef5db33a60 DEOPT UNPACKING pc=0x000001ef49a87143 sp=0x000000cccc7f9710 mode 0
Event: 13.903 Thread 0x000001ef5c959200 DEOPT PACKING pc=0x000001ef43993487 sp=0x000000cccdbf7370
Event: 13.903 Thread 0x000001ef5c959200 DEOPT UNPACKING pc=0x000001ef49a87143 sp=0x000000cccdbf6858 mode 0
Event: 13.909 Thread 0x000001ef5c959200 Uncommon trap: trap_request=0xffffff45 fr.pc=0x000001ef4a6387ac relative=0x000000000000126c
Event: 13.910 Thread 0x000001ef5c959200 Uncommon trap: reason=unstable_if action=reinterpret pc=0x000001ef4a6387ac method=java.util.concurrent.ConcurrentHashMap.computeIfAbsent(Ljava/lang/Object;Ljava/util/function/Function;)Ljava/lang/Object; @ 244 c2
Event: 13.910 Thread 0x000001ef5c959200 DEOPT PACKING pc=0x000001ef4a6387ac sp=0x000000cccdbf6b20
Event: 13.910 Thread 0x000001ef5c959200 DEOPT UNPACKING pc=0x000001ef49a869a3 sp=0x000000cccdbf6aa8 mode 2
Event: 13.926 Thread 0x000001ef5c959200 DEOPT PACKING pc=0x000001ef43971229 sp=0x000000cccdbf6780
Event: 13.926 Thread 0x000001ef5c959200 DEOPT UNPACKING pc=0x000001ef49a87143 sp=0x000000cccdbf5cc8 mode 0

Classes unloaded (9 events):
Event: 13.967 Thread 0x000001ef58eb3720 Unloading class 0x0000000100d1c800 'java/lang/invoke/LambdaForm$DMH+0x0000000100d1c800'
Event: 13.967 Thread 0x000001ef58eb3720 Unloading class 0x0000000100d1c000 'java/lang/invoke/LambdaForm$DMH+0x0000000100d1c000'
Event: 13.967 Thread 0x000001ef58eb3720 Unloading class 0x0000000100d09c00 'java/lang/invoke/LambdaForm$DMH+0x0000000100d09c00'
Event: 13.967 Thread 0x000001ef58eb3720 Unloading class 0x0000000100d09800 'java/lang/invoke/LambdaForm$DMH+0x0000000100d09800'
Event: 13.967 Thread 0x000001ef58eb3720 Unloading class 0x0000000100d09400 'java/lang/invoke/LambdaForm$DMH+0x0000000100d09400'
Event: 13.967 Thread 0x000001ef58eb3720 Unloading class 0x0000000100d09000 'java/lang/invoke/LambdaForm$DMH+0x0000000100d09000'
Event: 13.967 Thread 0x000001ef58eb3720 Unloading class 0x0000000100d08c00 'java/lang/invoke/LambdaForm$DMH+0x0000000100d08c00'
Event: 13.967 Thread 0x000001ef58eb3720 Unloading class 0x0000000100d08000 'java/lang/invoke/LambdaForm$DMH+0x0000000100d08000'
Event: 13.967 Thread 0x000001ef58eb3720 Unloading class 0x0000000100d08400 'java/lang/invoke/LambdaForm$DMH+0x0000000100d08400'

Classes redefined (0 events):
No events

Internal exceptions (20 events):
Event: 13.328 Thread 0x000001ef5db32250 Exception <a 'sun/nio/fs/WindowsException'{0x000000008a4b1378}> (0x000000008a4b1378) 
thrown [s\src\hotspot\share\prims\jni.cpp, line 517]
Event: 13.328 Thread 0x000001ef5aa97a60 Exception <a 'sun/nio/fs/WindowsException'{0x000000008a4caf48}> (0x000000008a4caf48) 
thrown [s\src\hotspot\share\prims\jni.cpp, line 517]
Event: 13.328 Thread 0x000001ef5f329dd0 Exception <a 'sun/nio/fs/WindowsException'{0x000000008a533440}> (0x000000008a533440) 
thrown [s\src\hotspot\share\prims\jni.cpp, line 517]
Event: 13.459 Thread 0x000001ef5db33a60 Exception <a 'sun/nio/fs/WindowsException'{0x000000008ba244f8}> (0x000000008ba244f8) 
thrown [s\src\hotspot\share\prims\jni.cpp, line 517]
Event: 13.482 Thread 0x000001ef5f32a2a0 Exception <a 'sun/nio/fs/WindowsException'{0x000000008b247ba8}> (0x000000008b247ba8) 
thrown [s\src\hotspot\share\prims\jni.cpp, line 517]
Event: 13.571 Thread 0x000001ef5d07e8b0 Exception <a 'sun/nio/fs/WindowsException'{0x000000008d6638c0}> (0x000000008d6638c0) 
thrown [s\src\hotspot\share\prims\jni.cpp, line 517]
Event: 13.573 Thread 0x000001ef5aa9a0e0 Exception <a 'sun/nio/fs/WindowsException'{0x000000008d69dea0}> (0x000000008d69dea0) 
thrown [s\src\hotspot\share\prims\jni.cpp, line 517]
Event: 13.642 Thread 0x000001ef5db32250 Exception <a 'java/lang/NoSuchMethodError'{0x000000008c9bd9f8}: 'java.lang.Object java.lang.invoke.DirectMethodHandle$Holder.invokeStaticInit(java.lang.Object, java.lang.Object, java.lang.Object, java.lang.Object, java.lang.Object, java.lang.Object, java.lang.Object, java.lang.Object, java.lang.Object, java.lang.Object, java.lang.Object, java.lang.Object, java.lang.Object, java.lang.Object, java.lang.Object, java.lang.Object, java.lang.Object, java.lang.Object, java.lang.Object, java.lang.Object, int, java
Event: 13.671 Thread 0x000001ef5db33a60 Exception <a 'java/lang/IncompatibleClassChangeError'{0x000000008c69a5c8}: Found class java.lang.Object, but interface was expected> (0x000000008c69a5c8) 
thrown [s\src\hotspot\share\interpreter\linkResolver.cpp, line 838]
Event: 13.671 Thread 0x000001ef5aa9a0e0 Exception <a 'java/lang/IncompatibleClassChangeError'{0x000000008cce35a0}: Found class java.lang.Object, but interface was expected> (0x000000008cce35a0) 
thrown [s\src\hotspot\share\interpreter\linkResolver.cpp, line 838]
Event: 13.671 Thread 0x000001ef5db32250 Exception <a 'java/lang/IncompatibleClassChangeError'{0x000000008c6b05d0}: Found class java.lang.Object, but interface was expected> (0x000000008c6b05d0) 
thrown [s\src\hotspot\share\interpreter\linkResolver.cpp, line 838]
Event: 13.705 Thread 0x000001ef5c959200 Exception <a 'sun/nio/fs/WindowsException'{0x000000008bb50790}> (0x000000008bb50790) 
thrown [s\src\hotspot\share\prims\jni.cpp, line 517]
Event: 13.715 Thread 0x000001ef5d07e8b0 Exception <a 'java/lang/NoSuchMethodError'{0x000000008bf8e2f0}: 'java.lang.Object java.lang.invoke.DirectMethodHandle$Holder.newInvokeSpecial(java.lang.Object, long)'> (0x000000008bf8e2f0) 
thrown [s\src\hotspot\share\interpreter\linkResolver.cpp, line 771]
Event: 13.715 Thread 0x000001ef5c959200 Exception <a 'java/lang/NoSuchMethodError'{0x000000008ba2c7b0}: 'java.lang.Object java.lang.invoke.DirectMethodHandle$Holder.newInvokeSpecial(java.lang.Object, long)'> (0x000000008ba2c7b0) 
thrown [s\src\hotspot\share\interpreter\linkResolver.cpp, line 771]
Event: 13.715 Thread 0x000001ef5aa97a60 Exception <a 'java/lang/NoSuchMethodError'{0x000000008ba4a5b0}: 'java.lang.Object java.lang.invoke.DirectMethodHandle$Holder.newInvokeSpecial(java.lang.Object, long)'> (0x000000008ba4a5b0) 
thrown [s\src\hotspot\share\interpreter\linkResolver.cpp, line 771]
Event: 13.715 Thread 0x000001ef5aa9a0e0 Exception <a 'java/lang/NoSuchMethodError'{0x000000008be26dc0}: 'java.lang.Object java.lang.invoke.DirectMethodHandle$Holder.newInvokeSpecial(java.lang.Object, long)'> (0x000000008be26dc0) 
thrown [s\src\hotspot\share\interpreter\linkResolver.cpp, line 771]
Event: 13.715 Thread 0x000001ef5db33a60 Exception <a 'java/lang/NoSuchMethodError'{0x000000008bb64768}: 'java.lang.Object java.lang.invoke.DirectMethodHandle$Holder.newInvokeSpecial(java.lang.Object, long)'> (0x000000008bb64768) 
thrown [s\src\hotspot\share\interpreter\linkResolver.cpp, line 771]
Event: 13.715 Thread 0x000001ef5db32250 Exception <a 'java/lang/NoSuchMethodError'{0x000000008ba6de00}: 'java.lang.Object java.lang.invoke.DirectMethodHandle$Holder.newInvokeSpecial(java.lang.Object, long)'> (0x000000008ba6de00) 
thrown [s\src\hotspot\share\interpreter\linkResolver.cpp, line 771]
Event: 13.715 Thread 0x000001ef5f32a2a0 Exception <a 'java/lang/NoSuchMethodError'{0x000000008ba67f20}: 'java.lang.Object java.lang.invoke.DirectMethodHandle$Holder.newInvokeSpecial(java.lang.Object, long)'> (0x000000008ba67f20) 
thrown [s\src\hotspot\share\interpreter\linkResolver.cpp, line 771]
Event: 13.715 Thread 0x000001ef5f329dd0 Exception <a 'java/lang/NoSuchMethodError'{0x000000008ba63d18}: 'java.lang.Object java.lang.invoke.DirectMethodHandle$Holder.newInvokeSpecial(java.lang.Object, long)'> (0x000000008ba63d18) 
thrown [s\src\hotspot\share\interpreter\linkResolver.cpp, line 771]

VM Operations (20 events):
Event: 13.241 Executing VM operation: ICBufferFull done
Event: 13.342 Executing VM operation: HandshakeAllThreads
Event: 13.342 Executing VM operation: HandshakeAllThreads done
Event: 13.395 Executing VM operation: G1CollectForAllocation
Event: 13.396 Executing VM operation: G1CollectForAllocation done
Event: 13.396 Executing VM operation: G1CollectForAllocation
Event: 13.405 Executing VM operation: G1CollectForAllocation done
Event: 13.425 Executing VM operation: HandshakeAllThreads
Event: 13.437 Executing VM operation: HandshakeAllThreads done
Event: 13.555 Executing VM operation: G1CollectForAllocation
Event: 13.563 Executing VM operation: G1CollectForAllocation done
Event: 13.652 Executing VM operation: HandshakeAllThreads
Event: 13.652 Executing VM operation: HandshakeAllThreads done
Event: 13.678 Executing VM operation: HandshakeAllThreads
Event: 13.679 Executing VM operation: HandshakeAllThreads done
Event: 13.713 Executing VM operation: HandshakeAllThreads
Event: 13.713 Executing VM operation: HandshakeAllThreads done
Event: 13.823 Executing VM operation: G1CollectForAllocation
Event: 13.833 Executing VM operation: G1CollectForAllocation done
Event: 13.966 Executing VM operation: G1Concurrent

Events (20 events):
Event: 13.232 loading class java/nio/file/PathMatcher done
Event: 13.232 loading class sun/nio/fs/WindowsFileSystem$2 done
Event: 13.235 Thread 0x000001ef5986b2f0 flushing nmethod 0x000001ef4a42ad10
Event: 13.235 Thread 0x000001ef5986b2f0 flushing nmethod 0x000001ef4a42b710
Event: 13.238 Thread 0x000001ef5986b2f0 flushing nmethod 0x000001ef42707a90
Event: 13.248 Thread 0x000001ef5986b2f0 flushing nmethod 0x000001ef42e44990
Event: 13.248 Thread 0x000001ef5986b2f0 flushing nmethod 0x000001ef42e7ae90
Event: 13.249 Thread 0x000001ef5986b2f0 flushing nmethod 0x000001ef42ef9210
Event: 13.253 Thread 0x000001ef5986b2f0 flushing nmethod 0x000001ef43397a10
Event: 13.254 Thread 0x000001ef5986b2f0 flushing nmethod 0x000001ef43512190
Event: 13.287 loading class java/util/zip/ZipInputStream
Event: 13.287 loading class java/util/zip/ZipInputStream done
Event: 13.381 loading class java/io/UTFDataFormatException
Event: 13.381 loading class java/io/UTFDataFormatException done
Event: 13.529 loading class java/util/concurrent/RejectedExecutionException
Event: 13.529 loading class java/util/concurrent/RejectedExecutionException done
Event: 13.668 loading class java/lang/reflect/GenericSignatureFormatError
Event: 13.668 loading class java/lang/reflect/GenericSignatureFormatError done
Event: 13.729 loading class java/util/concurrent/ConcurrentLinkedQueue$Itr
Event: 13.729 loading class java/util/concurrent/ConcurrentLinkedQueue$Itr done


Dynamic libraries:
0x00007ff6cfae0000 - 0x00007ff6cfaea000 	D:\Android_Studio\jbr\bin\java.exe
0x00007ff9d3550000 - 0x00007ff9d3747000 	C:\WINDOWS\SYSTEM32\ntdll.dll
0x00007ff9d1c50000 - 0x00007ff9d1d0d000 	C:\WINDOWS\System32\KERNEL32.DLL
0x00007ff9d0ef0000 - 0x00007ff9d11e6000 	C:\WINDOWS\System32\KERNELBASE.dll
0x00007ff9d11f0000 - 0x00007ff9d12f0000 	C:\WINDOWS\System32\ucrtbase.dll
0x00007ff977680000 - 0x00007ff977697000 	D:\Android_Studio\jbr\bin\jli.dll
0x00007ff9a5a20000 - 0x00007ff9a5a3b000 	D:\Android_Studio\jbr\bin\VCRUNTIME140.dll
0x00007ff9d2600000 - 0x00007ff9d279e000 	C:\WINDOWS\System32\USER32.dll
0x00007ff9bad50000 - 0x00007ff9bafea000 	C:\WINDOWS\WinSxS\amd64_microsoft.windows.common-controls_6595b64144ccf1df_6.0.19041.3570_none_60bb2a3971f3e41a\COMCTL32.dll
0x00007ff9d0e70000 - 0x00007ff9d0e92000 	C:\WINDOWS\System32\win32u.dll
0x00007ff9d2870000 - 0x00007ff9d289c000 	C:\WINDOWS\System32\GDI32.dll
0x00007ff9d2490000 - 0x00007ff9d252e000 	C:\WINDOWS\System32\msvcrt.dll
0x00007ff9d0c30000 - 0x00007ff9d0d4a000 	C:\WINDOWS\System32\gdi32full.dll
0x00007ff9d12f0000 - 0x00007ff9d138d000 	C:\WINDOWS\System32\msvcp_win.dll
0x00007ff9d15d0000 - 0x00007ff9d1600000 	C:\WINDOWS\System32\IMM32.DLL
0x00007ff9be560000 - 0x00007ff9be56c000 	D:\Android_Studio\jbr\bin\vcruntime140_1.dll
0x00007ff9a5a40000 - 0x00007ff9a5acd000 	D:\Android_Studio\jbr\bin\msvcp140.dll
0x00007ff95d0b0000 - 0x00007ff95dd1e000 	D:\Android_Studio\jbr\bin\server\jvm.dll
0x00007ff9d16d0000 - 0x00007ff9d177e000 	C:\WINDOWS\System32\ADVAPI32.dll
0x00007ff9d1bb0000 - 0x00007ff9d1c4c000 	C:\WINDOWS\System32\sechost.dll
0x00007ff9d18c0000 - 0x00007ff9d19e6000 	C:\WINDOWS\System32\RPCRT4.dll
0x00007ff9c7f90000 - 0x00007ff9c7f9a000 	C:\WINDOWS\SYSTEM32\VERSION.dll
0x00007ff9cb2c0000 - 0x00007ff9cb2c9000 	C:\WINDOWS\SYSTEM32\WSOCK32.dll
0x00007ff9c7f60000 - 0x00007ff9c7f87000 	C:\WINDOWS\SYSTEM32\WINMM.dll
0x00007ff9d1e30000 - 0x00007ff9d1e9b000 	C:\WINDOWS\System32\WS2_32.dll
0x00007ff9cf480000 - 0x00007ff9cf492000 	C:\WINDOWS\SYSTEM32\kernel.appcore.dll
0x00007ff9cb2b0000 - 0x00007ff9cb2ba000 	D:\Android_Studio\jbr\bin\jimage.dll
0x00007ff9ce950000 - 0x00007ff9ceb34000 	C:\WINDOWS\SYSTEM32\DBGHELP.DLL
0x00007ff9b7230000 - 0x00007ff9b7264000 	C:\WINDOWS\SYSTEM32\dbgcore.DLL
0x00007ff9d1390000 - 0x00007ff9d1412000 	C:\WINDOWS\System32\bcryptPrimitives.dll
0x00007ff9b23f0000 - 0x00007ff9b2415000 	D:\Android_Studio\jbr\bin\java.dll
0x00007ff9b0a10000 - 0x00007ff9b0a28000 	D:\Android_Studio\jbr\bin\zip.dll
0x00007ff9d28a0000 - 0x00007ff9d2fe4000 	C:\WINDOWS\System32\SHELL32.dll
0x00007ff9cebe0000 - 0x00007ff9cf37b000 	C:\WINDOWS\SYSTEM32\windows.storage.dll
0x00007ff9d2130000 - 0x00007ff9d2484000 	C:\WINDOWS\System32\combase.dll
0x00007ff9d05a0000 - 0x00007ff9d05cd000 	C:\WINDOWS\SYSTEM32\Wldp.dll
0x00007ff9d3460000 - 0x00007ff9d350d000 	C:\WINDOWS\System32\SHCORE.dll
0x00007ff9d1800000 - 0x00007ff9d1855000 	C:\WINDOWS\System32\shlwapi.dll
0x00007ff9d0b60000 - 0x00007ff9d0b85000 	C:\WINDOWS\SYSTEM32\profapi.dll
0x00007ff9ac5f0000 - 0x00007ff9ac609000 	D:\Android_Studio\jbr\bin\net.dll
0x00007ff9c9c60000 - 0x00007ff9c9d6a000 	C:\WINDOWS\SYSTEM32\WINHTTP.dll
0x00007ff9d0300000 - 0x00007ff9d036a000 	C:\WINDOWS\system32\mswsock.dll
0x00007ff9776a0000 - 0x00007ff9776b6000 	D:\Android_Studio\jbr\bin\nio.dll
0x00007ff9c5950000 - 0x00007ff9c5960000 	D:\Android_Studio\jbr\bin\verify.dll
0x00007ff9bc310000 - 0x00007ff9bc337000 	C:\Users\lukak\.gradle\native\68d5fa5c4cc2d200863cafc0d521ce42e7d3e7ee720ec0a83991735586a16f82\windows-amd64\native-platform.dll
0x00007ff9a6d70000 - 0x00007ff9a6eb4000 	C:\Users\lukak\.gradle\native\e376f236ea51e6404a007f0833ffe2c6e607c4080706a723a18a27aeea778392\windows-amd64\native-platform-file-events.dll
0x00007ff9b5760000 - 0x00007ff9b5769000 	D:\Android_Studio\jbr\bin\management.dll
0x00007ff9ac5e0000 - 0x00007ff9ac5eb000 	D:\Android_Studio\jbr\bin\management_ext.dll
0x00007ff9d1600000 - 0x00007ff9d1608000 	C:\WINDOWS\System32\PSAPI.DLL
0x00007ff9d0500000 - 0x00007ff9d0518000 	C:\WINDOWS\SYSTEM32\CRYPTSP.dll
0x00007ff9cfc10000 - 0x00007ff9cfc44000 	C:\WINDOWS\system32\rsaenh.dll
0x00007ff9d1580000 - 0x00007ff9d15a7000 	C:\WINDOWS\System32\bcrypt.dll
0x00007ff9d0ae0000 - 0x00007ff9d0b0e000 	C:\WINDOWS\SYSTEM32\USERENV.dll
0x00007ff9d04f0000 - 0x00007ff9d04fc000 	C:\WINDOWS\SYSTEM32\CRYPTBASE.dll
0x00007ff9cfff0000 - 0x00007ff9d002b000 	C:\WINDOWS\SYSTEM32\IPHLPAPI.DLL
0x00007ff9d16c0000 - 0x00007ff9d16c8000 	C:\WINDOWS\System32\NSI.dll
0x00007ff9ca860000 - 0x00007ff9ca877000 	C:\WINDOWS\SYSTEM32\dhcpcsvc6.DLL
0x00007ff9ca840000 - 0x00007ff9ca85d000 	C:\WINDOWS\SYSTEM32\dhcpcsvc.DLL
0x00007ff9d0030000 - 0x00007ff9d00fa000 	C:\WINDOWS\SYSTEM32\DNSAPI.dll
0x00007ff9cdf20000 - 0x00007ff9cdf27000 	C:\WINDOWS\system32\wshunix.dll
0x00007ff996850000 - 0x00007ff996867000 	C:\WINDOWS\system32\napinsp.dll
0x00007ff996830000 - 0x00007ff99684b000 	C:\WINDOWS\system32\pnrpnsp.dll
0x00007ff9b4c80000 - 0x00007ff9b4c95000 	C:\WINDOWS\system32\wshbth.dll
0x00007ff9cc1c0000 - 0x00007ff9cc1dd000 	C:\WINDOWS\system32\NLAapi.dll
0x00007ff996810000 - 0x00007ff996822000 	C:\WINDOWS\System32\winrnr.dll
0x00007ff9c8350000 - 0x00007ff9c835a000 	C:\Windows\System32\rasadhlp.dll
0x00007ff9c7e70000 - 0x00007ff9c7ef2000 	C:\WINDOWS\System32\fwpuclnt.dll

dbghelp: loaded successfully - version: 4.0.5 - missing functions: none
symbol engine: initialized successfully - sym options: 0x614 - pdb path: .;D:\Android_Studio\jbr\bin;C:\WINDOWS\SYSTEM32;C:\WINDOWS\WinSxS\amd64_microsoft.windows.common-controls_6595b64144ccf1df_6.0.19041.3570_none_60bb2a3971f3e41a;D:\Android_Studio\jbr\bin\server;C:\Users\lukak\.gradle\native\68d5fa5c4cc2d200863cafc0d521ce42e7d3e7ee720ec0a83991735586a16f82\windows-amd64;C:\Users\lukak\.gradle\native\e376f236ea51e6404a007f0833ffe2c6e607c4080706a723a18a27aeea778392\windows-amd64

VM Arguments:
jvm_args: --add-opens=java.base/java.util=ALL-UNNAMED --add-opens=java.base/java.lang=ALL-UNNAMED --add-opens=java.base/java.lang.invoke=ALL-UNNAMED --add-opens=java.prefs/java.util.prefs=ALL-UNNAMED --add-opens=java.base/java.nio.charset=ALL-UNNAMED --add-opens=java.base/java.net=ALL-UNNAMED --add-opens=java.base/java.util.concurrent.atomic=ALL-UNNAMED -Xmx2048m -Dfile.encoding=UTF-8 -Duser.country=AR -Duser.language=es -Duser.variant 
java_command: org.gradle.launcher.daemon.bootstrap.GradleDaemon 8.0
java_class_path (initial): C:\Users\lukak\.gradle\wrapper\dists\gradle-8.0-bin\ca5e32bp14vu59qr306oxotwh\gradle-8.0\lib\gradle-launcher-8.0.jar
Launcher Type: SUN_STANDARD

[Global flags]
     intx CICompilerCount                          = 4                                         {product} {ergonomic}
     uint ConcGCThreads                            = 2                                         {product} {ergonomic}
     uint G1ConcRefinementThreads                  = 8                                         {product} {ergonomic}
   size_t G1HeapRegionSize                         = 1048576                                   {product} {ergonomic}
    uintx GCDrainStackTargetSize                   = 64                                        {product} {ergonomic}
   size_t InitialHeapSize                          = 234881024                                 {product} {ergonomic}
   size_t MarkStackSize                            = 4194304                                   {product} {ergonomic}
   size_t MaxHeapSize                              = 2147483648                                {product} {command line}
   size_t MaxNewSize                               = 1287651328                                {product} {ergonomic}
   size_t MinHeapDeltaBytes                        = 1048576                                   {product} {ergonomic}
   size_t MinHeapSize                              = 8388608                                   {product} {ergonomic}
    uintx NonNMethodCodeHeapSize                   = 5839372                                {pd product} {ergonomic}
    uintx NonProfiledCodeHeapSize                  = 122909434                              {pd product} {ergonomic}
    uintx ProfiledCodeHeapSize                     = 122909434                              {pd product} {ergonomic}
    uintx ReservedCodeCacheSize                    = 251658240                              {pd product} {ergonomic}
     bool SegmentedCodeCache                       = true                                      {product} {ergonomic}
   size_t SoftMaxHeapSize                          = 2147483648                             {manageable} {ergonomic}
     bool UseCompressedClassPointers               = true                           {product lp64_product} {ergonomic}
     bool UseCompressedOops                        = true                           {product lp64_product} {ergonomic}
     bool UseG1GC                                  = true                                      {product} {ergonomic}
     bool UseLargePagesIndividualAllocation        = false                                  {pd product} {ergonomic}

Logging:
Log output configuration:
 #0: stdout all=warning uptime,level,tags
 #1: stderr all=off uptime,level,tags

Environment Variables:
PATH=C:\Program Files (x86)\Common Files\Oracle\Java\javapath;C:\WINDOWS\system32;C:\WINDOWS;C:\WINDOWS\System32\Wbem;C:\WINDOWS\System32\WindowsPowerShell\v1.0\;C:\WINDOWS\System32\OpenSSH\;C:\Program Files\dotnet\;C:\Program Files\Git\cmd;C:\Users\lukak\AppData\Local\Microsoft\WindowsApps;C:\Users\lukak\AppData\Local\GitHubDesktop\bin
USERNAME=lukak
OS=Windows_NT
PROCESSOR_IDENTIFIER=AMD64 Family 23 Model 24 Stepping 1, AuthenticAMD
TMP=C:\Users\lukak\AppData\Local\Temp
TEMP=C:\Users\lukak\AppData\Local\Temp


JNI global refs:
JNI global refs: 29, weak refs: 55

JNI global refs memory usage: 843, weak refs: 1473


---------------  S Y S T E M  ---------------

OS:
 Windows 10 , 64 bit Build 19041 (10.0.19041.3570)
OS uptime: 0 days 3:29 hours

CPU: total 8 (initial active 8) (8 cores per cpu, 2 threads per core) family 23 model 24 stepping 1 microcode 0x0, cx8, cmov, fxsr, ht, mmx, 3dnowpref, sse, sse2, sse3, ssse3, sse4a, sse4.1, sse4.2, popcnt, lzcnt, tsc, tscinvbit, avx, avx2, aes, clmul, bmi1, bmi2, adx, sha, fma, vzeroupper, clflush, clflushopt

Memory: 4k page, system-wide physical 14284M (2041M free)
TotalPageFile size 16332M (AvailPageFile size 49M)
current process WorkingSet (physical memory assigned to process): 544M, peak: 544M
current process commit charge ("private bytes"): 602M, peak: 653M

vm_info: OpenJDK 64-Bit Server VM (17.0.6+0-b2043.56-10027231) for windows-amd64 JRE (17.0.6+0-b2043.56-10027231), built on Apr 28 2023 00:43:19 by "androidbuild" with MS VC++ 16.10 / 16.11 (VS2019)

END.
