#
# There is insufficient memory for the Java Runtime Environment to continue.
# Native memory allocation (mmap) failed to map 219152384 bytes for G1 virtual space
# Possible reasons:
#   The system is out of physical RAM or swap space
#   The process is running with CompressedOops enabled, and the Java Heap may be blocking the growth of the native heap
# Possible solutions:
#   Reduce memory load on the system
#   Increase physical memory or swap space
#   Check if swap backing store is full
#   Decrease Java heap size (-Xmx/-Xms)
#   Decrease number of Java threads
#   Decrease Java thread stack sizes (-Xss)
#   Set larger code cache with -XX:ReservedCodeCacheSize=
#   JVM is running with Unscaled Compressed Oops mode in which the Java heap is
#     placed in the first 4GB address space. The Java Heap base address is the
#     maximum limit for the native heap growth. Please use -XX:HeapBaseMinAddress
#     to set the Java Heap base and to place the Java Heap above 4GB virtual address.
# This output file may be truncated or incomplete.
#
#  Out of Memory Error (os_windows.cpp:3769), pid=10020, tid=6932
#
# JRE version: OpenJDK Runtime Environment (17.0.6) (build 17.0.6+0-b2043.56-10027231)
# Java VM: OpenJDK 64-Bit Server VM (17.0.6+0-b2043.56-10027231, mixed mode, tiered, compressed oops, compressed class ptrs, g1 gc, windows-amd64)
# No core dump will be written. Minidumps are not enabled by default on client versions of Windows
#

---------------  S U M M A R Y ------------

Command Line: --add-opens=java.base/java.util=ALL-UNNAMED --add-opens=java.base/java.lang=ALL-UNNAMED --add-opens=java.base/java.lang.invoke=ALL-UNNAMED --add-opens=java.prefs/java.util.prefs=ALL-UNNAMED --add-opens=java.base/java.nio.charset=ALL-UNNAMED --add-opens=java.base/java.net=ALL-UNNAMED --add-opens=java.base/java.util.concurrent.atomic=ALL-UNNAMED -Xmx2048m -Dfile.encoding=UTF-8 -Duser.country=AR -Duser.language=es -Duser.variant org.gradle.launcher.daemon.bootstrap.GradleDaemon 8.0

Host: AMD Ryzen 5 3400G with Radeon Vega Graphics    , 8 cores, 13G,  Windows 10 , 64 bit Build 19041 (10.0.19041.3570)
Time: Tue Oct 31 18:37:15 2023 Hora estándar de Argentina elapsed time: 14.684427 seconds (0d 0h 0m 14s)

---------------  T H R E A D  ---------------

Current thread (0x00000145e7c1ac50):  VMThread "VM Thread" [stack: 0x0000002733a00000,0x0000002733b00000] [id=6932]

Stack: [0x0000002733a00000,0x0000002733b00000]
Native frames: (J=compiled Java code, j=interpreted, Vv=VM code, C=native code)
V  [jvm.dll+0x683c9a]
V  [jvm.dll+0x8427a4]
V  [jvm.dll+0x843f9e]
V  [jvm.dll+0x844603]
V  [jvm.dll+0x249b75]
V  [jvm.dll+0x680b69]
V  [jvm.dll+0x67505a]
V  [jvm.dll+0x309acb]
V  [jvm.dll+0x310f86]
V  [jvm.dll+0x3608ee]
V  [jvm.dll+0x360b1f]
V  [jvm.dll+0x2dfbf8]
V  [jvm.dll+0x2ddec4]
V  [jvm.dll+0x2dd4cc]
V  [jvm.dll+0x321f3b]
V  [jvm.dll+0x848ccb]
V  [jvm.dll+0x849a04]
V  [jvm.dll+0x849f1d]
V  [jvm.dll+0x84a2f4]
V  [jvm.dll+0x84a3c0]
V  [jvm.dll+0x7f274a]
V  [jvm.dll+0x682ad5]
C  [ucrtbase.dll+0x21bb2]
C  [KERNEL32.DLL+0x17344]
C  [ntdll.dll+0x526b1]

VM_Operation (0x00000027384fa170): G1CollectForAllocation, mode: safepoint, requested by thread 0x00000145eb636130


---------------  P R O C E S S  ---------------

Threads class SMR info:
_java_thread_list=0x00000145ef228590, length=137, elements={
0x00000145cd24bd40, 0x00000145e70c7190, 0x00000145e70c9dd0, 0x00000145e70ce8a0,
0x00000145e7c5c410, 0x00000145e7c5ccd0, 0x00000145e7c5d590, 0x00000145e7c61680,
0x00000145e7c683a0, 0x00000145e7c68ca0, 0x00000145e7ded160, 0x00000145e7dfc100,
0x00000145e807a980, 0x00000145e807bcc0, 0x00000145e8079fe0, 0x00000145e807c190,
0x00000145e807d4d0, 0x00000145e807c660, 0x00000145e807ae50, 0x00000145e807cb30,
0x00000145e807d000, 0x00000145e807d9a0, 0x00000145e807a4b0, 0x00000145e807b320,
0x00000145e807b7f0, 0x00000145e956f4f0, 0x00000145e956fe90, 0x00000145e9570830,
0x00000145e956e680, 0x00000145e956eb50, 0x00000145e9570360, 0x00000145e956f9c0,
0x00000145e9570d00, 0x00000145e95711d0, 0x00000145e956f020, 0x00000145e956e1b0,
0x00000145eeb34da0, 0x00000145eeb365b0, 0x00000145eeb35270, 0x00000145eeb3a910,
0x00000145eeb33f30, 0x00000145eeb38c30, 0x00000145eeb39aa0, 0x00000145eeb38760,
0x00000145eeb39100, 0x00000145eeb360e0, 0x00000145eeb36a80, 0x00000145eeb395d0,
0x00000145eeb378f0, 0x00000145eeb330c0, 0x00000145eeb33a60, 0x00000145eeb33590,
0x00000145eeb34400, 0x00000145eeb39f70, 0x00000145eeb348d0, 0x00000145eeb35c10,
0x00000145eeb3a440, 0x00000145eeb36f50, 0x00000145eeb37420, 0x00000145eeb37dc0,
0x00000145eeb38290, 0x00000145eb630f60, 0x00000145eb631430, 0x00000145eb636130,
0x00000145eb634920, 0x00000145eb637940, 0x00000145eb636600, 0x00000145eb632770,
0x00000145eb631dd0, 0x00000145eb635c60, 0x00000145eb633f80, 0x00000145eb634450,
0x00000145eb633ab0, 0x00000145eb634df0, 0x00000145eb6352c0, 0x00000145eb636ad0,
0x00000145eb6322a0, 0x00000145eb631900, 0x00000145eb632c40, 0x00000145eb636fa0,
0x00000145eb637470, 0x00000145eb633110, 0x00000145eb6335e0, 0x00000145eb6387b0,
0x00000145eb635790, 0x00000145eb637e10, 0x00000145eb6382e0, 0x00000145ebe49e30,
0x00000145ebe4c980, 0x00000145ebe46470, 0x00000145ebe472e0, 0x00000145ebe477b0,
0x00000145ebe4ce50, 0x00000145ebe47c80, 0x00000145ebe4b170, 0x00000145ebe4c4b0,
0x00000145ebe4aca0, 0x00000145ebe4d320, 0x00000145ebe46940, 0x00000145ebe4a7d0,
0x00000145ebe46e10, 0x00000145ebe48150, 0x00000145ebe4a300, 0x00000145ebe4bb10,
0x00000145ebe4dcc0, 0x00000145ebe48620, 0x00000145ebe4b640, 0x00000145ebe4bfe0,
0x00000145ebe49490, 0x00000145ebe4d7f0, 0x00000145ebe49960, 0x00000145ebe48af0,
0x00000145ebe48fc0, 0x00000145edab59c0, 0x00000145edab71d0, 0x00000145edab41b0,
0x00000145edab54f0, 0x00000145edaba6c0, 0x00000145edab7b70, 0x00000145edab8510,
0x00000145edab8040, 0x00000145edab6360, 0x00000145edab9380, 0x00000145edab89e0,
0x00000145edab76a0, 0x00000145ed64cb10, 0x00000145e965c290, 0x00000145edab5020,
0x00000145eddce1f0, 0x00000145eddcc040, 0x00000145eddd0870, 0x00000145eddc9e90,
0x00000145eddceb90, 0x00000145eddcd380, 0x00000145eddcc510, 0x00000145eddcdd20,
0x00000145eba796f0
}

Java Threads: ( => current thread )
  0x00000145cd24bd40 JavaThread "main" [_thread_blocked, id=5596, stack(0x0000002733400000,0x0000002733500000)]
  0x00000145e70c7190 JavaThread "Reference Handler" daemon [_thread_blocked, id=7748, stack(0x0000002733b00000,0x0000002733c00000)]
  0x00000145e70c9dd0 JavaThread "Finalizer" daemon [_thread_blocked, id=7328, stack(0x0000002733c00000,0x0000002733d00000)]
  0x00000145e70ce8a0 JavaThread "Signal Dispatcher" daemon [_thread_blocked, id=12332, stack(0x0000002733d00000,0x0000002733e00000)]
  0x00000145e7c5c410 JavaThread "Attach Listener" daemon [_thread_blocked, id=11004, stack(0x0000002733e00000,0x0000002733f00000)]
  0x00000145e7c5ccd0 JavaThread "Service Thread" daemon [_thread_blocked, id=8572, stack(0x0000002733f00000,0x0000002734000000)]
  0x00000145e7c5d590 JavaThread "Monitor Deflation Thread" daemon [_thread_blocked, id=9976, stack(0x0000002734000000,0x0000002734100000)]
  0x00000145e7c61680 JavaThread "C2 CompilerThread0" daemon [_thread_blocked, id=11944, stack(0x0000002734100000,0x0000002734200000)]
  0x00000145e7c683a0 JavaThread "C1 CompilerThread0" daemon [_thread_blocked, id=2864, stack(0x0000002734200000,0x0000002734300000)]
  0x00000145e7c68ca0 JavaThread "Sweeper thread" daemon [_thread_blocked, id=4464, stack(0x0000002734300000,0x0000002734400000)]
  0x00000145e7ded160 JavaThread "Common-Cleaner" daemon [_thread_blocked, id=13196, stack(0x0000002734400000,0x0000002734500000)]
  0x00000145e7dfc100 JavaThread "Notification Thread" daemon [_thread_blocked, id=3792, stack(0x0000002734500000,0x0000002734600000)]
  0x00000145e807a980 JavaThread "Daemon health stats" [_thread_blocked, id=12420, stack(0x0000002734d00000,0x0000002734e00000)]
  0x00000145e807bcc0 JavaThread "Incoming local TCP Connector on port 54156" [_thread_in_native, id=3492, stack(0x0000002734e00000,0x0000002734f00000)]
  0x00000145e8079fe0 JavaThread "Daemon periodic checks" [_thread_blocked, id=6484, stack(0x0000002734f00000,0x0000002735000000)]
  0x00000145e807c190 JavaThread "Daemon" [_thread_blocked, id=3624, stack(0x0000002735000000,0x0000002735100000)]
  0x00000145e807d4d0 JavaThread "Handler for socket connection from /127.0.0.1:54156 to /127.0.0.1:54157" [_thread_in_native, id=3916, stack(0x0000002735100000,0x0000002735200000)]
  0x00000145e807c660 JavaThread "Cancel handler" [_thread_blocked, id=4964, stack(0x0000002735200000,0x0000002735300000)]
  0x00000145e807ae50 JavaThread "Daemon worker" [_thread_blocked, id=6196, stack(0x0000002735300000,0x0000002735400000)]
  0x00000145e807cb30 JavaThread "Asynchronous log dispatcher for DefaultDaemonConnection: socket connection from /127.0.0.1:54156 to /127.0.0.1:54157" [_thread_blocked, id=12036, stack(0x0000002735400000,0x0000002735500000)]
  0x00000145e807d000 JavaThread "Stdin handler" [_thread_blocked, id=11860, stack(0x0000002735500000,0x0000002735600000)]
  0x00000145e807d9a0 JavaThread "Daemon client event forwarder" [_thread_blocked, id=5780, stack(0x0000002735600000,0x0000002735700000)]
  0x00000145e807a4b0 JavaThread "Cache worker for journal cache (C:\Users\lukak\.gradle\caches\journal-1)" [_thread_blocked, id=11012, stack(0x0000002735a00000,0x0000002735b00000)]
  0x00000145e807b320 JavaThread "File lock request listener" [_thread_in_native, id=9440, stack(0x0000002735b00000,0x0000002735c00000)]
  0x00000145e807b7f0 JavaThread "Cache worker for file hash cache (C:\Users\lukak\.gradle\caches\8.0\fileHashes)" [_thread_blocked, id=7920, stack(0x0000002735c00000,0x0000002735d00000)]
  0x00000145e956f4f0 JavaThread "File watcher server" daemon [_thread_blocked, id=7512, stack(0x0000002735e00000,0x0000002735f00000)]
  0x00000145e956fe90 JavaThread "File watcher consumer" daemon [_thread_blocked, id=1500, stack(0x0000002735f00000,0x0000002736000000)]
  0x00000145e9570830 JavaThread "Cache worker for checksums cache (C:\Users\lukak\OneDrive\Documentos\GitHub\DAP-TP-L.-Kim-A.-Bueno\TrabajoPrcticoDAPLogInRecyclerView\.gradle\8.0\checksums)" [_thread_blocked, id=12896, stack(0x0000002736000000,0x0000002736100000)]
  0x00000145e956e680 JavaThread "Cache worker for cache directory md-rule (C:\Users\lukak\.gradle\caches\8.0\md-rule)" [_thread_blocked, id=11340, stack(0x0000002736100000,0x0000002736200000)]
  0x00000145e956eb50 JavaThread "Cache worker for file content cache (C:\Users\lukak\.gradle\caches\8.0\fileContent)" [_thread_blocked, id=3640, stack(0x0000002736200000,0x0000002736300000)]
  0x00000145e9570360 JavaThread "Cache worker for file hash cache (C:\Users\lukak\OneDrive\Documentos\GitHub\DAP-TP-L.-Kim-A.-Bueno\TrabajoPrcticoDAPLogInRecyclerView\.gradle\8.0\fileHashes)" [_thread_blocked, id=8296, stack(0x0000002736300000,0x0000002736400000)]
  0x00000145e956f9c0 JavaThread "Cache worker for cache directory md-supplier (C:\Users\lukak\.gradle\caches\8.0\md-supplier)" [_thread_blocked, id=5104, stack(0x0000002736400000,0x0000002736500000)]
  0x00000145e9570d00 JavaThread "Cache worker for execution history cache (C:\Users\lukak\.gradle\caches\8.0\executionHistory)" [_thread_blocked, id=7704, stack(0x0000002735d00000,0x0000002735e00000)]
  0x00000145e95711d0 JavaThread "jar transforms" [_thread_blocked, id=2100, stack(0x0000002734700000,0x0000002734800000)]
  0x00000145e956f020 JavaThread "jar transforms Thread 2" [_thread_blocked, id=5416, stack(0x0000002736600000,0x0000002736700000)]
  0x00000145e956e1b0 JavaThread "jar transforms Thread 3" [_thread_blocked, id=13144, stack(0x0000002736800000,0x0000002736900000)]
  0x00000145eeb34da0 JavaThread "jar transforms Thread 4" [_thread_blocked, id=568, stack(0x0000002736900000,0x0000002736a00000)]
  0x00000145eeb365b0 JavaThread "Cache worker for dependencies-accessors (C:\Users\lukak\OneDrive\Documentos\GitHub\DAP-TP-L.-Kim-A.-Bueno\TrabajoPrcticoDAPLogInRecyclerView\.gradle\8.0\dependencies-accessors)" [_thread_blocked, id=6220, stack(0x0000002736a00000,0x0000002736b00000)]
  0x00000145eeb35270 JavaThread "jar transforms Thread 5" [_thread_blocked, id=9304, stack(0x0000002736b00000,0x0000002736c00000)]
  0x00000145eeb3a910 JavaThread "Cache worker for Build Output Cleanup Cache (C:\Users\lukak\OneDrive\Documentos\GitHub\DAP-TP-L.-Kim-A.-Bueno\TrabajoPrcticoDAPLogInRecyclerView\.gradle\buildOutputCleanup)" [_thread_blocked, id=2000, stack(0x0000002736c00000,0x0000002736d00000)]
  0x00000145eeb33f30 JavaThread "Unconstrained build operations" [_thread_blocked, id=7560, stack(0x0000002736d00000,0x0000002736e00000)]
  0x00000145eeb38c30 JavaThread "Unconstrained build operations Thread 2" [_thread_blocked, id=12100, stack(0x0000002736e00000,0x0000002736f00000)]
  0x00000145eeb39aa0 JavaThread "Unconstrained build operations Thread 3" [_thread_blocked, id=6904, stack(0x0000002736f00000,0x0000002737000000)]
  0x00000145eeb38760 JavaThread "Unconstrained build operations Thread 4" [_thread_blocked, id=8340, stack(0x0000002737000000,0x0000002737100000)]
  0x00000145eeb39100 JavaThread "Unconstrained build operations Thread 5" [_thread_blocked, id=5220, stack(0x0000002737100000,0x0000002737200000)]
  0x00000145eeb360e0 JavaThread "Unconstrained build operations Thread 6" [_thread_blocked, id=10864, stack(0x0000002737200000,0x0000002737300000)]
  0x00000145eeb36a80 JavaThread "Unconstrained build operations Thread 7" [_thread_blocked, id=10088, stack(0x0000002737300000,0x0000002737400000)]
  0x00000145eeb395d0 JavaThread "Unconstrained build operations Thread 8" [_thread_blocked, id=10420, stack(0x0000002737400000,0x0000002737500000)]
  0x00000145eeb378f0 JavaThread "Unconstrained build operations Thread 9" [_thread_blocked, id=424, stack(0x0000002737500000,0x0000002737600000)]
  0x00000145eeb330c0 JavaThread "Unconstrained build operations Thread 10" [_thread_blocked, id=8596, stack(0x0000002737600000,0x0000002737700000)]
  0x00000145eeb33a60 JavaThread "Unconstrained build operations Thread 11" [_thread_blocked, id=10192, stack(0x0000002737700000,0x0000002737800000)]
  0x00000145eeb33590 JavaThread "Unconstrained build operations Thread 12" [_thread_blocked, id=3312, stack(0x0000002737800000,0x0000002737900000)]
  0x00000145eeb34400 JavaThread "Unconstrained build operations Thread 13" [_thread_blocked, id=12780, stack(0x0000002737900000,0x0000002737a00000)]
  0x00000145eeb39f70 JavaThread "Unconstrained build operations Thread 14" [_thread_blocked, id=6580, stack(0x0000002737a00000,0x0000002737b00000)]
  0x00000145eeb348d0 JavaThread "Unconstrained build operations Thread 15" [_thread_blocked, id=7780, stack(0x0000002737b00000,0x0000002737c00000)]
  0x00000145eeb35c10 JavaThread "Unconstrained build operations Thread 16" [_thread_blocked, id=4004, stack(0x0000002737c00000,0x0000002737d00000)]
  0x00000145eeb3a440 JavaThread "Unconstrained build operations Thread 17" [_thread_blocked, id=10220, stack(0x0000002737d00000,0x0000002737e00000)]
  0x00000145eeb36f50 JavaThread "Unconstrained build operations Thread 18" [_thread_blocked, id=7796, stack(0x0000002737e00000,0x0000002737f00000)]
  0x00000145eeb37420 JavaThread "Unconstrained build operations Thread 19" [_thread_blocked, id=12352, stack(0x0000002737f00000,0x0000002738000000)]
  0x00000145eeb37dc0 JavaThread "Unconstrained build operations Thread 20" [_thread_blocked, id=8488, stack(0x0000002738000000,0x0000002738100000)]
  0x00000145eeb38290 JavaThread "Unconstrained build operations Thread 21" [_thread_blocked, id=11592, stack(0x0000002738100000,0x0000002738200000)]
  0x00000145eb630f60 JavaThread "Unconstrained build operations Thread 22" [_thread_blocked, id=13064, stack(0x0000002738200000,0x0000002738300000)]
  0x00000145eb631430 JavaThread "Unconstrained build operations Thread 23" [_thread_blocked, id=12496, stack(0x0000002738300000,0x0000002738400000)]
  0x00000145eb636130 JavaThread "Unconstrained build operations Thread 24" [_thread_blocked, id=8532, stack(0x0000002738400000,0x0000002738500000)]
  0x00000145eb634920 JavaThread "Unconstrained build operations Thread 25" [_thread_blocked, id=6404, stack(0x0000002738500000,0x0000002738600000)]
  0x00000145eb637940 JavaThread "Unconstrained build operations Thread 26" [_thread_blocked, id=13004, stack(0x0000002738600000,0x0000002738700000)]
  0x00000145eb636600 JavaThread "Unconstrained build operations Thread 27" [_thread_blocked, id=9076, stack(0x0000002738700000,0x0000002738800000)]
  0x00000145eb632770 JavaThread "Unconstrained build operations Thread 28" [_thread_blocked, id=3304, stack(0x0000002738800000,0x0000002738900000)]
  0x00000145eb631dd0 JavaThread "Unconstrained build operations Thread 29" [_thread_blocked, id=12708, stack(0x0000002738900000,0x0000002738a00000)]
  0x00000145eb635c60 JavaThread "Unconstrained build operations Thread 30" [_thread_blocked, id=4912, stack(0x0000002738a00000,0x0000002738b00000)]
  0x00000145eb633f80 JavaThread "Unconstrained build operations Thread 31" [_thread_blocked, id=428, stack(0x0000002738b00000,0x0000002738c00000)]
  0x00000145eb634450 JavaThread "Unconstrained build operations Thread 32" [_thread_blocked, id=12232, stack(0x0000002738c00000,0x0000002738d00000)]
  0x00000145eb633ab0 JavaThread "Unconstrained build operations Thread 33" [_thread_blocked, id=7928, stack(0x0000002738d00000,0x0000002738e00000)]
  0x00000145eb634df0 JavaThread "Unconstrained build operations Thread 34" [_thread_blocked, id=10412, stack(0x0000002738e00000,0x0000002738f00000)]
  0x00000145eb6352c0 JavaThread "Unconstrained build operations Thread 35" [_thread_blocked, id=5744, stack(0x0000002738f00000,0x0000002739000000)]
  0x00000145eb636ad0 JavaThread "Unconstrained build operations Thread 36" [_thread_blocked, id=13276, stack(0x0000002739000000,0x0000002739100000)]
  0x00000145eb6322a0 JavaThread "Unconstrained build operations Thread 37" [_thread_blocked, id=12216, stack(0x0000002739100000,0x0000002739200000)]
  0x00000145eb631900 JavaThread "Unconstrained build operations Thread 38" [_thread_blocked, id=12680, stack(0x0000002739200000,0x0000002739300000)]
  0x00000145eb632c40 JavaThread "Unconstrained build operations Thread 39" [_thread_blocked, id=5684, stack(0x0000002739300000,0x0000002739400000)]
  0x00000145eb636fa0 JavaThread "Unconstrained build operations Thread 40" [_thread_blocked, id=3096, stack(0x0000002739400000,0x0000002739500000)]
  0x00000145eb637470 JavaThread "Unconstrained build operations Thread 41" [_thread_blocked, id=7848, stack(0x0000002739500000,0x0000002739600000)]
  0x00000145eb633110 JavaThread "Unconstrained build operations Thread 42" [_thread_blocked, id=11200, stack(0x0000002739600000,0x0000002739700000)]
  0x00000145eb6335e0 JavaThread "Unconstrained build operations Thread 43" [_thread_blocked, id=8416, stack(0x0000002739700000,0x0000002739800000)]
  0x00000145eb6387b0 JavaThread "Unconstrained build operations Thread 44" [_thread_blocked, id=3040, stack(0x0000002739800000,0x0000002739900000)]
  0x00000145eb635790 JavaThread "Unconstrained build operations Thread 45" [_thread_blocked, id=4904, stack(0x0000002739900000,0x0000002739a00000)]
  0x00000145eb637e10 JavaThread "Unconstrained build operations Thread 46" [_thread_blocked, id=12164, stack(0x0000002739a00000,0x0000002739b00000)]
  0x00000145eb6382e0 JavaThread "Unconstrained build operations Thread 47" [_thread_blocked, id=12168, stack(0x0000002739b00000,0x0000002739c00000)]
  0x00000145ebe49e30 JavaThread "Unconstrained build operations Thread 48" [_thread_blocked, id=8052, stack(0x0000002739c00000,0x0000002739d00000)]
  0x00000145ebe4c980 JavaThread "Unconstrained build operations Thread 49" [_thread_blocked, id=7496, stack(0x0000002739d00000,0x0000002739e00000)]
  0x00000145ebe46470 JavaThread "Unconstrained build operations Thread 50" [_thread_blocked, id=11060, stack(0x0000002739e00000,0x0000002739f00000)]
  0x00000145ebe472e0 JavaThread "Unconstrained build operations Thread 51" [_thread_blocked, id=8676, stack(0x0000002739f00000,0x000000273a000000)]
  0x00000145ebe477b0 JavaThread "Unconstrained build operations Thread 52" [_thread_blocked, id=13068, stack(0x000000273a000000,0x000000273a100000)]
  0x00000145ebe4ce50 JavaThread "Unconstrained build operations Thread 53" [_thread_blocked, id=2600, stack(0x000000273a100000,0x000000273a200000)]
  0x00000145ebe47c80 JavaThread "Unconstrained build operations Thread 54" [_thread_blocked, id=9368, stack(0x000000273a200000,0x000000273a300000)]
  0x00000145ebe4b170 JavaThread "Unconstrained build operations Thread 55" [_thread_blocked, id=13136, stack(0x000000273a300000,0x000000273a400000)]
  0x00000145ebe4c4b0 JavaThread "Unconstrained build operations Thread 56" [_thread_blocked, id=9736, stack(0x000000273a400000,0x000000273a500000)]
  0x00000145ebe4aca0 JavaThread "Unconstrained build operations Thread 57" [_thread_blocked, id=10104, stack(0x000000273a500000,0x000000273a600000)]
  0x00000145ebe4d320 JavaThread "Unconstrained build operations Thread 58" [_thread_blocked, id=5152, stack(0x000000273a600000,0x000000273a700000)]
  0x00000145ebe46940 JavaThread "Unconstrained build operations Thread 59" [_thread_blocked, id=5148, stack(0x000000273a700000,0x000000273a800000)]
  0x00000145ebe4a7d0 JavaThread "Unconstrained build operations Thread 60" [_thread_blocked, id=4888, stack(0x000000273a800000,0x000000273a900000)]
  0x00000145ebe46e10 JavaThread "Unconstrained build operations Thread 61" [_thread_blocked, id=12788, stack(0x000000273a900000,0x000000273aa00000)]
  0x00000145ebe48150 JavaThread "Unconstrained build operations Thread 62" [_thread_blocked, id=12820, stack(0x000000273aa00000,0x000000273ab00000)]
  0x00000145ebe4a300 JavaThread "Unconstrained build operations Thread 63" [_thread_blocked, id=9840, stack(0x000000273ab00000,0x000000273ac00000)]
  0x00000145ebe4bb10 JavaThread "Unconstrained build operations Thread 64" [_thread_blocked, id=12324, stack(0x000000273ac00000,0x000000273ad00000)]
  0x00000145ebe4dcc0 JavaThread "Unconstrained build operations Thread 65" [_thread_blocked, id=11804, stack(0x000000273ad00000,0x000000273ae00000)]
  0x00000145ebe48620 JavaThread "Unconstrained build operations Thread 66" [_thread_blocked, id=2908, stack(0x000000273ae00000,0x000000273af00000)]
  0x00000145ebe4b640 JavaThread "Unconstrained build operations Thread 67" [_thread_blocked, id=8616, stack(0x000000273af00000,0x000000273b000000)]
  0x00000145ebe4bfe0 JavaThread "Unconstrained build operations Thread 68" [_thread_blocked, id=11936, stack(0x000000273b000000,0x000000273b100000)]
  0x00000145ebe49490 JavaThread "Unconstrained build operations Thread 69" [_thread_blocked, id=5156, stack(0x000000273b100000,0x000000273b200000)]
  0x00000145ebe4d7f0 JavaThread "Unconstrained build operations Thread 70" [_thread_blocked, id=10184, stack(0x000000273b200000,0x000000273b300000)]
  0x00000145ebe49960 JavaThread "Unconstrained build operations Thread 71" [_thread_blocked, id=628, stack(0x000000273b300000,0x000000273b400000)]
  0x00000145ebe48af0 JavaThread "Unconstrained build operations Thread 72" [_thread_blocked, id=3428, stack(0x000000273b400000,0x000000273b500000)]
  0x00000145ebe48fc0 JavaThread "Unconstrained build operations Thread 73" [_thread_blocked, id=4108, stack(0x000000273b500000,0x000000273b600000)]
  0x00000145edab59c0 JavaThread "Unconstrained build operations Thread 74" [_thread_blocked, id=4244, stack(0x000000273b600000,0x000000273b700000)]
  0x00000145edab71d0 JavaThread "Unconstrained build operations Thread 75" [_thread_blocked, id=10824, stack(0x000000273b700000,0x000000273b800000)]
  0x00000145edab41b0 JavaThread "Unconstrained build operations Thread 76" [_thread_blocked, id=12604, stack(0x000000273b800000,0x000000273b900000)]
  0x00000145edab54f0 JavaThread "Unconstrained build operations Thread 77" [_thread_blocked, id=5716, stack(0x000000273b900000,0x000000273ba00000)]
  0x00000145edaba6c0 JavaThread "Unconstrained build operations Thread 78" [_thread_blocked, id=8112, stack(0x000000273ba00000,0x000000273bb00000)]
  0x00000145edab7b70 JavaThread "Unconstrained build operations Thread 79" [_thread_blocked, id=1068, stack(0x000000273bb00000,0x000000273bc00000)]
  0x00000145edab8510 JavaThread "Unconstrained build operations Thread 80" [_thread_blocked, id=7788, stack(0x000000273bc00000,0x000000273bd00000)]
  0x00000145edab8040 JavaThread "jar transforms Thread 6" [_thread_blocked, id=13224, stack(0x000000273bd00000,0x000000273be00000)]
  0x00000145edab6360 JavaThread "jar transforms Thread 7" [_thread_blocked, id=2792, stack(0x000000273be00000,0x000000273bf00000)]
  0x00000145edab9380 JavaThread "jar transforms Thread 8" [_thread_blocked, id=8820, stack(0x000000273bf00000,0x000000273c000000)]
  0x00000145edab89e0 JavaThread "build event listener" [_thread_blocked, id=13228, stack(0x000000273c100000,0x000000273c200000)]
  0x00000145edab76a0 JavaThread "Memory manager" [_thread_blocked, id=10356, stack(0x000000273c200000,0x000000273c300000)]
  0x00000145ed64cb10 JavaThread "C2 CompilerThread1" daemon [_thread_blocked, id=8840, stack(0x0000002736500000,0x0000002736600000)]
  0x00000145e965c290 JavaThread "C2 CompilerThread2" daemon [_thread_blocked, id=2616, stack(0x0000002736700000,0x0000002736800000)]
  0x00000145edab5020 JavaThread "included builds" [_thread_blocked, id=8936, stack(0x000000273c300000,0x000000273c400000)]
  0x00000145eddce1f0 JavaThread "Execution worker" [_thread_blocked, id=2728, stack(0x000000273c400000,0x000000273c500000)]
  0x00000145eddcc040 JavaThread "Execution worker Thread 2" [_thread_blocked, id=8660, stack(0x000000273c500000,0x000000273c600000)]
  0x00000145eddd0870 JavaThread "Execution worker Thread 3" [_thread_blocked, id=3600, stack(0x000000273c600000,0x000000273c700000)]
  0x00000145eddc9e90 JavaThread "Execution worker Thread 4" [_thread_blocked, id=6968, stack(0x000000273c700000,0x000000273c800000)]
  0x00000145eddceb90 JavaThread "Execution worker Thread 5" [_thread_blocked, id=9756, stack(0x000000273c800000,0x000000273c900000)]
  0x00000145eddcd380 JavaThread "Execution worker Thread 6" [_thread_blocked, id=3124, stack(0x000000273c900000,0x000000273ca00000)]
  0x00000145eddcc510 JavaThread "Execution worker Thread 7" [_thread_blocked, id=11128, stack(0x000000273ca00000,0x000000273cb00000)]
  0x00000145eddcdd20 JavaThread "Cache worker for execution history cache (C:\Users\lukak\OneDrive\Documentos\GitHub\DAP-TP-L.-Kim-A.-Bueno\TrabajoPrcticoDAPLogInRecyclerView\.gradle\8.0\executionHistory)" [_thread_blocked, id=2160, stack(0x000000273cb00000,0x000000273cc00000)]
  0x00000145eba796f0 JavaThread "WorkerExecutor Queue" [_thread_blocked, id=4720, stack(0x000000273cc00000,0x000000273cd00000)]

Other Threads:
=>0x00000145e7c1ac50 VMThread "VM Thread" [stack: 0x0000002733a00000,0x0000002733b00000] [id=6932]
  0x00000145e7dfc5d0 WatcherThread [stack: 0x0000002734600000,0x0000002734700000] [id=12280]
  0x00000145cd2a5f00 GCTaskThread "GC Thread#0" [stack: 0x0000002733500000,0x0000002733600000] [id=6348]
  0x00000145e83e9f50 GCTaskThread "GC Thread#1" [stack: 0x0000002734900000,0x0000002734a00000] [id=3480]
  0x00000145e8d70020 GCTaskThread "GC Thread#2" [stack: 0x0000002734a00000,0x0000002734b00000] [id=11540]
  0x00000145e8d70f00 GCTaskThread "GC Thread#3" [stack: 0x0000002734b00000,0x0000002734c00000] [id=13044]
  0x00000145e8d711b0 GCTaskThread "GC Thread#4" [stack: 0x0000002734c00000,0x0000002734d00000] [id=3260]
  0x00000145e8e92520 GCTaskThread "GC Thread#5" [stack: 0x0000002734800000,0x0000002734900000] [id=416]
  0x00000145ea187290 GCTaskThread "GC Thread#6" [stack: 0x0000002735700000,0x0000002735800000] [id=11932]
  0x00000145ea02fdf0 GCTaskThread "GC Thread#7" [stack: 0x0000002735800000,0x0000002735900000] [id=2052]
  0x00000145cd2b6d50 ConcurrentGCThread "G1 Main Marker" [stack: 0x0000002733600000,0x0000002733700000] [id=6328]
  0x00000145cd2b7e10 ConcurrentGCThread "G1 Conc#0" [stack: 0x0000002733700000,0x0000002733800000] [id=10448]
  0x00000145e8f0b0f0 ConcurrentGCThread "G1 Conc#1" [stack: 0x0000002735900000,0x0000002735a00000] [id=3876]
  0x00000145cd31d880 ConcurrentGCThread "G1 Refine#0" [stack: 0x0000002733800000,0x0000002733900000] [id=784]
  0x00000145ed50d0b0 ConcurrentGCThread "G1 Refine#1" [stack: 0x000000273c000000,0x000000273c100000] [id=11872]
  0x00000145e6f363d0 ConcurrentGCThread "G1 Service" [stack: 0x0000002733900000,0x0000002733a00000] [id=10348]

Threads with active compile tasks:
C1 CompilerThread0    14705 11819       3       com.android.tools.r8.graph.u2::<init> (21 bytes)
C2 CompilerThread1    14705 11817       4       java.util.Arrays::hashCode (44 bytes)

VM state: at safepoint (normal execution)

VM Mutex/Monitor currently owned by a thread:  ([mutex/lock_event])
[0x00000145cd246620] Threads_lock - owner thread: 0x00000145e7c1ac50
[0x00000145cd246fb0] Heap_lock - owner thread: 0x00000145eb636130

Heap address: 0x0000000080000000, size: 2048 MB, Compressed Oops mode: 32-bit

CDS archive(s) not mapped
Compressed class space mapped at: 0x0000000100000000-0x0000000140000000, reserved size: 1073741824
Narrow klass base: 0x0000000000000000, Narrow klass shift: 3, Narrow klass range: 0x140000000

GC Precious Log:
 CPUs: 8 total, 8 available
 Memory: 14284M
 Large Page Support: Disabled
 NUMA Support: Disabled
 Compressed Oops: Enabled (32-bit)
 Heap Region Size: 1M
 Heap Min Capacity: 8M
 Heap Initial Capacity: 224M
 Heap Max Capacity: 2G
 Pre-touch: Disabled
 Parallel Workers: 8
 Concurrent Workers: 2
 Concurrent Refinement Workers: 8
 Periodic GC: Disabled

Heap:
 garbage-first heap   total 229376K, used 103457K [0x0000000080000000, 0x0000000100000000)
  region size 1024K, 4 young (4096K), 4 survivors (4096K)
 Metaspace       used 97894K, committed 98624K, reserved 1138688K
  class space    used 13371K, committed 13696K, reserved 1048576K

Heap Regions: E=young(eden), S=young(survivor), O=old, HS=humongous(starts), HC=humongous(continues), CS=collection set, F=free, OA=open archive, CA=closed archive, TAMS=top-at-mark-start (previous, next)
|   0|0x0000000080000000, 0x0000000080100000, 0x0000000080100000|100%|HS|  |TAMS 0x0000000080100000, 0x0000000080000000| Complete 
|   1|0x0000000080100000, 0x0000000080200000, 0x0000000080200000|100%|HC|  |TAMS 0x0000000080200000, 0x0000000080100000| Complete 
|   2|0x0000000080200000, 0x0000000080300000, 0x0000000080300000|100%|HC|  |TAMS 0x0000000080300000, 0x0000000080200000| Complete 
|   3|0x0000000080300000, 0x0000000080400000, 0x0000000080400000|100%|HC|  |TAMS 0x0000000080400000, 0x0000000080300000| Complete 
|   4|0x0000000080400000, 0x0000000080500000, 0x0000000080500000|100%| O|  |TAMS 0x0000000080500000, 0x0000000080400000| Untracked 
|   5|0x0000000080500000, 0x0000000080600000, 0x0000000080600000|100%| O|  |TAMS 0x0000000080600000, 0x0000000080500000| Untracked 
|   6|0x0000000080600000, 0x0000000080700000, 0x0000000080700000|100%| O|  |TAMS 0x0000000080700000, 0x0000000080600000| Untracked 
|   7|0x0000000080700000, 0x0000000080800000, 0x0000000080800000|100%| O|  |TAMS 0x0000000080800000, 0x0000000080700000| Untracked 
|   8|0x0000000080800000, 0x0000000080900000, 0x0000000080900000|100%| O|  |TAMS 0x0000000080900000, 0x0000000080800000| Untracked 
|   9|0x0000000080900000, 0x0000000080a00000, 0x0000000080a00000|100%| O|  |TAMS 0x0000000080a00000, 0x0000000080900000| Untracked 
|  10|0x0000000080a00000, 0x0000000080b00000, 0x0000000080b00000|100%| O|  |TAMS 0x0000000080b00000, 0x0000000080a00000| Untracked 
|  11|0x0000000080b00000, 0x0000000080c00000, 0x0000000080c00000|100%| O|  |TAMS 0x0000000080c00000, 0x0000000080b00000| Untracked 
|  12|0x0000000080c00000, 0x0000000080d00000, 0x0000000080d00000|100%| O|  |TAMS 0x0000000080d00000, 0x0000000080c00000| Untracked 
|  13|0x0000000080d00000, 0x0000000080e00000, 0x0000000080e00000|100%| O|  |TAMS 0x0000000080e00000, 0x0000000080d00000| Untracked 
|  14|0x0000000080e00000, 0x0000000080f00000, 0x0000000080f00000|100%| O|  |TAMS 0x0000000080f00000, 0x0000000080e00000| Untracked 
|  15|0x0000000080f00000, 0x0000000081000000, 0x0000000081000000|100%| O|  |TAMS 0x0000000081000000, 0x0000000080f00000| Untracked 
|  16|0x0000000081000000, 0x0000000081100000, 0x0000000081100000|100%| O|  |TAMS 0x0000000081100000, 0x0000000081000000| Untracked 
|  17|0x0000000081100000, 0x0000000081200000, 0x0000000081200000|100%| O|  |TAMS 0x0000000081200000, 0x0000000081100000| Untracked 
|  18|0x0000000081200000, 0x0000000081300000, 0x0000000081300000|100%| O|  |TAMS 0x0000000081300000, 0x0000000081200000| Untracked 
|  19|0x0000000081300000, 0x0000000081400000, 0x0000000081400000|100%| O|  |TAMS 0x0000000081400000, 0x0000000081300000| Untracked 
|  20|0x0000000081400000, 0x0000000081500000, 0x0000000081500000|100%| O|  |TAMS 0x0000000081500000, 0x0000000081400000| Untracked 
|  21|0x0000000081500000, 0x0000000081600000, 0x0000000081600000|100%| O|  |TAMS 0x0000000081600000, 0x0000000081500000| Untracked 
|  22|0x0000000081600000, 0x0000000081700000, 0x0000000081700000|100%| O|  |TAMS 0x0000000081700000, 0x0000000081600000| Untracked 
|  23|0x0000000081700000, 0x0000000081800000, 0x0000000081800000|100%| O|  |TAMS 0x0000000081800000, 0x0000000081700000| Untracked 
|  24|0x0000000081800000, 0x0000000081900000, 0x0000000081900000|100%| O|  |TAMS 0x0000000081900000, 0x0000000081800000| Untracked 
|  25|0x0000000081900000, 0x0000000081a00000, 0x0000000081a00000|100%| O|  |TAMS 0x0000000081a00000, 0x0000000081900000| Untracked 
|  26|0x0000000081a00000, 0x0000000081b00000, 0x0000000081b00000|100%|HS|  |TAMS 0x0000000081b00000, 0x0000000081a00000| Complete 
|  27|0x0000000081b00000, 0x0000000081c00000, 0x0000000081c00000|100%| O|  |TAMS 0x0000000081c00000, 0x0000000081b00000| Untracked 
|  28|0x0000000081c00000, 0x0000000081d00000, 0x0000000081d00000|100%| O|  |TAMS 0x0000000081d00000, 0x0000000081c00000| Untracked 
|  29|0x0000000081d00000, 0x0000000081e00000, 0x0000000081e00000|100%| O|  |TAMS 0x0000000081e00000, 0x0000000081d00000| Untracked 
|  30|0x0000000081e00000, 0x0000000081f00000, 0x0000000081f00000|100%| O|  |TAMS 0x0000000081f00000, 0x0000000081e00000| Untracked 
|  31|0x0000000081f00000, 0x0000000082000000, 0x0000000082000000|100%| O|  |TAMS 0x0000000082000000, 0x0000000081f00000| Untracked 
|  32|0x0000000082000000, 0x0000000082100000, 0x0000000082100000|100%|HS|  |TAMS 0x0000000082100000, 0x0000000082000000| Complete 
|  33|0x0000000082100000, 0x0000000082200000, 0x0000000082200000|100%|HS|  |TAMS 0x0000000082200000, 0x0000000082100000| Complete 
|  34|0x0000000082200000, 0x0000000082300000, 0x0000000082300000|100%|HS|  |TAMS 0x0000000082300000, 0x0000000082200000| Complete 
|  35|0x0000000082300000, 0x0000000082400000, 0x0000000082400000|100%|HC|  |TAMS 0x0000000082400000, 0x0000000082300000| Complete 
|  36|0x0000000082400000, 0x0000000082500000, 0x0000000082500000|100%| O|  |TAMS 0x0000000082500000, 0x0000000082400000| Untracked 
|  37|0x0000000082500000, 0x0000000082600000, 0x0000000082600000|100%| O|  |TAMS 0x0000000082600000, 0x0000000082500000| Untracked 
|  38|0x0000000082600000, 0x0000000082700000, 0x0000000082700000|100%| O|  |TAMS 0x0000000082700000, 0x0000000082600000| Untracked 
|  39|0x0000000082700000, 0x0000000082800000, 0x0000000082800000|100%| O|  |TAMS 0x0000000082800000, 0x0000000082700000| Untracked 
|  40|0x0000000082800000, 0x0000000082900000, 0x0000000082900000|100%| O|  |TAMS 0x0000000082900000, 0x0000000082800000| Untracked 
|  41|0x0000000082900000, 0x0000000082a00000, 0x0000000082a00000|100%| O|  |TAMS 0x0000000082a00000, 0x0000000082900000| Untracked 
|  42|0x0000000082a00000, 0x0000000082b00000, 0x0000000082b00000|100%| O|  |TAMS 0x0000000082b00000, 0x0000000082a00000| Untracked 
|  43|0x0000000082b00000, 0x0000000082c00000, 0x0000000082c00000|100%| O|  |TAMS 0x0000000082c00000, 0x0000000082b00000| Untracked 
|  44|0x0000000082c00000, 0x0000000082d00000, 0x0000000082d00000|100%| O|  |TAMS 0x0000000082d00000, 0x0000000082c00000| Untracked 
|  45|0x0000000082d00000, 0x0000000082e00000, 0x0000000082e00000|100%|HS|  |TAMS 0x0000000082e00000, 0x0000000082d00000| Complete 
|  46|0x0000000082e00000, 0x0000000082f00000, 0x0000000082f00000|100%|HC|  |TAMS 0x0000000082f00000, 0x0000000082e00000| Complete 
|  47|0x0000000082f00000, 0x0000000083000000, 0x0000000083000000|100%|HC|  |TAMS 0x0000000083000000, 0x0000000082f00000| Complete 
|  48|0x0000000083000000, 0x0000000083100000, 0x0000000083100000|100%|HC|  |TAMS 0x0000000083100000, 0x0000000083000000| Complete 
|  49|0x0000000083100000, 0x0000000083200000, 0x0000000083200000|100%| O|  |TAMS 0x0000000083200000, 0x0000000083100000| Untracked 
|  50|0x0000000083200000, 0x0000000083300000, 0x0000000083300000|100%| O|  |TAMS 0x0000000083300000, 0x0000000083200000| Untracked 
|  51|0x0000000083300000, 0x0000000083400000, 0x0000000083400000|100%| O|  |TAMS 0x0000000083400000, 0x0000000083300000| Untracked 
|  52|0x0000000083400000, 0x0000000083500000, 0x0000000083500000|100%| O|  |TAMS 0x0000000083500000, 0x0000000083400000| Untracked 
|  53|0x0000000083500000, 0x0000000083600000, 0x0000000083600000|100%| O|  |TAMS 0x0000000083600000, 0x0000000083500000| Untracked 
|  54|0x0000000083600000, 0x0000000083700000, 0x0000000083700000|100%| O|  |TAMS 0x0000000083700000, 0x0000000083600000| Untracked 
|  55|0x0000000083700000, 0x0000000083800000, 0x0000000083800000|100%| O|  |TAMS 0x0000000083800000, 0x0000000083700000| Untracked 
|  56|0x0000000083800000, 0x0000000083900000, 0x0000000083900000|100%| O|  |TAMS 0x0000000083900000, 0x0000000083800000| Untracked 
|  57|0x0000000083900000, 0x0000000083a00000, 0x0000000083a00000|100%| O|  |TAMS 0x0000000083a00000, 0x0000000083900000| Untracked 
|  58|0x0000000083a00000, 0x0000000083b00000, 0x0000000083b00000|100%| O|  |TAMS 0x0000000083b00000, 0x0000000083a00000| Untracked 
|  59|0x0000000083b00000, 0x0000000083c00000, 0x0000000083c00000|100%| O|  |TAMS 0x0000000083c00000, 0x0000000083b00000| Untracked 
|  60|0x0000000083c00000, 0x0000000083d00000, 0x0000000083d00000|100%| O|  |TAMS 0x0000000083d00000, 0x0000000083c00000| Untracked 
|  61|0x0000000083d00000, 0x0000000083e00000, 0x0000000083e00000|100%| O|  |TAMS 0x0000000083e00000, 0x0000000083d00000| Untracked 
|  62|0x0000000083e00000, 0x0000000083f00000, 0x0000000083f00000|100%| O|  |TAMS 0x0000000083f00000, 0x0000000083e00000| Untracked 
|  63|0x0000000083f00000, 0x0000000084000000, 0x0000000084000000|100%| O|  |TAMS 0x0000000084000000, 0x0000000083f00000| Untracked 
|  64|0x0000000084000000, 0x0000000084100000, 0x0000000084100000|100%| O|  |TAMS 0x0000000084100000, 0x0000000084000000| Untracked 
|  65|0x0000000084100000, 0x0000000084200000, 0x0000000084200000|100%| O|  |TAMS 0x0000000084200000, 0x0000000084100000| Untracked 
|  66|0x0000000084200000, 0x0000000084300000, 0x0000000084300000|100%| O|  |TAMS 0x0000000084300000, 0x0000000084200000| Untracked 
|  67|0x0000000084300000, 0x0000000084400000, 0x0000000084400000|100%| O|  |TAMS 0x0000000084400000, 0x0000000084300000| Untracked 
|  68|0x0000000084400000, 0x0000000084500000, 0x0000000084500000|100%| O|  |TAMS 0x0000000084500000, 0x0000000084400000| Untracked 
|  69|0x0000000084500000, 0x0000000084600000, 0x0000000084600000|100%| O|  |TAMS 0x0000000084600000, 0x0000000084500000| Untracked 
|  70|0x0000000084600000, 0x0000000084700000, 0x0000000084700000|100%| O|  |TAMS 0x0000000084700000, 0x0000000084600000| Untracked 
|  71|0x0000000084700000, 0x0000000084800000, 0x0000000084800000|100%| O|  |TAMS 0x0000000084800000, 0x0000000084700000| Untracked 
|  72|0x0000000084800000, 0x0000000084900000, 0x0000000084900000|100%| O|  |TAMS 0x0000000084900000, 0x0000000084800000| Untracked 
|  73|0x0000000084900000, 0x0000000084a00000, 0x0000000084a00000|100%| O|  |TAMS 0x0000000084a00000, 0x0000000084900000| Untracked 
|  74|0x0000000084a00000, 0x0000000084b00000, 0x0000000084b00000|100%| O|  |TAMS 0x0000000084b00000, 0x0000000084a00000| Untracked 
|  75|0x0000000084b00000, 0x0000000084c00000, 0x0000000084c00000|100%| O|  |TAMS 0x0000000084c00000, 0x0000000084b00000| Untracked 
|  76|0x0000000084c00000, 0x0000000084d00000, 0x0000000084d00000|100%| O|  |TAMS 0x0000000084d00000, 0x0000000084c00000| Untracked 
|  77|0x0000000084d00000, 0x0000000084e00000, 0x0000000084e00000|100%| O|  |TAMS 0x0000000084e00000, 0x0000000084d00000| Untracked 
|  78|0x0000000084e00000, 0x0000000084f00000, 0x0000000084f00000|100%| O|  |TAMS 0x0000000084f00000, 0x0000000084e00000| Untracked 
|  79|0x0000000084f00000, 0x0000000084f00000, 0x0000000085000000|  0%| F|  |TAMS 0x0000000084f00000, 0x0000000084f00000| Untracked 
|  80|0x0000000085000000, 0x0000000085100000, 0x0000000085100000|100%| O|  |TAMS 0x0000000085100000, 0x0000000085000000| Untracked 
|  81|0x0000000085100000, 0x0000000085200000, 0x0000000085200000|100%| O|  |TAMS 0x0000000085200000, 0x0000000085100000| Untracked 
|  82|0x0000000085200000, 0x0000000085300000, 0x0000000085300000|100%| O|  |TAMS 0x0000000085300000, 0x0000000085200000| Untracked 
|  83|0x0000000085300000, 0x0000000085400000, 0x0000000085400000|100%| O|  |TAMS 0x0000000085400000, 0x0000000085300000| Untracked 
|  84|0x0000000085400000, 0x0000000085500000, 0x0000000085500000|100%| O|  |TAMS 0x0000000085500000, 0x0000000085400000| Untracked 
|  85|0x0000000085500000, 0x0000000085600000, 0x0000000085600000|100%| O|  |TAMS 0x0000000085600000, 0x0000000085500000| Untracked 
|  86|0x0000000085600000, 0x0000000085700000, 0x0000000085700000|100%| O|  |TAMS 0x0000000085700000, 0x0000000085600000| Untracked 
|  87|0x0000000085700000, 0x0000000085800000, 0x0000000085800000|100%| O|  |TAMS 0x0000000085800000, 0x0000000085700000| Untracked 
|  88|0x0000000085800000, 0x0000000085900000, 0x0000000085900000|100%| O|  |TAMS 0x0000000085900000, 0x0000000085800000| Untracked 
|  89|0x0000000085900000, 0x0000000085a00000, 0x0000000085a00000|100%| O|  |TAMS 0x0000000085911c00, 0x0000000085900000| Untracked 
|  90|0x0000000085a00000, 0x0000000085b00000, 0x0000000085b00000|100%| O|  |TAMS 0x0000000085a00000, 0x0000000085a00000| Untracked 
|  91|0x0000000085b00000, 0x0000000085c00000, 0x0000000085c00000|100%| O|  |TAMS 0x0000000085b00000, 0x0000000085b00000| Untracked 
|  92|0x0000000085c00000, 0x0000000085d00000, 0x0000000085d00000|100%| O|  |TAMS 0x0000000085c00000, 0x0000000085c00000| Untracked 
|  93|0x0000000085d00000, 0x0000000085e00000, 0x0000000085e00000|100%| O|  |TAMS 0x0000000085d00000, 0x0000000085d00000| Untracked 
|  94|0x0000000085e00000, 0x0000000085f00000, 0x0000000085f00000|100%| O|  |TAMS 0x0000000085e00000, 0x0000000085e00000| Untracked 
|  95|0x0000000085f00000, 0x0000000086000000, 0x0000000086000000|100%| O|  |TAMS 0x0000000085f00000, 0x0000000085f00000| Untracked 
|  96|0x0000000086000000, 0x0000000086100000, 0x0000000086100000|100%| O|  |TAMS 0x0000000086000000, 0x0000000086000000| Untracked 
|  97|0x0000000086100000, 0x0000000086200000, 0x0000000086200000|100%| O|  |TAMS 0x0000000086100000, 0x0000000086100000| Untracked 
|  98|0x0000000086200000, 0x000000008624fa00, 0x0000000086300000| 31%| O|  |TAMS 0x0000000086200000, 0x0000000086200000| Untracked 
|  99|0x0000000086300000, 0x0000000086300000, 0x0000000086400000|  0%| F|  |TAMS 0x0000000086300000, 0x0000000086300000| Untracked 
| 100|0x0000000086400000, 0x0000000086400000, 0x0000000086500000|  0%| F|  |TAMS 0x0000000086400000, 0x0000000086400000| Untracked 
| 101|0x0000000086500000, 0x0000000086500000, 0x0000000086600000|  0%| F|  |TAMS 0x0000000086500000, 0x0000000086500000| Untracked 
| 102|0x0000000086600000, 0x0000000086600000, 0x0000000086700000|  0%| F|  |TAMS 0x0000000086600000, 0x0000000086600000| Untracked 
| 103|0x0000000086700000, 0x0000000086700000, 0x0000000086800000|  0%| F|  |TAMS 0x0000000086700000, 0x0000000086700000| Untracked 
| 104|0x0000000086800000, 0x0000000086800000, 0x0000000086900000|  0%| F|  |TAMS 0x0000000086800000, 0x0000000086800000| Untracked 
| 105|0x0000000086900000, 0x0000000086900000, 0x0000000086a00000|  0%| F|  |TAMS 0x0000000086900000, 0x0000000086900000| Untracked 
| 106|0x0000000086a00000, 0x0000000086a00000, 0x0000000086b00000|  0%| F|  |TAMS 0x0000000086a00000, 0x0000000086a00000| Untracked 
| 107|0x0000000086b00000, 0x0000000086b00000, 0x0000000086c00000|  0%| F|  |TAMS 0x0000000086b00000, 0x0000000086b00000| Untracked 
| 108|0x0000000086c00000, 0x0000000086c00000, 0x0000000086d00000|  0%| F|  |TAMS 0x0000000086c00000, 0x0000000086c00000| Untracked 
| 109|0x0000000086d00000, 0x0000000086d00000, 0x0000000086e00000|  0%| F|  |TAMS 0x0000000086d00000, 0x0000000086d00000| Untracked 
| 110|0x0000000086e00000, 0x0000000086e00000, 0x0000000086f00000|  0%| F|  |TAMS 0x0000000086e00000, 0x0000000086e00000| Untracked 
| 111|0x0000000086f00000, 0x0000000086f00000, 0x0000000087000000|  0%| F|  |TAMS 0x0000000086f00000, 0x0000000086f00000| Untracked 
| 112|0x0000000087000000, 0x0000000087000000, 0x0000000087100000|  0%| F|  |TAMS 0x0000000087000000, 0x0000000087000000| Untracked 
| 113|0x0000000087100000, 0x0000000087100000, 0x0000000087200000|  0%| F|  |TAMS 0x0000000087100000, 0x0000000087100000| Untracked 
| 114|0x0000000087200000, 0x0000000087200000, 0x0000000087300000|  0%| F|  |TAMS 0x0000000087200000, 0x0000000087200000| Untracked 
| 115|0x0000000087300000, 0x0000000087300000, 0x0000000087400000|  0%| F|  |TAMS 0x0000000087300000, 0x0000000087300000| Untracked 
| 116|0x0000000087400000, 0x0000000087400000, 0x0000000087500000|  0%| F|  |TAMS 0x0000000087400000, 0x0000000087400000| Untracked 
| 117|0x0000000087500000, 0x0000000087500000, 0x0000000087600000|  0%| F|  |TAMS 0x0000000087500000, 0x0000000087500000| Untracked 
| 118|0x0000000087600000, 0x0000000087600000, 0x0000000087700000|  0%| F|  |TAMS 0x0000000087600000, 0x0000000087600000| Untracked 
| 119|0x0000000087700000, 0x0000000087700000, 0x0000000087800000|  0%| F|  |TAMS 0x0000000087700000, 0x0000000087700000| Untracked 
| 120|0x0000000087800000, 0x0000000087800000, 0x0000000087900000|  0%| F|  |TAMS 0x0000000087800000, 0x0000000087800000| Untracked 
| 121|0x0000000087900000, 0x0000000087900000, 0x0000000087a00000|  0%| F|  |TAMS 0x0000000087900000, 0x0000000087900000| Untracked 
| 122|0x0000000087a00000, 0x0000000087a00000, 0x0000000087b00000|  0%| F|  |TAMS 0x0000000087a00000, 0x0000000087a00000| Untracked 
| 123|0x0000000087b00000, 0x0000000087b00000, 0x0000000087c00000|  0%| F|  |TAMS 0x0000000087b00000, 0x0000000087b00000| Untracked 
| 124|0x0000000087c00000, 0x0000000087c00000, 0x0000000087d00000|  0%| F|  |TAMS 0x0000000087c00000, 0x0000000087c00000| Untracked 
| 125|0x0000000087d00000, 0x0000000087d00000, 0x0000000087e00000|  0%| F|  |TAMS 0x0000000087d00000, 0x0000000087d00000| Untracked 
| 126|0x0000000087e00000, 0x0000000087e00000, 0x0000000087f00000|  0%| F|  |TAMS 0x0000000087e00000, 0x0000000087e00000| Untracked 
| 127|0x0000000087f00000, 0x0000000087f00000, 0x0000000088000000|  0%| F|  |TAMS 0x0000000087f00000, 0x0000000087f00000| Untracked 
| 128|0x0000000088000000, 0x0000000088000000, 0x0000000088100000|  0%| F|  |TAMS 0x0000000088000000, 0x0000000088000000| Untracked 
| 129|0x0000000088100000, 0x0000000088100000, 0x0000000088200000|  0%| F|  |TAMS 0x0000000088100000, 0x0000000088100000| Untracked 
| 130|0x0000000088200000, 0x00000000882b8cc8, 0x0000000088300000| 72%| S|CS|TAMS 0x0000000088200000, 0x0000000088200000| Complete 
| 131|0x0000000088300000, 0x0000000088400000, 0x0000000088400000|100%| S|CS|TAMS 0x0000000088300000, 0x0000000088300000| Complete 
| 132|0x0000000088400000, 0x0000000088500000, 0x0000000088500000|100%| S|CS|TAMS 0x0000000088400000, 0x0000000088400000| Complete 
| 133|0x0000000088500000, 0x0000000088600000, 0x0000000088600000|100%| S|CS|TAMS 0x0000000088500000, 0x0000000088500000| Complete 
| 134|0x0000000088600000, 0x0000000088600000, 0x0000000088700000|  0%| F|  |TAMS 0x0000000088600000, 0x0000000088600000| Untracked 
| 135|0x0000000088700000, 0x0000000088700000, 0x0000000088800000|  0%| F|  |TAMS 0x0000000088700000, 0x0000000088700000| Untracked 
| 136|0x0000000088800000, 0x0000000088800000, 0x0000000088900000|  0%| F|  |TAMS 0x0000000088800000, 0x0000000088800000| Untracked 
| 137|0x0000000088900000, 0x0000000088900000, 0x0000000088a00000|  0%| F|  |TAMS 0x0000000088900000, 0x0000000088900000| Untracked 
| 138|0x0000000088a00000, 0x0000000088a00000, 0x0000000088b00000|  0%| F|  |TAMS 0x0000000088a00000, 0x0000000088a00000| Untracked 
| 139|0x0000000088b00000, 0x0000000088b00000, 0x0000000088c00000|  0%| F|  |TAMS 0x0000000088b00000, 0x0000000088b00000| Untracked 
| 140|0x0000000088c00000, 0x0000000088c00000, 0x0000000088d00000|  0%| F|  |TAMS 0x0000000088c00000, 0x0000000088c00000| Untracked 
| 141|0x0000000088d00000, 0x0000000088d00000, 0x0000000088e00000|  0%| F|  |TAMS 0x0000000088d00000, 0x0000000088d00000| Untracked 
| 142|0x0000000088e00000, 0x0000000088e00000, 0x0000000088f00000|  0%| F|  |TAMS 0x0000000088e00000, 0x0000000088e00000| Untracked 
| 143|0x0000000088f00000, 0x0000000088f00000, 0x0000000089000000|  0%| F|  |TAMS 0x0000000088f00000, 0x0000000088f00000| Untracked 
| 144|0x0000000089000000, 0x0000000089000000, 0x0000000089100000|  0%| F|  |TAMS 0x0000000089000000, 0x0000000089000000| Untracked 
| 145|0x0000000089100000, 0x0000000089100000, 0x0000000089200000|  0%| F|  |TAMS 0x0000000089100000, 0x0000000089100000| Untracked 
| 146|0x0000000089200000, 0x0000000089200000, 0x0000000089300000|  0%| F|  |TAMS 0x0000000089200000, 0x0000000089200000| Untracked 
| 147|0x0000000089300000, 0x0000000089300000, 0x0000000089400000|  0%| F|  |TAMS 0x0000000089300000, 0x0000000089300000| Untracked 
| 148|0x0000000089400000, 0x0000000089400000, 0x0000000089500000|  0%| F|  |TAMS 0x0000000089400000, 0x0000000089400000| Untracked 
| 149|0x0000000089500000, 0x0000000089500000, 0x0000000089600000|  0%| F|  |TAMS 0x0000000089500000, 0x0000000089500000| Untracked 
| 150|0x0000000089600000, 0x0000000089600000, 0x0000000089700000|  0%| F|  |TAMS 0x0000000089600000, 0x0000000089600000| Untracked 
| 151|0x0000000089700000, 0x0000000089700000, 0x0000000089800000|  0%| F|  |TAMS 0x0000000089700000, 0x0000000089700000| Untracked 
| 152|0x0000000089800000, 0x0000000089800000, 0x0000000089900000|  0%| F|  |TAMS 0x0000000089800000, 0x0000000089800000| Untracked 
| 153|0x0000000089900000, 0x0000000089900000, 0x0000000089a00000|  0%| F|  |TAMS 0x0000000089900000, 0x0000000089900000| Untracked 
| 154|0x0000000089a00000, 0x0000000089a00000, 0x0000000089b00000|  0%| F|  |TAMS 0x0000000089a00000, 0x0000000089a00000| Untracked 
| 155|0x0000000089b00000, 0x0000000089b00000, 0x0000000089c00000|  0%| F|  |TAMS 0x0000000089b00000, 0x0000000089b00000| Untracked 
| 156|0x0000000089c00000, 0x0000000089c00000, 0x0000000089d00000|  0%| F|  |TAMS 0x0000000089c00000, 0x0000000089c00000| Untracked 
| 157|0x0000000089d00000, 0x0000000089d00000, 0x0000000089e00000|  0%| F|  |TAMS 0x0000000089d00000, 0x0000000089d00000| Untracked 
| 158|0x0000000089e00000, 0x0000000089e00000, 0x0000000089f00000|  0%| F|  |TAMS 0x0000000089e00000, 0x0000000089e00000| Untracked 
| 159|0x0000000089f00000, 0x0000000089f00000, 0x000000008a000000|  0%| F|  |TAMS 0x0000000089f00000, 0x0000000089f00000| Untracked 
| 160|0x000000008a000000, 0x000000008a000000, 0x000000008a100000|  0%| F|  |TAMS 0x000000008a000000, 0x000000008a000000| Untracked 
| 161|0x000000008a100000, 0x000000008a100000, 0x000000008a200000|  0%| F|  |TAMS 0x000000008a100000, 0x000000008a100000| Untracked 
| 162|0x000000008a200000, 0x000000008a200000, 0x000000008a300000|  0%| F|  |TAMS 0x000000008a200000, 0x000000008a200000| Untracked 
| 163|0x000000008a300000, 0x000000008a300000, 0x000000008a400000|  0%| F|  |TAMS 0x000000008a300000, 0x000000008a300000| Untracked 
| 164|0x000000008a400000, 0x000000008a400000, 0x000000008a500000|  0%| F|  |TAMS 0x000000008a400000, 0x000000008a400000| Untracked 
| 165|0x000000008a500000, 0x000000008a500000, 0x000000008a600000|  0%| F|  |TAMS 0x000000008a500000, 0x000000008a500000| Untracked 
| 166|0x000000008a600000, 0x000000008a600000, 0x000000008a700000|  0%| F|  |TAMS 0x000000008a600000, 0x000000008a600000| Untracked 
| 167|0x000000008a700000, 0x000000008a700000, 0x000000008a800000|  0%| F|  |TAMS 0x000000008a700000, 0x000000008a700000| Untracked 
| 168|0x000000008a800000, 0x000000008a800000, 0x000000008a900000|  0%| F|  |TAMS 0x000000008a800000, 0x000000008a800000| Untracked 
| 169|0x000000008a900000, 0x000000008a900000, 0x000000008aa00000|  0%| F|  |TAMS 0x000000008a900000, 0x000000008a900000| Untracked 
| 170|0x000000008aa00000, 0x000000008aa00000, 0x000000008ab00000|  0%| F|  |TAMS 0x000000008aa00000, 0x000000008aa00000| Untracked 
| 171|0x000000008ab00000, 0x000000008ab00000, 0x000000008ac00000|  0%| F|  |TAMS 0x000000008ab00000, 0x000000008ab00000| Untracked 
| 172|0x000000008ac00000, 0x000000008ac00000, 0x000000008ad00000|  0%| F|  |TAMS 0x000000008ac00000, 0x000000008ac00000| Untracked 
| 173|0x000000008ad00000, 0x000000008ad00000, 0x000000008ae00000|  0%| F|  |TAMS 0x000000008ad00000, 0x000000008ad00000| Untracked 
| 174|0x000000008ae00000, 0x000000008ae00000, 0x000000008af00000|  0%| F|  |TAMS 0x000000008ae00000, 0x000000008ae00000| Untracked 
| 175|0x000000008af00000, 0x000000008af00000, 0x000000008b000000|  0%| F|  |TAMS 0x000000008af00000, 0x000000008af00000| Untracked 
| 176|0x000000008b000000, 0x000000008b000000, 0x000000008b100000|  0%| F|  |TAMS 0x000000008b000000, 0x000000008b000000| Untracked 
| 177|0x000000008b100000, 0x000000008b100000, 0x000000008b200000|  0%| F|  |TAMS 0x000000008b100000, 0x000000008b100000| Untracked 
| 178|0x000000008b200000, 0x000000008b200000, 0x000000008b300000|  0%| F|  |TAMS 0x000000008b200000, 0x000000008b200000| Untracked 
| 179|0x000000008b300000, 0x000000008b300000, 0x000000008b400000|  0%| F|  |TAMS 0x000000008b300000, 0x000000008b300000| Untracked 
| 180|0x000000008b400000, 0x000000008b400000, 0x000000008b500000|  0%| F|  |TAMS 0x000000008b400000, 0x000000008b400000| Untracked 
| 181|0x000000008b500000, 0x000000008b500000, 0x000000008b600000|  0%| F|  |TAMS 0x000000008b500000, 0x000000008b500000| Untracked 
| 182|0x000000008b600000, 0x000000008b600000, 0x000000008b700000|  0%| F|  |TAMS 0x000000008b600000, 0x000000008b600000| Untracked 
| 183|0x000000008b700000, 0x000000008b700000, 0x000000008b800000|  0%| F|  |TAMS 0x000000008b700000, 0x000000008b700000| Untracked 
| 184|0x000000008b800000, 0x000000008b800000, 0x000000008b900000|  0%| F|  |TAMS 0x000000008b800000, 0x000000008b800000| Untracked 
| 185|0x000000008b900000, 0x000000008b900000, 0x000000008ba00000|  0%| F|  |TAMS 0x000000008b900000, 0x000000008b900000| Untracked 
| 186|0x000000008ba00000, 0x000000008ba00000, 0x000000008bb00000|  0%| F|  |TAMS 0x000000008ba00000, 0x000000008ba00000| Untracked 
| 187|0x000000008bb00000, 0x000000008bb00000, 0x000000008bc00000|  0%| F|  |TAMS 0x000000008bb00000, 0x000000008bb00000| Untracked 
| 188|0x000000008bc00000, 0x000000008bc00000, 0x000000008bd00000|  0%| F|  |TAMS 0x000000008bc00000, 0x000000008bc00000| Untracked 
| 189|0x000000008bd00000, 0x000000008bd00000, 0x000000008be00000|  0%| F|  |TAMS 0x000000008bd00000, 0x000000008bd00000| Untracked 
| 190|0x000000008be00000, 0x000000008be00000, 0x000000008bf00000|  0%| F|  |TAMS 0x000000008be00000, 0x000000008be00000| Untracked 
| 191|0x000000008bf00000, 0x000000008bf00000, 0x000000008c000000|  0%| F|  |TAMS 0x000000008bf00000, 0x000000008bf00000| Untracked 
| 192|0x000000008c000000, 0x000000008c000000, 0x000000008c100000|  0%| F|  |TAMS 0x000000008c000000, 0x000000008c000000| Untracked 
| 193|0x000000008c100000, 0x000000008c100000, 0x000000008c200000|  0%| F|  |TAMS 0x000000008c100000, 0x000000008c100000| Untracked 
| 194|0x000000008c200000, 0x000000008c200000, 0x000000008c300000|  0%| F|  |TAMS 0x000000008c200000, 0x000000008c200000| Untracked 
| 195|0x000000008c300000, 0x000000008c300000, 0x000000008c400000|  0%| F|  |TAMS 0x000000008c300000, 0x000000008c300000| Untracked 
| 196|0x000000008c400000, 0x000000008c400000, 0x000000008c500000|  0%| F|  |TAMS 0x000000008c400000, 0x000000008c400000| Untracked 
| 197|0x000000008c500000, 0x000000008c500000, 0x000000008c600000|  0%| F|  |TAMS 0x000000008c500000, 0x000000008c500000| Untracked 
| 198|0x000000008c600000, 0x000000008c600000, 0x000000008c700000|  0%| F|  |TAMS 0x000000008c600000, 0x000000008c600000| Untracked 
| 199|0x000000008c700000, 0x000000008c700000, 0x000000008c800000|  0%| F|  |TAMS 0x000000008c700000, 0x000000008c700000| Untracked 
| 200|0x000000008c800000, 0x000000008c800000, 0x000000008c900000|  0%| F|  |TAMS 0x000000008c800000, 0x000000008c800000| Untracked 
| 201|0x000000008c900000, 0x000000008c900000, 0x000000008ca00000|  0%| F|  |TAMS 0x000000008c900000, 0x000000008c900000| Untracked 
| 202|0x000000008ca00000, 0x000000008ca00000, 0x000000008cb00000|  0%| F|  |TAMS 0x000000008ca00000, 0x000000008ca00000| Untracked 
| 203|0x000000008cb00000, 0x000000008cb00000, 0x000000008cc00000|  0%| F|  |TAMS 0x000000008cb00000, 0x000000008cb00000| Untracked 
| 204|0x000000008cc00000, 0x000000008cc00000, 0x000000008cd00000|  0%| F|  |TAMS 0x000000008cc00000, 0x000000008cc00000| Untracked 
| 205|0x000000008cd00000, 0x000000008cd00000, 0x000000008ce00000|  0%| F|  |TAMS 0x000000008cd00000, 0x000000008cd00000| Untracked 
| 206|0x000000008ce00000, 0x000000008ce00000, 0x000000008cf00000|  0%| F|  |TAMS 0x000000008ce00000, 0x000000008ce00000| Untracked 
| 207|0x000000008cf00000, 0x000000008cf00000, 0x000000008d000000|  0%| F|  |TAMS 0x000000008cf00000, 0x000000008cf00000| Untracked 
| 208|0x000000008d000000, 0x000000008d000000, 0x000000008d100000|  0%| F|  |TAMS 0x000000008d000000, 0x000000008d000000| Untracked 
| 209|0x000000008d100000, 0x000000008d100000, 0x000000008d200000|  0%| F|  |TAMS 0x000000008d100000, 0x000000008d100000| Untracked 
| 210|0x000000008d200000, 0x000000008d200000, 0x000000008d300000|  0%| F|  |TAMS 0x000000008d200000, 0x000000008d200000| Untracked 
| 211|0x000000008d300000, 0x000000008d300000, 0x000000008d400000|  0%| F|  |TAMS 0x000000008d300000, 0x000000008d300000| Untracked 
| 212|0x000000008d400000, 0x000000008d400000, 0x000000008d500000|  0%| F|  |TAMS 0x000000008d400000, 0x000000008d400000| Untracked 
| 213|0x000000008d500000, 0x000000008d500000, 0x000000008d600000|  0%| F|  |TAMS 0x000000008d500000, 0x000000008d500000| Untracked 
| 214|0x000000008d600000, 0x000000008d600000, 0x000000008d700000|  0%| F|  |TAMS 0x000000008d600000, 0x000000008d600000| Untracked 
| 215|0x000000008d700000, 0x000000008d700000, 0x000000008d800000|  0%| F|  |TAMS 0x000000008d700000, 0x000000008d700000| Untracked 
| 216|0x000000008d800000, 0x000000008d800000, 0x000000008d900000|  0%| F|  |TAMS 0x000000008d800000, 0x000000008d800000| Untracked 
| 217|0x000000008d900000, 0x000000008d900000, 0x000000008da00000|  0%| F|  |TAMS 0x000000008d900000, 0x000000008d900000| Untracked 
| 218|0x000000008da00000, 0x000000008da00000, 0x000000008db00000|  0%| F|  |TAMS 0x000000008da00000, 0x000000008da00000| Untracked 
| 219|0x000000008db00000, 0x000000008db00000, 0x000000008dc00000|  0%| F|  |TAMS 0x000000008db00000, 0x000000008db00000| Untracked 
| 220|0x000000008dc00000, 0x000000008dc00000, 0x000000008dd00000|  0%| F|  |TAMS 0x000000008dc00000, 0x000000008dc00000| Untracked 
| 221|0x000000008dd00000, 0x000000008dd00000, 0x000000008de00000|  0%| F|  |TAMS 0x000000008dd00000, 0x000000008dd00000| Untracked 
| 222|0x000000008de00000, 0x000000008de00000, 0x000000008df00000|  0%| F|  |TAMS 0x000000008de00000, 0x000000008de00000| Untracked 
| 223|0x000000008df00000, 0x000000008df00000, 0x000000008e000000|  0%| F|  |TAMS 0x000000008df00000, 0x000000008df00000| Untracked 

Card table byte_map: [0x00000145dfe50000,0x00000145e0250000] _byte_map_base: 0x00000145dfa50000

Marking Bits (Prev, Next): (CMBitMap*) 0x00000145cd2a6420, (CMBitMap*) 0x00000145cd2a6460
 Prev Bits: [0x00000145e0650000, 0x00000145e2650000)
 Next Bits: [0x00000145e2650000, 0x00000145e4650000)

Polling page: 0x00000145cca20000

Metaspace:

Usage:
  Non-class:     82.54 MB used.
      Class:     13.06 MB used.
       Both:     95.60 MB used.

Virtual space:
  Non-class space:       88.00 MB reserved,      82.94 MB ( 94%) committed,  11 nodes.
      Class space:        1.00 GB reserved,      13.38 MB (  1%) committed,  1 nodes.
             Both:        1.09 GB reserved,      96.31 MB (  9%) committed. 

Chunk freelists:
   Non-Class:  288.00 KB
       Class:  2.47 MB
        Both:  2.75 MB

MaxMetaspaceSize: unlimited
CompressedClassSpaceSize: 1.00 GB
Initial GC threshold: 21.00 MB
Current GC threshold: 156.81 MB
CDS: off
MetaspaceReclaimPolicy: balanced
 - commit_granule_bytes: 65536.
 - commit_granule_words: 8192.
 - virtual_space_node_default_size: 1048576.
 - enlarge_chunks_in_place: 1.
 - new_chunks_are_fully_committed: 0.
 - uncommit_free_chunks: 1.
 - use_allocation_guard: 0.
 - handle_deallocations: 1.


Internal statistics:

num_allocs_failed_limit: 6.
num_arena_births: 994.
num_arena_deaths: 0.
num_vsnodes_births: 12.
num_vsnodes_deaths: 0.
num_space_committed: 1540.
num_space_uncommitted: 0.
num_chunks_returned_to_freelist: 6.
num_chunks_taken_from_freelist: 4629.
num_chunk_merges: 6.
num_chunk_splits: 3060.
num_chunks_enlarged: 2036.
num_purges: 0.
num_inconsistent_stats: 0.

CodeHeap 'non-profiled nmethods': size=120000Kb used=6308Kb max_used=6308Kb free=113691Kb
 bounds [0x00000145d81f0000, 0x00000145d8820000, 0x00000145df720000]
CodeHeap 'profiled nmethods': size=120000Kb used=19983Kb max_used=19983Kb free=100016Kb
 bounds [0x00000145d0720000, 0x00000145d1ab0000, 0x00000145d7c50000]
CodeHeap 'non-nmethods': size=5760Kb used=2391Kb max_used=2449Kb free=3368Kb
 bounds [0x00000145d7c50000, 0x00000145d7ec0000, 0x00000145d81f0000]
 total_blobs=11192 nmethods=10265 adapters=839
 compilation: enabled
              stopped_count=0, restarted_count=0
 full_count=0

Compilation events (20 events):
Event: 14.633 Thread 0x00000145ed64cb10 11810       4       com.google.common.collect.MapMakerInternalMap$StrongKeyWeakValueEntry$Helper::newEntry (16 bytes)
Event: 14.635 Thread 0x00000145ed64cb10 nmethod 11810 0x00000145d880bb10 code [0x00000145d880bca0, 0x00000145d880bf18]
Event: 14.635 Thread 0x00000145ed64cb10 11811       4       com.google.common.collect.MapMakerInternalMap$StrongKeyWeakValueEntry$Helper::setValue (14 bytes)
Event: 14.639 Thread 0x00000145ed64cb10 nmethod 11811 0x00000145d880c090 code [0x00000145d880c220, 0x00000145d880c658]
Event: 14.643 Thread 0x00000145e965c290 nmethod 11715 0x00000145d880c810 code [0x00000145d880ca20, 0x00000145d880dd60]
Event: 14.656 Thread 0x00000145e7c61680 nmethod 11714 0x00000145d880e690 code [0x00000145d880eb20, 0x00000145d88157e0]
Event: 14.673 Thread 0x00000145e7c683a0 11812   !   3       java.util.concurrent.ConcurrentHashMap::putVal (432 bytes)
Event: 14.675 Thread 0x00000145e7c683a0 nmethod 11812 0x00000145d1a9f490 code [0x00000145d1a9f800, 0x00000145d1aa1348]
Event: 14.675 Thread 0x00000145e7c683a0 11813       3       com.android.tools.r8.graph.u2::a (129 bytes)
Event: 14.676 Thread 0x00000145e7c683a0 nmethod 11813 0x00000145d1aa1d10 code [0x00000145d1aa1ee0, 0x00000145d1aa2218]
Event: 14.676 Thread 0x00000145e7c683a0 11814       3       com.android.tools.r8.graph.u2::a (117 bytes)
Event: 14.676 Thread 0x00000145ed64cb10 11817       4       java.util.Arrays::hashCode (44 bytes)
Event: 14.676 Thread 0x00000145e7c61680 11821       4       com.android.tools.r8.graph.u2::a (129 bytes)
Event: 14.677 Thread 0x00000145e7c683a0 nmethod 11814 0x00000145d1aa2410 code [0x00000145d1aa26c0, 0x00000145d1aa3728]
Event: 14.677 Thread 0x00000145e7c683a0 11815       3       com.android.tools.r8.graph.a1::<init> (5 bytes)
Event: 14.677 Thread 0x00000145e7c683a0 nmethod 11815 0x00000145d1aa3d90 code [0x00000145d1aa3f20, 0x00000145d1aa4078]
Event: 14.677 Thread 0x00000145e7c683a0 11816       3       com.android.tools.r8.graph.s::hashCode (40 bytes)
Event: 14.677 Thread 0x00000145e7c683a0 nmethod 11816 0x00000145d1aa4110 code [0x00000145d1aa42c0, 0x00000145d1aa4528]
Event: 14.677 Thread 0x00000145e7c683a0 11819       3       com.android.tools.r8.graph.u2::<init> (21 bytes)
Event: 14.677 Thread 0x00000145e7c61680 nmethod 11821 0x00000145d8819010 code [0x00000145d8819180, 0x00000145d8819258]

GC Heap History (20 events):
Event: 10.790 GC heap after
{Heap after GC invocations=38 (full 0):
 garbage-first heap   total 138240K, used 71595K [0x0000000080000000, 0x0000000100000000)
  region size 1024K, 3 young (3072K), 3 survivors (3072K)
 Metaspace       used 79866K, committed 80512K, reserved 1122304K
  class space    used 10773K, committed 11072K, reserved 1048576K
}
Event: 11.245 GC heap before
{Heap before GC invocations=39 (full 0):
 garbage-first heap   total 138240K, used 109483K [0x0000000080000000, 0x0000000100000000)
  region size 1024K, 40 young (40960K), 3 survivors (3072K)
 Metaspace       used 83988K, committed 84544K, reserved 1130496K
  class space    used 11368K, committed 11648K, reserved 1048576K
}
Event: 11.250 GC heap after
{Heap after GC invocations=40 (full 0):
 garbage-first heap   total 138240K, used 74417K [0x0000000080000000, 0x0000000100000000)
  region size 1024K, 5 young (5120K), 5 survivors (5120K)
 Metaspace       used 83988K, committed 84544K, reserved 1130496K
  class space    used 11368K, committed 11648K, reserved 1048576K
}
Event: 11.783 GC heap before
{Heap before GC invocations=40 (full 0):
 garbage-first heap   total 138240K, used 111281K [0x0000000080000000, 0x0000000100000000)
  region size 1024K, 41 young (41984K), 5 survivors (5120K)
 Metaspace       used 88870K, committed 89472K, reserved 1130496K
  class space    used 12076K, committed 12352K, reserved 1048576K
}
Event: 11.790 GC heap after
{Heap after GC invocations=41 (full 0):
 garbage-first heap   total 138240K, used 77303K [0x0000000080000000, 0x0000000100000000)
  region size 1024K, 6 young (6144K), 6 survivors (6144K)
 Metaspace       used 88870K, committed 89472K, reserved 1130496K
  class space    used 12076K, committed 12352K, reserved 1048576K
}
Event: 12.210 GC heap before
{Heap before GC invocations=42 (full 0):
 garbage-first heap   total 138240K, used 112119K [0x0000000080000000, 0x0000000100000000)
  region size 1024K, 40 young (40960K), 6 survivors (6144K)
 Metaspace       used 91238K, committed 91840K, reserved 1130496K
  class space    used 12422K, committed 12736K, reserved 1048576K
}
Event: 12.216 GC heap after
{Heap after GC invocations=43 (full 0):
 garbage-first heap   total 138240K, used 80270K [0x0000000080000000, 0x0000000100000000)
  region size 1024K, 5 young (5120K), 5 survivors (5120K)
 Metaspace       used 91238K, committed 91840K, reserved 1130496K
  class space    used 12422K, committed 12736K, reserved 1048576K
}
Event: 12.223 GC heap before
{Heap before GC invocations=43 (full 0):
 garbage-first heap   total 138240K, used 81294K [0x0000000080000000, 0x0000000100000000)
  region size 1024K, 6 young (6144K), 5 survivors (5120K)
 Metaspace       used 91245K, committed 91840K, reserved 1130496K
  class space    used 12424K, committed 12736K, reserved 1048576K
}
Event: 12.227 GC heap after
{Heap after GC invocations=44 (full 0):
 garbage-first heap   total 201728K, used 80878K [0x0000000080000000, 0x0000000100000000)
  region size 1024K, 1 young (1024K), 1 survivors (1024K)
 Metaspace       used 91245K, committed 91840K, reserved 1130496K
  class space    used 12424K, committed 12736K, reserved 1048576K
}
Event: 13.065 GC heap before
{Heap before GC invocations=44 (full 0):
 garbage-first heap   total 201728K, used 159726K [0x0000000080000000, 0x0000000100000000)
  region size 1024K, 78 young (79872K), 1 survivors (1024K)
 Metaspace       used 93610K, committed 94272K, reserved 1130496K
  class space    used 12822K, committed 13120K, reserved 1048576K
}
Event: 13.073 GC heap after
{Heap after GC invocations=45 (full 0):
 garbage-first heap   total 201728K, used 91136K [0x0000000080000000, 0x0000000100000000)
  region size 1024K, 10 young (10240K), 10 survivors (10240K)
 Metaspace       used 93610K, committed 94272K, reserved 1130496K
  class space    used 12822K, committed 13120K, reserved 1048576K
}
Event: 13.539 GC heap before
{Heap before GC invocations=45 (full 0):
 garbage-first heap   total 201728K, used 151552K [0x0000000080000000, 0x0000000100000000)
  region size 1024K, 70 young (71680K), 10 survivors (10240K)
 Metaspace       used 94426K, committed 95104K, reserved 1130496K
  class space    used 12960K, committed 13248K, reserved 1048576K
}
Event: 13.548 GC heap after
{Heap after GC invocations=46 (full 0):
 garbage-first heap   total 201728K, used 95701K [0x0000000080000000, 0x0000000100000000)
  region size 1024K, 5 young (5120K), 5 survivors (5120K)
 Metaspace       used 94426K, committed 95104K, reserved 1130496K
  class space    used 12960K, committed 13248K, reserved 1048576K
}
Event: 13.673 GC heap before
{Heap before GC invocations=46 (full 0):
 garbage-first heap   total 201728K, used 110037K [0x0000000080000000, 0x0000000100000000)
  region size 1024K, 21 young (21504K), 5 survivors (5120K)
 Metaspace       used 94677K, committed 95360K, reserved 1138688K
  class space    used 12991K, committed 13312K, reserved 1048576K
}
Event: 13.677 GC heap after
{Heap after GC invocations=47 (full 0):
 garbage-first heap   total 201728K, used 96808K [0x0000000080000000, 0x0000000100000000)
  region size 1024K, 6 young (6144K), 6 survivors (6144K)
 Metaspace       used 94677K, committed 95360K, reserved 1138688K
  class space    used 12991K, committed 13312K, reserved 1048576K
}
Event: 14.214 GC heap before
{Heap before GC invocations=48 (full 0):
 garbage-first heap   total 201728K, used 161320K [0x0000000080000000, 0x0000000100000000)
  region size 1024K, 69 young (70656K), 6 survivors (6144K)
 Metaspace       used 96296K, committed 96960K, reserved 1138688K
  class space    used 13133K, committed 13440K, reserved 1048576K
}
Event: 14.221 GC heap after
{Heap after GC invocations=49 (full 0):
 garbage-first heap   total 201728K, used 100541K [0x0000000080000000, 0x0000000100000000)
  region size 1024K, 6 young (6144K), 6 survivors (6144K)
 Metaspace       used 96296K, committed 96960K, reserved 1138688K
  class space    used 13133K, committed 13440K, reserved 1048576K
}
Event: 14.236 GC heap before
{Heap before GC invocations=49 (full 0):
 garbage-first heap   total 201728K, used 102589K [0x0000000080000000, 0x0000000100000000)
  region size 1024K, 9 young (9216K), 6 survivors (6144K)
 Metaspace       used 96296K, committed 96960K, reserved 1138688K
  class space    used 13133K, committed 13440K, reserved 1048576K
}
Event: 14.240 GC heap after
{Heap after GC invocations=50 (full 0):
 garbage-first heap   total 201728K, used 100605K [0x0000000080000000, 0x0000000100000000)
  region size 1024K, 1 young (1024K), 1 survivors (1024K)
 Metaspace       used 96296K, committed 96960K, reserved 1138688K
  class space    used 13133K, committed 13440K, reserved 1048576K
}
Event: 14.677 GC heap before
{Heap before GC invocations=50 (full 0):
 garbage-first heap   total 201728K, used 163069K [0x0000000080000000, 0x0000000100000000)
  region size 1024K, 63 young (64512K), 1 survivors (1024K)
 Metaspace       used 97894K, committed 98624K, reserved 1138688K
  class space    used 13371K, committed 13696K, reserved 1048576K
}

Dll operation events (2 events):
Event: 0.006 Loaded shared library D:\Android_Studio\jbr\bin\java.dll
Event: 0.442 Loaded shared library D:\Android_Studio\jbr\bin\verify.dll

Deoptimization events (20 events):
Event: 14.581 Thread 0x00000145e956fe90 Uncommon trap: trap_request=0xffffff45 fr.pc=0x00000145d87de400 relative=0x0000000000000560
Event: 14.581 Thread 0x00000145e956fe90 Uncommon trap: reason=unstable_if action=reinterpret pc=0x00000145d87de400 method=org.gradle.internal.file.FileHierarchySet$Node.isChildOfOrThis(Ljava/lang/String;I)Z @ 35 c2
Event: 14.581 Thread 0x00000145e956fe90 DEOPT PACKING pc=0x00000145d87de400 sp=0x0000002735fff080
Event: 14.581 Thread 0x00000145e956fe90 DEOPT UNPACKING pc=0x00000145d7ca69a3 sp=0x0000002735ffefe8 mode 2
Event: 14.584 Thread 0x00000145eb636130 Uncommon trap: trap_request=0xffffff45 fr.pc=0x00000145d85954e4 relative=0x0000000000000064
Event: 14.584 Thread 0x00000145eb636130 Uncommon trap: reason=unstable_if action=reinterpret pc=0x00000145d85954e4 method=java.util.zip.ZipFile$ZipEntryIterator.hasNext()Z @ 8 c2
Event: 14.584 Thread 0x00000145eb636130 DEOPT PACKING pc=0x00000145d85954e4 sp=0x00000027384fb250
Event: 14.584 Thread 0x00000145eb636130 DEOPT UNPACKING pc=0x00000145d7ca69a3 sp=0x00000027384fb188 mode 2
Event: 14.595 Thread 0x00000145edab71d0 Uncommon trap: trap_request=0xffffff45 fr.pc=0x00000145d823412c relative=0x00000000000007cc
Event: 14.595 Thread 0x00000145edab71d0 Uncommon trap: reason=unstable_if action=reinterpret pc=0x00000145d823412c method=java.util.zip.ZipFile$Source.getEntryPos(Ljava/lang/String;Z)I @ 113 c2
Event: 14.595 Thread 0x00000145edab71d0 DEOPT PACKING pc=0x00000145d823412c sp=0x000000273b7f7230
Event: 14.595 Thread 0x00000145edab71d0 DEOPT UNPACKING pc=0x00000145d7ca69a3 sp=0x000000273b7f71c0 mode 2
Event: 14.671 Thread 0x00000145ebe48620 Uncommon trap: trap_request=0xffffff45 fr.pc=0x00000145d87c2ca8 relative=0x0000000000001388
Event: 14.671 Thread 0x00000145ebe48620 Uncommon trap: reason=unstable_if action=reinterpret pc=0x00000145d87c2ca8 method=java.util.concurrent.ConcurrentHashMap.putVal(Ljava/lang/Object;Ljava/lang/Object;Z)Ljava/lang/Object; @ 162 c2
Event: 14.671 Thread 0x00000145ebe48620 DEOPT PACKING pc=0x00000145d87c2ca8 sp=0x000000273aef6dc0
Event: 14.671 Thread 0x00000145ebe48620 DEOPT UNPACKING pc=0x00000145d7ca69a3 sp=0x000000273aef6d58 mode 2
Event: 14.671 Thread 0x00000145ebe48620 Uncommon trap: trap_request=0xffffff45 fr.pc=0x00000145d8224528 relative=0x0000000000000168
Event: 14.671 Thread 0x00000145ebe48620 Uncommon trap: reason=unstable_if action=reinterpret pc=0x00000145d8224528 method=com.google.common.collect.MapMakerInternalMap$Segment.getEntry(Ljava/lang/Object;I)Lcom/google/common/collect/MapMakerInternalMap$InternalEntry; @ 63 c2
Event: 14.671 Thread 0x00000145ebe48620 DEOPT PACKING pc=0x00000145d8224528 sp=0x000000273aef6ca0
Event: 14.671 Thread 0x00000145ebe48620 DEOPT UNPACKING pc=0x00000145d7ca69a3 sp=0x000000273aef6c58 mode 2

Classes unloaded (0 events):
No events

Classes redefined (0 events):
No events

Internal exceptions (20 events):
Event: 13.086 Thread 0x00000145ebe4b640 Exception <a 'java/lang/NoSuchMethodError'{0x000000008c029360}: 'java.lang.Object java.lang.invoke.DirectMethodHandle$Holder.invokeSpecialIFC(java.lang.Object, java.lang.Object, java.lang.Object)'> (0x000000008c029360) 
thrown [s\src\hotspot\share\interpreter\linkResolver.cpp, line 771]
Event: 13.086 Thread 0x00000145eddceb90 Exception <a 'java/lang/NoSuchMethodError'{0x000000008df32f88}: 'java.lang.Object java.lang.invoke.DirectMethodHandle$Holder.invokeSpecialIFC(java.lang.Object, java.lang.Object, java.lang.Object)'> (0x000000008df32f88) 
thrown [s\src\hotspot\share\interpreter\linkResolver.cpp, line 771]
Event: 13.086 Thread 0x00000145eeb35c10 Exception <a 'java/lang/NoSuchMethodError'{0x000000008c009038}: 'java.lang.Object java.lang.invoke.DirectMethodHandle$Holder.invokeSpecialIFC(java.lang.Object, java.lang.Object, java.lang.Object)'> (0x000000008c009038) 
thrown [s\src\hotspot\share\interpreter\linkResolver.cpp, line 771]
Event: 13.086 Thread 0x00000145eb631900 Exception <a 'java/lang/NoSuchMethodError'{0x000000008c0141a0}: 'java.lang.Object java.lang.invoke.DirectMethodHandle$Holder.invokeSpecialIFC(java.lang.Object, java.lang.Object, java.lang.Object)'> (0x000000008c0141a0) 
thrown [s\src\hotspot\share\interpreter\linkResolver.cpp, line 771]
Event: 13.086 Thread 0x00000145eb637e10 Exception <a 'java/lang/NoSuchMethodError'{0x000000008c01e850}: 'java.lang.Object java.lang.invoke.DirectMethodHandle$Holder.invokeSpecialIFC(java.lang.Object, java.lang.Object, java.lang.Object)'> (0x000000008c01e850) 
thrown [s\src\hotspot\share\interpreter\linkResolver.cpp, line 771]
Event: 13.086 Thread 0x00000145eb635c60 Exception <a 'java/lang/NoSuchMethodError'{0x000000008c04ea90}: 'java.lang.Object java.lang.invoke.DirectMethodHandle$Holder.invokeSpecialIFC(java.lang.Object, java.lang.Object, java.lang.Object)'> (0x000000008c04ea90) 
thrown [s\src\hotspot\share\interpreter\linkResolver.cpp, line 771]
Event: 13.140 Thread 0x00000145ebe4b640 Exception <a 'java/lang/NoSuchMethodError'{0x000000008bce6e90}: 'void java.lang.invoke.DirectMethodHandle$Holder.invokeVirtual(java.lang.Object, java.lang.Object)'> (0x000000008bce6e90) 
thrown [s\src\hotspot\share\interpreter\linkResolver.cpp, line 771]
Event: 13.141 Thread 0x00000145eeb35c10 Exception <a 'java/lang/NoSuchMethodError'{0x000000008bb0d670}: 'void java.lang.invoke.DirectMethodHandle$Holder.invokeVirtual(java.lang.Object, java.lang.Object)'> (0x000000008bb0d670) 
thrown [s\src\hotspot\share\interpreter\linkResolver.cpp, line 771]
Event: 13.713 Thread 0x00000145eddceb90 Exception <a 'java/lang/NoSuchMethodError'{0x000000008c357a48}: static Lcom/android/build/gradle/internal/tasks/AarMetadataArtifact;.<clinit>()V> (0x000000008c357a48) 
thrown [s\src\hotspot\share\prims\jni.cpp, line 1108]
Event: 13.758 Thread 0x00000145eba796f0 Exception <a 'java/lang/NoSuchMethodError'{0x000000008bf429e0}: 'java.lang.Object java.lang.invoke.DirectMethodHandle$Holder.invokeSpecial(java.lang.Object, java.lang.Object, long, java.lang.Object, java.lang.Object, java.lang.Object, java.lang.Object, java.lang.Object, java.lang.Object, java.lang.Object, java.lang.Object, java.lang.Object)'> (0x000000008bf429e0) 
thrown [s\src\hotspot\share\interpreter\linkResolver.cpp, line 771]
Event: 13.759 Thread 0x00000145eba796f0 Exception <a 'java/lang/NoSuchMethodError'{0x000000008bf47488}: 'java.lang.Object java.lang.invoke.DelegatingMethodHandle$Holder.reinvoke_L(java.lang.Object, long, java.lang.Object, java.lang.Object, java.lang.Object, java.lang.Object, java.lang.Object, java.lang.Object, java.lang.Object, java.lang.Object, java.lang.Object)'> (0x000000008bf47488) 
thrown [s\src\hotspot\share\interpreter\linkResolver.cpp, line 771]
Event: 13.767 Thread 0x00000145eba796f0 Exception <a 'java/lang/NoSuchMethodError'{0x000000008be08858}: 'java.lang.Object java.lang.invoke.Invokers$Holder.linkToTargetMethod(java.lang.Object, java.lang.Object, java.lang.Object, java.lang.Object, java.lang.Object, java.lang.Object, java.lang.Object, java.lang.Object, java.lang.Object, java.lang.Object)'> (0x000000008be08858) 
thrown [s\src\hotspot\share\interpreter\linkResolver.cpp, line 771]
Event: 13.855 Thread 0x00000145e807d9a0 Exception <a 'java/lang/NoSuchMethodError'{0x000000008aaa0e50}: static Lorg/gradle/internal/build/event/types/DefaultTaskFailureResult;.<clinit>()V> (0x000000008aaa0e50) 
thrown [s\src\hotspot\share\prims\jni.cpp, line 1108]
Event: 13.860 Thread 0x00000145e807d9a0 Exception <a 'java/lang/NoSuchMethodError'{0x000000008a936a20}: static [Ljava/lang/Object;.<clinit>()V> (0x000000008a936a20) 
thrown [s\src\hotspot\share\prims\jni.cpp, line 1108]
Event: 13.862 Thread 0x00000145e807d9a0 Exception <a 'java/lang/NoSuchMethodError'{0x000000008a9c9058}: static Lorg/gradle/internal/build/event/types/DefaultFailure;.<clinit>()V> (0x000000008a9c9058) 
thrown [s\src\hotspot\share\prims\jni.cpp, line 1108]
Event: 14.181 Thread 0x00000145eddceb90 Exception <a 'sun/nio/fs/WindowsException'{0x0000000088205340}> (0x0000000088205340) 
thrown [s\src\hotspot\share\prims\jni.cpp, line 517]
Event: 14.187 Thread 0x00000145eddceb90 Exception <a 'java/lang/NoSuchMethodError'{0x0000000088226928}: 'int java.lang.invoke.DirectMethodHandle$Holder.invokeSpecial(java.lang.Object, java.lang.Object, java.lang.Object, java.lang.Object, java.lang.Object)'> (0x0000000088226928) 
thrown [s\src\hotspot\share\interpreter\linkResolver.cpp, line 771]
Event: 14.637 Thread 0x00000145eb636130 Exception <a 'sun/nio/fs/WindowsException'{0x00000000889e2400}> (0x00000000889e2400) 
thrown [s\src\hotspot\share\prims\jni.cpp, line 517]
Event: 14.637 Thread 0x00000145edab71d0 Exception <a 'sun/nio/fs/WindowsException'{0x0000000088837940}> (0x0000000088837940) 
thrown [s\src\hotspot\share\prims\jni.cpp, line 517]
Event: 14.637 Thread 0x00000145ebe48620 Exception <a 'sun/nio/fs/WindowsException'{0x0000000088852298}> (0x0000000088852298) 
thrown [s\src\hotspot\share\prims\jni.cpp, line 517]

VM Operations (20 events):
Event: 14.223 Executing VM operation: G1CollectForAllocation done
Event: 14.236 Executing VM operation: G1CollectForAllocation
Event: 14.241 Executing VM operation: G1CollectForAllocation done
Event: 14.576 Executing VM operation: HandshakeAllThreads
Event: 14.577 Executing VM operation: HandshakeAllThreads done
Event: 14.578 Executing VM operation: HandshakeAllThreads
Event: 14.578 Executing VM operation: HandshakeAllThreads done
Event: 14.645 Executing VM operation: HandshakeAllThreads
Event: 14.645 Executing VM operation: HandshakeAllThreads done
Event: 14.674 Executing VM operation: ICBufferFull
Event: 14.674 Executing VM operation: ICBufferFull done
Event: 14.674 Executing VM operation: ICBufferFull
Event: 14.674 Executing VM operation: ICBufferFull done
Event: 14.674 Executing VM operation: ICBufferFull
Event: 14.674 Executing VM operation: ICBufferFull done
Event: 14.675 Executing VM operation: HandshakeAllThreads
Event: 14.675 Executing VM operation: HandshakeAllThreads done
Event: 14.675 Executing VM operation: HandshakeAllThreads
Event: 14.675 Executing VM operation: HandshakeAllThreads done
Event: 14.677 Executing VM operation: G1CollectForAllocation

Events (20 events):
Event: 13.844 loading class java/lang/Throwable$WrappedPrintWriter
Event: 13.845 loading class java/lang/Throwable$PrintStreamOrWriter
Event: 13.845 loading class java/lang/Throwable$PrintStreamOrWriter done
Event: 13.845 loading class java/lang/Throwable$WrappedPrintWriter done
Event: 13.954 loading class java/util/Comparators$NaturalOrderComparator
Event: 13.954 loading class java/util/Comparators$NaturalOrderComparator done
Event: 13.954 loading class java/util/stream/SortedOps$SizedRefSortingSink
Event: 13.954 loading class java/util/stream/SortedOps$SizedRefSortingSink done
Event: 14.574 loading class sun/nio/fs/Globs
Event: 14.574 loading class sun/nio/fs/Globs done
Event: 14.575 loading class java/util/regex/Pattern$SliceU
Event: 14.575 loading class java/util/regex/Pattern$SliceU done
Event: 14.575 loading class sun/nio/fs/WindowsFileSystem$2
Event: 14.575 loading class java/nio/file/PathMatcher
Event: 14.575 loading class java/nio/file/PathMatcher done
Event: 14.575 loading class sun/nio/fs/WindowsFileSystem$2 done
Event: 14.613 loading class java/util/zip/ZipInputStream
Event: 14.613 loading class java/util/zip/ZipInputStream done
Event: 14.662 loading class java/io/UTFDataFormatException
Event: 14.662 loading class java/io/UTFDataFormatException done


Dynamic libraries:
0x00007ff6cfae0000 - 0x00007ff6cfaea000 	D:\Android_Studio\jbr\bin\java.exe
0x00007ff9d3550000 - 0x00007ff9d3747000 	C:\WINDOWS\SYSTEM32\ntdll.dll
0x00007ff9d1c50000 - 0x00007ff9d1d0d000 	C:\WINDOWS\System32\KERNEL32.DLL
0x00007ff9d0ef0000 - 0x00007ff9d11e6000 	C:\WINDOWS\System32\KERNELBASE.dll
0x00007ff9d11f0000 - 0x00007ff9d12f0000 	C:\WINDOWS\System32\ucrtbase.dll
0x00007ff9a5a20000 - 0x00007ff9a5a3b000 	D:\Android_Studio\jbr\bin\VCRUNTIME140.dll
0x00007ff977680000 - 0x00007ff977697000 	D:\Android_Studio\jbr\bin\jli.dll
0x00007ff9d2600000 - 0x00007ff9d279e000 	C:\WINDOWS\System32\USER32.dll
0x00007ff9bad50000 - 0x00007ff9bafea000 	C:\WINDOWS\WinSxS\amd64_microsoft.windows.common-controls_6595b64144ccf1df_6.0.19041.3570_none_60bb2a3971f3e41a\COMCTL32.dll
0x00007ff9d0e70000 - 0x00007ff9d0e92000 	C:\WINDOWS\System32\win32u.dll
0x00007ff9d2490000 - 0x00007ff9d252e000 	C:\WINDOWS\System32\msvcrt.dll
0x00007ff9d2870000 - 0x00007ff9d289c000 	C:\WINDOWS\System32\GDI32.dll
0x00007ff9d0c30000 - 0x00007ff9d0d4a000 	C:\WINDOWS\System32\gdi32full.dll
0x00007ff9d12f0000 - 0x00007ff9d138d000 	C:\WINDOWS\System32\msvcp_win.dll
0x00007ff9d15d0000 - 0x00007ff9d1600000 	C:\WINDOWS\System32\IMM32.DLL
0x00007ff9be560000 - 0x00007ff9be56c000 	D:\Android_Studio\jbr\bin\vcruntime140_1.dll
0x00007ff9a5a40000 - 0x00007ff9a5acd000 	D:\Android_Studio\jbr\bin\msvcp140.dll
0x00007ff95d0b0000 - 0x00007ff95dd1e000 	D:\Android_Studio\jbr\bin\server\jvm.dll
0x00007ff9d16d0000 - 0x00007ff9d177e000 	C:\WINDOWS\System32\ADVAPI32.dll
0x00007ff9d1bb0000 - 0x00007ff9d1c4c000 	C:\WINDOWS\System32\sechost.dll
0x00007ff9d18c0000 - 0x00007ff9d19e6000 	C:\WINDOWS\System32\RPCRT4.dll
0x00007ff9cb2c0000 - 0x00007ff9cb2c9000 	C:\WINDOWS\SYSTEM32\WSOCK32.dll
0x00007ff9c7f60000 - 0x00007ff9c7f87000 	C:\WINDOWS\SYSTEM32\WINMM.dll
0x00007ff9c7f90000 - 0x00007ff9c7f9a000 	C:\WINDOWS\SYSTEM32\VERSION.dll
0x00007ff9d1e30000 - 0x00007ff9d1e9b000 	C:\WINDOWS\System32\WS2_32.dll
0x00007ff9cf480000 - 0x00007ff9cf492000 	C:\WINDOWS\SYSTEM32\kernel.appcore.dll
0x00007ff9cb2b0000 - 0x00007ff9cb2ba000 	D:\Android_Studio\jbr\bin\jimage.dll
0x00007ff9ce950000 - 0x00007ff9ceb34000 	C:\WINDOWS\SYSTEM32\DBGHELP.DLL
0x00007ff9b7230000 - 0x00007ff9b7264000 	C:\WINDOWS\SYSTEM32\dbgcore.DLL
0x00007ff9d1390000 - 0x00007ff9d1412000 	C:\WINDOWS\System32\bcryptPrimitives.dll
0x00007ff9b23f0000 - 0x00007ff9b2415000 	D:\Android_Studio\jbr\bin\java.dll
0x00007ff9b0a10000 - 0x00007ff9b0a28000 	D:\Android_Studio\jbr\bin\zip.dll
0x00007ff9d28a0000 - 0x00007ff9d2fe4000 	C:\WINDOWS\System32\SHELL32.dll
0x00007ff9cebe0000 - 0x00007ff9cf37b000 	C:\WINDOWS\SYSTEM32\windows.storage.dll
0x00007ff9d2130000 - 0x00007ff9d2484000 	C:\WINDOWS\System32\combase.dll
0x00007ff9d05a0000 - 0x00007ff9d05cd000 	C:\WINDOWS\SYSTEM32\Wldp.dll
0x00007ff9d3460000 - 0x00007ff9d350d000 	C:\WINDOWS\System32\SHCORE.dll
0x00007ff9d1800000 - 0x00007ff9d1855000 	C:\WINDOWS\System32\shlwapi.dll
0x00007ff9d0b60000 - 0x00007ff9d0b85000 	C:\WINDOWS\SYSTEM32\profapi.dll
0x00007ff9ac5f0000 - 0x00007ff9ac609000 	D:\Android_Studio\jbr\bin\net.dll
0x00007ff9c9c60000 - 0x00007ff9c9d6a000 	C:\WINDOWS\SYSTEM32\WINHTTP.dll
0x00007ff9d0300000 - 0x00007ff9d036a000 	C:\WINDOWS\system32\mswsock.dll
0x00007ff9776a0000 - 0x00007ff9776b6000 	D:\Android_Studio\jbr\bin\nio.dll
0x00007ff9c5950000 - 0x00007ff9c5960000 	D:\Android_Studio\jbr\bin\verify.dll
0x00007ff9bc310000 - 0x00007ff9bc337000 	C:\Users\lukak\.gradle\native\68d5fa5c4cc2d200863cafc0d521ce42e7d3e7ee720ec0a83991735586a16f82\windows-amd64\native-platform.dll
0x00007ff9ab330000 - 0x00007ff9ab474000 	C:\Users\lukak\.gradle\native\e376f236ea51e6404a007f0833ffe2c6e607c4080706a723a18a27aeea778392\windows-amd64\native-platform-file-events.dll
0x00007ff9b5760000 - 0x00007ff9b5769000 	D:\Android_Studio\jbr\bin\management.dll
0x00007ff9ac5e0000 - 0x00007ff9ac5eb000 	D:\Android_Studio\jbr\bin\management_ext.dll
0x00007ff9d1600000 - 0x00007ff9d1608000 	C:\WINDOWS\System32\PSAPI.DLL
0x00007ff9d0500000 - 0x00007ff9d0518000 	C:\WINDOWS\SYSTEM32\CRYPTSP.dll
0x00007ff9cfc10000 - 0x00007ff9cfc44000 	C:\WINDOWS\system32\rsaenh.dll
0x00007ff9d1580000 - 0x00007ff9d15a7000 	C:\WINDOWS\System32\bcrypt.dll
0x00007ff9d0ae0000 - 0x00007ff9d0b0e000 	C:\WINDOWS\SYSTEM32\USERENV.dll
0x00007ff9d04f0000 - 0x00007ff9d04fc000 	C:\WINDOWS\SYSTEM32\CRYPTBASE.dll
0x00007ff9cfff0000 - 0x00007ff9d002b000 	C:\WINDOWS\SYSTEM32\IPHLPAPI.DLL
0x00007ff9d16c0000 - 0x00007ff9d16c8000 	C:\WINDOWS\System32\NSI.dll
0x00007ff9ca860000 - 0x00007ff9ca877000 	C:\WINDOWS\SYSTEM32\dhcpcsvc6.DLL
0x00007ff9ca840000 - 0x00007ff9ca85d000 	C:\WINDOWS\SYSTEM32\dhcpcsvc.DLL
0x00007ff9d0030000 - 0x00007ff9d00fa000 	C:\WINDOWS\SYSTEM32\DNSAPI.dll
0x00007ff9cdf20000 - 0x00007ff9cdf27000 	C:\WINDOWS\system32\wshunix.dll
0x00007ff996850000 - 0x00007ff996867000 	C:\WINDOWS\system32\napinsp.dll
0x00007ff996830000 - 0x00007ff99684b000 	C:\WINDOWS\system32\pnrpnsp.dll
0x00007ff9b4c80000 - 0x00007ff9b4c95000 	C:\WINDOWS\system32\wshbth.dll
0x00007ff9cc1c0000 - 0x00007ff9cc1dd000 	C:\WINDOWS\system32\NLAapi.dll
0x00007ff996810000 - 0x00007ff996822000 	C:\WINDOWS\System32\winrnr.dll
0x00007ff9c8350000 - 0x00007ff9c835a000 	C:\Windows\System32\rasadhlp.dll
0x00007ff9c7e70000 - 0x00007ff9c7ef2000 	C:\WINDOWS\System32\fwpuclnt.dll

dbghelp: loaded successfully - version: 4.0.5 - missing functions: none
symbol engine: initialized successfully - sym options: 0x614 - pdb path: .;D:\Android_Studio\jbr\bin;C:\WINDOWS\SYSTEM32;C:\WINDOWS\WinSxS\amd64_microsoft.windows.common-controls_6595b64144ccf1df_6.0.19041.3570_none_60bb2a3971f3e41a;D:\Android_Studio\jbr\bin\server;C:\Users\lukak\.gradle\native\68d5fa5c4cc2d200863cafc0d521ce42e7d3e7ee720ec0a83991735586a16f82\windows-amd64;C:\Users\lukak\.gradle\native\e376f236ea51e6404a007f0833ffe2c6e607c4080706a723a18a27aeea778392\windows-amd64

VM Arguments:
jvm_args: --add-opens=java.base/java.util=ALL-UNNAMED --add-opens=java.base/java.lang=ALL-UNNAMED --add-opens=java.base/java.lang.invoke=ALL-UNNAMED --add-opens=java.prefs/java.util.prefs=ALL-UNNAMED --add-opens=java.base/java.nio.charset=ALL-UNNAMED --add-opens=java.base/java.net=ALL-UNNAMED --add-opens=java.base/java.util.concurrent.atomic=ALL-UNNAMED -Xmx2048m -Dfile.encoding=UTF-8 -Duser.country=AR -Duser.language=es -Duser.variant 
java_command: org.gradle.launcher.daemon.bootstrap.GradleDaemon 8.0
java_class_path (initial): C:\Users\lukak\.gradle\wrapper\dists\gradle-8.0-bin\ca5e32bp14vu59qr306oxotwh\gradle-8.0\lib\gradle-launcher-8.0.jar
Launcher Type: SUN_STANDARD

[Global flags]
     intx CICompilerCount                          = 4                                         {product} {ergonomic}
     uint ConcGCThreads                            = 2                                         {product} {ergonomic}
     uint G1ConcRefinementThreads                  = 8                                         {product} {ergonomic}
   size_t G1HeapRegionSize                         = 1048576                                   {product} {ergonomic}
    uintx GCDrainStackTargetSize                   = 64                                        {product} {ergonomic}
   size_t InitialHeapSize                          = 234881024                                 {product} {ergonomic}
   size_t MarkStackSize                            = 4194304                                   {product} {ergonomic}
   size_t MaxHeapSize                              = 2147483648                                {product} {command line}
   size_t MaxNewSize                               = 1287651328                                {product} {ergonomic}
   size_t MinHeapDeltaBytes                        = 1048576                                   {product} {ergonomic}
   size_t MinHeapSize                              = 8388608                                   {product} {ergonomic}
    uintx NonNMethodCodeHeapSize                   = 5839372                                {pd product} {ergonomic}
    uintx NonProfiledCodeHeapSize                  = 122909434                              {pd product} {ergonomic}
    uintx ProfiledCodeHeapSize                     = 122909434                              {pd product} {ergonomic}
    uintx ReservedCodeCacheSize                    = 251658240                              {pd product} {ergonomic}
     bool SegmentedCodeCache                       = true                                      {product} {ergonomic}
   size_t SoftMaxHeapSize                          = 2147483648                             {manageable} {ergonomic}
     bool UseCompressedClassPointers               = true                           {product lp64_product} {ergonomic}
     bool UseCompressedOops                        = true                           {product lp64_product} {ergonomic}
     bool UseG1GC                                  = true                                      {product} {ergonomic}
     bool UseLargePagesIndividualAllocation        = false                                  {pd product} {ergonomic}

Logging:
Log output configuration:
 #0: stdout all=warning uptime,level,tags
 #1: stderr all=off uptime,level,tags

Environment Variables:
PATH=C:\Program Files (x86)\Common Files\Oracle\Java\javapath;C:\WINDOWS\system32;C:\WINDOWS;C:\WINDOWS\System32\Wbem;C:\WINDOWS\System32\WindowsPowerShell\v1.0\;C:\WINDOWS\System32\OpenSSH\;C:\Program Files\dotnet\;C:\Program Files\Git\cmd;C:\Users\lukak\AppData\Local\Microsoft\WindowsApps;C:\Users\lukak\AppData\Local\GitHubDesktop\bin
USERNAME=lukak
OS=Windows_NT
PROCESSOR_IDENTIFIER=AMD64 Family 23 Model 24 Stepping 1, AuthenticAMD
TMP=C:\Users\lukak\AppData\Local\Temp
TEMP=C:\Users\lukak\AppData\Local\Temp


JNI global refs:
JNI global refs: 26, weak refs: 5

JNI global refs memory usage: 843, weak refs: 841


---------------  S Y S T E M  ---------------

OS:
 Windows 10 , 64 bit Build 19041 (10.0.19041.3570)
OS uptime: 0 days 3:30 hours

CPU: total 8 (initial active 8) (8 cores per cpu, 2 threads per core) family 23 model 24 stepping 1 microcode 0x0, cx8, cmov, fxsr, ht, mmx, 3dnowpref, sse, sse2, sse3, ssse3, sse4a, sse4.1, sse4.2, popcnt, lzcnt, tsc, tscinvbit, avx, avx2, aes, clmul, bmi1, bmi2, adx, sha, fma, vzeroupper, clflush, clflushopt

Memory: 4k page, system-wide physical 14284M (2076M free)
TotalPageFile size 16332M (AvailPageFile size 72M)
current process WorkingSet (physical memory assigned to process): 473M, peak: 484M
current process commit charge ("private bytes"): 538M, peak: 747M

vm_info: OpenJDK 64-Bit Server VM (17.0.6+0-b2043.56-10027231) for windows-amd64 JRE (17.0.6+0-b2043.56-10027231), built on Apr 28 2023 00:43:19 by "androidbuild" with MS VC++ 16.10 / 16.11 (VS2019)

END.
